{"C:\\Users\\squid\\Desktop\\Suli\\13. Osztály\\Vizsgaremek\\users\\app.js": {"path":"C:\\Users\\squid\\Desktop\\Suli\\13. Osztály\\Vizsgaremek\\users\\app.js","statementMap":{"0":{"start":{"line":1,"column":16},"end":{"line":1,"column":34}},"1":{"start":{"line":2,"column":13},"end":{"line":2,"column":28}},"2":{"start":{"line":3,"column":21},"end":{"line":3,"column":45}},"3":{"start":{"line":5,"column":12},"end":{"line":5,"column":21}},"4":{"start":{"line":6,"column":12},"end":{"line":6,"column":21}},"5":{"start":{"line":8,"column":0},"end":{"line":8,"column":65}},"6":{"start":{"line":9,"column":0},"end":{"line":9,"column":24}},"7":{"start":{"line":10,"column":0},"end":{"line":10,"column":48}},"8":{"start":{"line":11,"column":0},"end":{"line":11,"column":24}},"9":{"start":{"line":13,"column":19},"end":{"line":13,"column":53}},"10":{"start":{"line":14,"column":19},"end":{"line":14,"column":53}},"11":{"start":{"line":15,"column":20},"end":{"line":15,"column":55}},"12":{"start":{"line":16,"column":21},"end":{"line":16,"column":62}},"13":{"start":{"line":18,"column":0},"end":{"line":18,"column":21}},"14":{"start":{"line":20,"column":0},"end":{"line":20,"column":30}},"15":{"start":{"line":21,"column":0},"end":{"line":21,"column":29}},"16":{"start":{"line":22,"column":0},"end":{"line":22,"column":31}},"17":{"start":{"line":24,"column":0},"end":{"line":24,"column":54}},"18":{"start":{"line":24,"column":33},"end":{"line":24,"column":52}},"19":{"start":{"line":26,"column":0},"end":{"line":26,"column":32}},"20":{"start":{"line":28,"column":0},"end":{"line":28,"column":21}}},"fnMap":{"0":{"name":"(anonymous_0)","decl":{"start":{"line":24,"column":19},"end":{"line":24,"column":20}},"loc":{"start":{"line":24,"column":33},"end":{"line":24,"column":52}},"line":24}},"branchMap":{},"s":{"0":1,"1":1,"2":1,"3":1,"4":1,"5":1,"6":1,"7":1,"8":1,"9":1,"10":1,"11":1,"12":1,"13":1,"14":1,"15":1,"16":1,"17":1,"18":0,"19":1,"20":1},"f":{"0":0},"b":{},"_coverageSchema":"1a1c01bbd47fc00a2c39e90264f33305004495a9","hash":"f6859a93ffa573ebc3235f6edcacbd641f30d768"}
,"C:\\Users\\squid\\Desktop\\Suli\\13. Osztály\\Vizsgaremek\\users\\api\\controllers\\authController.js": {"path":"C:\\Users\\squid\\Desktop\\Suli\\13. Osztály\\Vizsgaremek\\users\\api\\controllers\\authController.js","statementMap":{"0":{"start":{"line":1,"column":15},"end":{"line":1,"column":32}},"1":{"start":{"line":3,"column":11},"end":{"line":3,"column":27}},"2":{"start":{"line":5,"column":24},"end":{"line":5,"column":50}},"3":{"start":{"line":7,"column":18},"end":{"line":7,"column":51}},"4":{"start":{"line":9,"column":0},"end":{"line":36,"column":2}},"5":{"start":{"line":10,"column":33},"end":{"line":10,"column":41}},"6":{"start":{"line":12,"column":4},"end":{"line":14,"column":5}},"7":{"start":{"line":13,"column":8},"end":{"line":13,"column":79}},"8":{"start":{"line":17,"column":4},"end":{"line":21,"column":5}},"9":{"start":{"line":18,"column":8},"end":{"line":18,"column":49}},"10":{"start":{"line":20,"column":8},"end":{"line":20,"column":74}},"11":{"start":{"line":23,"column":4},"end":{"line":25,"column":5}},"12":{"start":{"line":24,"column":8},"end":{"line":24,"column":79}},"13":{"start":{"line":27,"column":26},"end":{"line":27,"column":71}},"14":{"start":{"line":28,"column":4},"end":{"line":30,"column":5}},"15":{"start":{"line":29,"column":8},"end":{"line":29,"column":79}},"16":{"start":{"line":32,"column":18},"end":{"line":32,"column":51}},"17":{"start":{"line":33,"column":4},"end":{"line":33,"column":50}},"18":{"start":{"line":35,"column":4},"end":{"line":35,"column":43}},"19":{"start":{"line":38,"column":0},"end":{"line":68,"column":2}},"20":{"start":{"line":39,"column":33},"end":{"line":39,"column":41}},"21":{"start":{"line":41,"column":4},"end":{"line":43,"column":5}},"22":{"start":{"line":42,"column":8},"end":{"line":42,"column":79}},"23":{"start":{"line":46,"column":4},"end":{"line":50,"column":5}},"24":{"start":{"line":47,"column":8},"end":{"line":47,"column":49}},"25":{"start":{"line":49,"column":8},"end":{"line":49,"column":74}},"26":{"start":{"line":52,"column":4},"end":{"line":54,"column":5}},"27":{"start":{"line":53,"column":8},"end":{"line":53,"column":79}},"28":{"start":{"line":56,"column":26},"end":{"line":56,"column":71}},"29":{"start":{"line":57,"column":4},"end":{"line":59,"column":5}},"30":{"start":{"line":58,"column":8},"end":{"line":58,"column":79}},"31":{"start":{"line":61,"column":4},"end":{"line":63,"column":5}},"32":{"start":{"line":62,"column":8},"end":{"line":62,"column":64}},"33":{"start":{"line":65,"column":18},"end":{"line":65,"column":51}},"34":{"start":{"line":67,"column":4},"end":{"line":67,"column":43}},"35":{"start":{"line":71,"column":0},"end":{"line":74,"column":1}},"36":{"start":{"line":73,"column":4},"end":{"line":73,"column":35}},"37":{"start":{"line":76,"column":0},"end":{"line":81,"column":1}},"38":{"start":{"line":78,"column":4},"end":{"line":78,"column":34}},"39":{"start":{"line":80,"column":4},"end":{"line":80,"column":24}}},"fnMap":{"0":{"name":"(anonymous_0)","decl":{"start":{"line":9,"column":16},"end":{"line":9,"column":17}},"loc":{"start":{"line":9,"column":36},"end":{"line":36,"column":1}},"line":9},"1":{"name":"(anonymous_1)","decl":{"start":{"line":38,"column":19},"end":{"line":38,"column":20}},"loc":{"start":{"line":38,"column":39},"end":{"line":68,"column":1}},"line":38},"2":{"name":"(anonymous_2)","decl":{"start":{"line":71,"column":17},"end":{"line":71,"column":18}},"loc":{"start":{"line":72,"column":0},"end":{"line":74,"column":1}},"line":72},"3":{"name":"(anonymous_3)","decl":{"start":{"line":76,"column":17},"end":{"line":76,"column":18}},"loc":{"start":{"line":77,"column":0},"end":{"line":81,"column":1}},"line":77}},"branchMap":{"0":{"loc":{"start":{"line":12,"column":4},"end":{"line":14,"column":5}},"type":"if","locations":[{"start":{"line":12,"column":4},"end":{"line":14,"column":5}},{"start":{},"end":{}}],"line":12},"1":{"loc":{"start":{"line":12,"column":8},"end":{"line":12,"column":28}},"type":"binary-expr","locations":[{"start":{"line":12,"column":8},"end":{"line":12,"column":15}},{"start":{"line":12,"column":19},"end":{"line":12,"column":28}}],"line":12},"2":{"loc":{"start":{"line":23,"column":4},"end":{"line":25,"column":5}},"type":"if","locations":[{"start":{"line":23,"column":4},"end":{"line":25,"column":5}},{"start":{},"end":{}}],"line":23},"3":{"loc":{"start":{"line":28,"column":4},"end":{"line":30,"column":5}},"type":"if","locations":[{"start":{"line":28,"column":4},"end":{"line":30,"column":5}},{"start":{},"end":{}}],"line":28},"4":{"loc":{"start":{"line":41,"column":4},"end":{"line":43,"column":5}},"type":"if","locations":[{"start":{"line":41,"column":4},"end":{"line":43,"column":5}},{"start":{},"end":{}}],"line":41},"5":{"loc":{"start":{"line":41,"column":8},"end":{"line":41,"column":28}},"type":"binary-expr","locations":[{"start":{"line":41,"column":8},"end":{"line":41,"column":15}},{"start":{"line":41,"column":19},"end":{"line":41,"column":28}}],"line":41},"6":{"loc":{"start":{"line":52,"column":4},"end":{"line":54,"column":5}},"type":"if","locations":[{"start":{"line":52,"column":4},"end":{"line":54,"column":5}},{"start":{},"end":{}}],"line":52},"7":{"loc":{"start":{"line":57,"column":4},"end":{"line":59,"column":5}},"type":"if","locations":[{"start":{"line":57,"column":4},"end":{"line":59,"column":5}},{"start":{},"end":{}}],"line":57},"8":{"loc":{"start":{"line":61,"column":4},"end":{"line":63,"column":5}},"type":"if","locations":[{"start":{"line":61,"column":4},"end":{"line":63,"column":5}},{"start":{},"end":{}}],"line":61}},"s":{"0":1,"1":1,"2":1,"3":1,"4":1,"5":3,"6":3,"7":1,"8":2,"9":2,"10":0,"11":2,"12":0,"13":2,"14":2,"15":1,"16":1,"17":1,"18":1,"19":1,"20":0,"21":0,"22":0,"23":0,"24":0,"25":0,"26":0,"27":0,"28":0,"29":0,"30":0,"31":0,"32":0,"33":0,"34":0,"35":1,"36":0,"37":1,"38":0,"39":0},"f":{"0":3,"1":0,"2":0,"3":0},"b":{"0":[1,2],"1":[3,2],"2":[0,2],"3":[1,1],"4":[0,0],"5":[0,0],"6":[0,0],"7":[0,0],"8":[0,0]},"_coverageSchema":"1a1c01bbd47fc00a2c39e90264f33305004495a9","hash":"92b98fbbab45f695c61139418c1d2f81497b85d6"}
,"C:\\Users\\squid\\Desktop\\Suli\\13. Osztály\\Vizsgaremek\\users\\api\\controllers\\scoreController.js": {"path":"C:\\Users\\squid\\Desktop\\Suli\\13. Osztály\\Vizsgaremek\\users\\api\\controllers\\scoreController.js","statementMap":{"0":{"start":{"line":1,"column":11},"end":{"line":1,"column":27}},"1":{"start":{"line":2,"column":21},"end":{"line":2,"column":56}},"2":{"start":{"line":3,"column":21},"end":{"line":3,"column":41}},"3":{"start":{"line":5,"column":0},"end":{"line":12,"column":2}},"4":{"start":{"line":6,"column":4},"end":{"line":11,"column":5}},"5":{"start":{"line":7,"column":23},"end":{"line":7,"column":53}},"6":{"start":{"line":8,"column":8},"end":{"line":8,"column":37}},"7":{"start":{"line":10,"column":8},"end":{"line":10,"column":20}},"8":{"start":{"line":14,"column":0},"end":{"line":22,"column":2}},"9":{"start":{"line":15,"column":20},"end":{"line":15,"column":31}},"10":{"start":{"line":16,"column":4},"end":{"line":21,"column":5}},"11":{"start":{"line":17,"column":22},"end":{"line":17,"column":58}},"12":{"start":{"line":18,"column":8},"end":{"line":18,"column":36}},"13":{"start":{"line":20,"column":8},"end":{"line":20,"column":20}},"14":{"start":{"line":24,"column":0},"end":{"line":32,"column":2}},"15":{"start":{"line":25,"column":21},"end":{"line":25,"column":33}},"16":{"start":{"line":26,"column":5},"end":{"line":31,"column":5}},"17":{"start":{"line":27,"column":23},"end":{"line":27,"column":67}},"18":{"start":{"line":28,"column":8},"end":{"line":28,"column":37}},"19":{"start":{"line":30,"column":8},"end":{"line":30,"column":20}},"20":{"start":{"line":34,"column":0},"end":{"line":42,"column":2}},"21":{"start":{"line":35,"column":23},"end":{"line":35,"column":37}},"22":{"start":{"line":36,"column":4},"end":{"line":41,"column":5}},"23":{"start":{"line":37,"column":27},"end":{"line":37,"column":77}},"24":{"start":{"line":38,"column":8},"end":{"line":38,"column":41}},"25":{"start":{"line":40,"column":8},"end":{"line":40,"column":20}},"26":{"start":{"line":44,"column":0},"end":{"line":52,"column":2}},"27":{"start":{"line":45,"column":23},"end":{"line":45,"column":44}},"28":{"start":{"line":46,"column":4},"end":{"line":51,"column":5}},"29":{"start":{"line":47,"column":26},"end":{"line":47,"column":72}},"30":{"start":{"line":48,"column":8},"end":{"line":48,"column":40}},"31":{"start":{"line":50,"column":8},"end":{"line":50,"column":20}},"32":{"start":{"line":54,"column":0},"end":{"line":62,"column":2}},"33":{"start":{"line":55,"column":40},"end":{"line":55,"column":54}},"34":{"start":{"line":56,"column":4},"end":{"line":61,"column":5}},"35":{"start":{"line":57,"column":25},"end":{"line":57,"column":84}},"36":{"start":{"line":58,"column":8},"end":{"line":58,"column":39}},"37":{"start":{"line":60,"column":8},"end":{"line":60,"column":20}},"38":{"start":{"line":64,"column":0},"end":{"line":73,"column":2}},"39":{"start":{"line":65,"column":20},"end":{"line":65,"column":46}},"40":{"start":{"line":66,"column":40},"end":{"line":66,"column":54}},"41":{"start":{"line":67,"column":4},"end":{"line":72,"column":5}},"42":{"start":{"line":68,"column":29},"end":{"line":68,"column":97}},"43":{"start":{"line":69,"column":8},"end":{"line":69,"column":43}},"44":{"start":{"line":71,"column":8},"end":{"line":71,"column":20}},"45":{"start":{"line":75,"column":0},"end":{"line":83,"column":2}},"46":{"start":{"line":76,"column":20},"end":{"line":76,"column":31}},"47":{"start":{"line":77,"column":4},"end":{"line":82,"column":5}},"48":{"start":{"line":78,"column":23},"end":{"line":78,"column":62}},"49":{"start":{"line":79,"column":8},"end":{"line":79,"column":37}},"50":{"start":{"line":81,"column":8},"end":{"line":81,"column":20}}},"fnMap":{"0":{"name":"(anonymous_0)","decl":{"start":{"line":5,"column":20},"end":{"line":5,"column":21}},"loc":{"start":{"line":5,"column":46},"end":{"line":12,"column":1}},"line":5},"1":{"name":"(anonymous_1)","decl":{"start":{"line":14,"column":19},"end":{"line":14,"column":20}},"loc":{"start":{"line":14,"column":45},"end":{"line":22,"column":1}},"line":14},"2":{"name":"(anonymous_2)","decl":{"start":{"line":24,"column":26},"end":{"line":24,"column":27}},"loc":{"start":{"line":24,"column":52},"end":{"line":32,"column":1}},"line":24},"3":{"name":"(anonymous_3)","decl":{"start":{"line":34,"column":30},"end":{"line":34,"column":31}},"loc":{"start":{"line":34,"column":56},"end":{"line":42,"column":1}},"line":34},"4":{"name":"(anonymous_4)","decl":{"start":{"line":44,"column":26},"end":{"line":44,"column":27}},"loc":{"start":{"line":44,"column":52},"end":{"line":52,"column":1}},"line":44},"5":{"name":"(anonymous_5)","decl":{"start":{"line":54,"column":22},"end":{"line":54,"column":23}},"loc":{"start":{"line":54,"column":48},"end":{"line":62,"column":1}},"line":54},"6":{"name":"(anonymous_6)","decl":{"start":{"line":64,"column":22},"end":{"line":64,"column":23}},"loc":{"start":{"line":64,"column":48},"end":{"line":73,"column":1}},"line":64},"7":{"name":"(anonymous_7)","decl":{"start":{"line":75,"column":22},"end":{"line":75,"column":23}},"loc":{"start":{"line":75,"column":48},"end":{"line":83,"column":1}},"line":75}},"branchMap":{"0":{"loc":{"start":{"line":55,"column":40},"end":{"line":55,"column":54}},"type":"binary-expr","locations":[{"start":{"line":55,"column":40},"end":{"line":55,"column":48}},{"start":{"line":55,"column":52},"end":{"line":55,"column":54}}],"line":55},"1":{"loc":{"start":{"line":65,"column":20},"end":{"line":65,"column":46}},"type":"binary-expr","locations":[{"start":{"line":65,"column":20},"end":{"line":65,"column":31}},{"start":{"line":65,"column":35},"end":{"line":65,"column":46}}],"line":65},"2":{"loc":{"start":{"line":66,"column":40},"end":{"line":66,"column":54}},"type":"binary-expr","locations":[{"start":{"line":66,"column":40},"end":{"line":66,"column":48}},{"start":{"line":66,"column":52},"end":{"line":66,"column":54}}],"line":66}},"s":{"0":1,"1":1,"2":1,"3":1,"4":1,"5":1,"6":1,"7":0,"8":1,"9":0,"10":0,"11":0,"12":0,"13":0,"14":1,"15":1,"16":1,"17":1,"18":1,"19":0,"20":1,"21":1,"22":1,"23":1,"24":1,"25":0,"26":1,"27":0,"28":0,"29":0,"30":0,"31":0,"32":1,"33":2,"34":2,"35":2,"36":1,"37":1,"38":1,"39":1,"40":1,"41":1,"42":1,"43":1,"44":0,"45":1,"46":1,"47":1,"48":1,"49":1,"50":0},"f":{"0":1,"1":0,"2":1,"3":1,"4":0,"5":2,"6":1,"7":1},"b":{"0":[2,0],"1":[1,0],"2":[1,0]},"_coverageSchema":"1a1c01bbd47fc00a2c39e90264f33305004495a9","hash":"9b06378619da80fa3063b516671e51e29fceb276"}
,"C:\\Users\\squid\\Desktop\\Suli\\13. Osztály\\Vizsgaremek\\users\\api\\controllers\\userController.js": {"path":"C:\\Users\\squid\\Desktop\\Suli\\13. Osztály\\Vizsgaremek\\users\\api\\controllers\\userController.js","statementMap":{"0":{"start":{"line":1,"column":11},"end":{"line":1,"column":27}},"1":{"start":{"line":2,"column":12},"end":{"line":2,"column":35}},"2":{"start":{"line":3,"column":20},"end":{"line":3,"column":60}},"3":{"start":{"line":5,"column":24},"end":{"line":5,"column":50}},"4":{"start":{"line":7,"column":0},"end":{"line":17,"column":1}},"5":{"start":{"line":9,"column":4},"end":{"line":16,"column":5}},"6":{"start":{"line":11,"column":8},"end":{"line":11,"column":59}},"7":{"start":{"line":15,"column":8},"end":{"line":15,"column":20}},"8":{"start":{"line":19,"column":0},"end":{"line":29,"column":1}},"9":{"start":{"line":21,"column":4},"end":{"line":28,"column":5}},"10":{"start":{"line":23,"column":8},"end":{"line":23,"column":71}},"11":{"start":{"line":27,"column":8},"end":{"line":27,"column":20}},"12":{"start":{"line":31,"column":0},"end":{"line":51,"column":2}},"13":{"start":{"line":32,"column":26},"end":{"line":32,"column":34}},"14":{"start":{"line":34,"column":4},"end":{"line":36,"column":5}},"15":{"start":{"line":35,"column":8},"end":{"line":35,"column":70}},"16":{"start":{"line":38,"column":4},"end":{"line":50,"column":5}},"17":{"start":{"line":40,"column":21},"end":{"line":40,"column":68}},"18":{"start":{"line":41,"column":8},"end":{"line":41,"column":42}},"19":{"start":{"line":45,"column":8},"end":{"line":45,"column":53}},"20":{"start":{"line":46,"column":8},"end":{"line":48,"column":9}},"21":{"start":{"line":47,"column":8},"end":{"line":47,"column":67}},"22":{"start":{"line":49,"column":8},"end":{"line":49,"column":74}},"23":{"start":{"line":53,"column":0},"end":{"line":65,"column":1}},"24":{"start":{"line":55,"column":42},"end":{"line":55,"column":56}},"25":{"start":{"line":57,"column":4},"end":{"line":64,"column":5}},"26":{"start":{"line":59,"column":8},"end":{"line":59,"column":96}},"27":{"start":{"line":63,"column":8},"end":{"line":63,"column":20}},"28":{"start":{"line":68,"column":0},"end":{"line":84,"column":2}},"29":{"start":{"line":69,"column":19},"end":{"line":69,"column":29}},"30":{"start":{"line":70,"column":51},"end":{"line":70,"column":65}},"31":{"start":{"line":72,"column":4},"end":{"line":83,"column":5}},"32":{"start":{"line":73,"column":28},"end":{"line":78,"column":10}},"33":{"start":{"line":80,"column":8},"end":{"line":80,"column":42}},"34":{"start":{"line":82,"column":8},"end":{"line":82,"column":20}},"35":{"start":{"line":85,"column":0},"end":{"line":99,"column":2}},"36":{"start":{"line":86,"column":4},"end":{"line":86,"column":39}},"37":{"start":{"line":88,"column":19},"end":{"line":88,"column":34}},"38":{"start":{"line":89,"column":4},"end":{"line":89,"column":47}},"39":{"start":{"line":91,"column":25},"end":{"line":91,"column":39}},"40":{"start":{"line":93,"column":4},"end":{"line":98,"column":5}},"41":{"start":{"line":94,"column":32},"end":{"line":94,"column":82}},"42":{"start":{"line":95,"column":8},"end":{"line":95,"column":46}},"43":{"start":{"line":97,"column":8},"end":{"line":97,"column":20}},"44":{"start":{"line":101,"column":0},"end":{"line":115,"column":2}},"45":{"start":{"line":102,"column":4},"end":{"line":102,"column":39}},"46":{"start":{"line":104,"column":19},"end":{"line":104,"column":34}},"47":{"start":{"line":105,"column":4},"end":{"line":105,"column":47}},"48":{"start":{"line":107,"column":21},"end":{"line":107,"column":35}},"49":{"start":{"line":109,"column":4},"end":{"line":114,"column":5}},"50":{"start":{"line":110,"column":32},"end":{"line":110,"column":78}},"51":{"start":{"line":111,"column":8},"end":{"line":111,"column":46}},"52":{"start":{"line":113,"column":8},"end":{"line":113,"column":20}},"53":{"start":{"line":117,"column":0},"end":{"line":126,"column":1}},"54":{"start":{"line":118,"column":19},"end":{"line":118,"column":36}},"55":{"start":{"line":119,"column":4},"end":{"line":119,"column":46}},"56":{"start":{"line":120,"column":4},"end":{"line":125,"column":5}},"57":{"start":{"line":121,"column":27},"end":{"line":121,"column":63}},"58":{"start":{"line":122,"column":8},"end":{"line":122,"column":41}},"59":{"start":{"line":124,"column":8},"end":{"line":124,"column":19}},"60":{"start":{"line":128,"column":0},"end":{"line":141,"column":2}},"61":{"start":{"line":129,"column":32},"end":{"line":129,"column":46}},"62":{"start":{"line":131,"column":4},"end":{"line":140,"column":5}},"63":{"start":{"line":132,"column":8},"end":{"line":132,"column":67}},"64":{"start":{"line":132,"column":20},"end":{"line":132,"column":67}},"65":{"start":{"line":133,"column":8},"end":{"line":133,"column":73}},"66":{"start":{"line":133,"column":23},"end":{"line":133,"column":73}},"67":{"start":{"line":135,"column":8},"end":{"line":135,"column":64}},"68":{"start":{"line":137,"column":8},"end":{"line":137,"column":48}},"69":{"start":{"line":139,"column":8},"end":{"line":139,"column":20}}},"fnMap":{"0":{"name":"(anonymous_0)","decl":{"start":{"line":7,"column":19},"end":{"line":7,"column":20}},"loc":{"start":{"line":8,"column":0},"end":{"line":17,"column":1}},"line":8},"1":{"name":"(anonymous_1)","decl":{"start":{"line":19,"column":31},"end":{"line":19,"column":32}},"loc":{"start":{"line":20,"column":0},"end":{"line":29,"column":1}},"line":20},"2":{"name":"(anonymous_2)","decl":{"start":{"line":31,"column":18},"end":{"line":31,"column":19}},"loc":{"start":{"line":31,"column":38},"end":{"line":51,"column":1}},"line":31},"3":{"name":"(anonymous_3)","decl":{"start":{"line":53,"column":21},"end":{"line":53,"column":22}},"loc":{"start":{"line":54,"column":0},"end":{"line":65,"column":1}},"line":54},"4":{"name":"(anonymous_4)","decl":{"start":{"line":68,"column":21},"end":{"line":68,"column":22}},"loc":{"start":{"line":68,"column":47},"end":{"line":84,"column":1}},"line":68},"5":{"name":"(anonymous_5)","decl":{"start":{"line":85,"column":25},"end":{"line":85,"column":26}},"loc":{"start":{"line":85,"column":51},"end":{"line":99,"column":1}},"line":85},"6":{"name":"(anonymous_6)","decl":{"start":{"line":101,"column":25},"end":{"line":101,"column":26}},"loc":{"start":{"line":101,"column":51},"end":{"line":115,"column":1}},"line":101},"7":{"name":"(anonymous_7)","decl":{"start":{"line":117,"column":19},"end":{"line":117,"column":20}},"loc":{"start":{"line":117,"column":41},"end":{"line":126,"column":1}},"line":117},"8":{"name":"(anonymous_8)","decl":{"start":{"line":128,"column":31},"end":{"line":128,"column":32}},"loc":{"start":{"line":128,"column":57},"end":{"line":141,"column":1}},"line":128}},"branchMap":{"0":{"loc":{"start":{"line":34,"column":4},"end":{"line":36,"column":5}},"type":"if","locations":[{"start":{"line":34,"column":4},"end":{"line":36,"column":5}},{"start":{},"end":{}}],"line":34},"1":{"loc":{"start":{"line":34,"column":8},"end":{"line":34,"column":47}},"type":"binary-expr","locations":[{"start":{"line":34,"column":8},"end":{"line":34,"column":22}},{"start":{"line":34,"column":26},"end":{"line":34,"column":47}}],"line":34},"2":{"loc":{"start":{"line":46,"column":8},"end":{"line":48,"column":9}},"type":"if","locations":[{"start":{"line":46,"column":8},"end":{"line":48,"column":9}},{"start":{},"end":{}}],"line":46},"3":{"loc":{"start":{"line":55,"column":42},"end":{"line":55,"column":56}},"type":"binary-expr","locations":[{"start":{"line":55,"column":42},"end":{"line":55,"column":50}},{"start":{"line":55,"column":54},"end":{"line":55,"column":56}}],"line":55},"4":{"loc":{"start":{"line":70,"column":51},"end":{"line":70,"column":65}},"type":"binary-expr","locations":[{"start":{"line":70,"column":51},"end":{"line":70,"column":59}},{"start":{"line":70,"column":63},"end":{"line":70,"column":65}}],"line":70},"5":{"loc":{"start":{"line":91,"column":25},"end":{"line":91,"column":39}},"type":"binary-expr","locations":[{"start":{"line":91,"column":25},"end":{"line":91,"column":33}},{"start":{"line":91,"column":37},"end":{"line":91,"column":39}}],"line":91},"6":{"loc":{"start":{"line":107,"column":21},"end":{"line":107,"column":35}},"type":"binary-expr","locations":[{"start":{"line":107,"column":21},"end":{"line":107,"column":29}},{"start":{"line":107,"column":33},"end":{"line":107,"column":35}}],"line":107},"7":{"loc":{"start":{"line":129,"column":32},"end":{"line":129,"column":46}},"type":"binary-expr","locations":[{"start":{"line":129,"column":32},"end":{"line":129,"column":40}},{"start":{"line":129,"column":44},"end":{"line":129,"column":46}}],"line":129},"8":{"loc":{"start":{"line":132,"column":8},"end":{"line":132,"column":67}},"type":"if","locations":[{"start":{"line":132,"column":8},"end":{"line":132,"column":67}},{"start":{},"end":{}}],"line":132},"9":{"loc":{"start":{"line":133,"column":8},"end":{"line":133,"column":73}},"type":"if","locations":[{"start":{"line":133,"column":8},"end":{"line":133,"column":73}},{"start":{},"end":{}}],"line":133}},"s":{"0":1,"1":1,"2":1,"3":1,"4":1,"5":1,"6":1,"7":0,"8":1,"9":0,"10":0,"11":0,"12":1,"13":0,"14":0,"15":0,"16":0,"17":0,"18":0,"19":0,"20":0,"21":0,"22":0,"23":1,"24":0,"25":0,"26":0,"27":0,"28":1,"29":1,"30":1,"31":1,"32":1,"33":1,"34":0,"35":1,"36":0,"37":0,"38":0,"39":0,"40":0,"41":0,"42":0,"43":0,"44":1,"45":0,"46":0,"47":0,"48":0,"49":0,"50":0,"51":0,"52":0,"53":1,"54":1,"55":1,"56":1,"57":1,"58":1,"59":0,"60":1,"61":0,"62":0,"63":0,"64":0,"65":0,"66":0,"67":0,"68":0,"69":0},"f":{"0":1,"1":0,"2":0,"3":0,"4":1,"5":0,"6":0,"7":1,"8":0},"b":{"0":[0,0],"1":[0,0],"2":[0,0],"3":[0,0],"4":[1,0],"5":[0,0],"6":[0,0],"7":[0,0],"8":[0,0],"9":[0,0]},"_coverageSchema":"1a1c01bbd47fc00a2c39e90264f33305004495a9","hash":"33354bfc10d00a465b9bbf3acc52924ef6c869e7"}
,"C:\\Users\\squid\\Desktop\\Suli\\13. Osztály\\Vizsgaremek\\users\\api\\errors\\AppError.js": {"path":"C:\\Users\\squid\\Desktop\\Suli\\13. Osztály\\Vizsgaremek\\users\\api\\errors\\AppError.js","statementMap":{"0":{"start":{"line":6,"column":8},"end":{"line":6,"column":23}},"1":{"start":{"line":8,"column":8},"end":{"line":8,"column":37}},"2":{"start":{"line":10,"column":8},"end":{"line":10,"column":43}},"3":{"start":{"line":12,"column":8},"end":{"line":12,"column":83}},"4":{"start":{"line":14,"column":8},"end":{"line":14,"column":77}},"5":{"start":{"line":16,"column":8},"end":{"line":16,"column":108}},"6":{"start":{"line":20,"column":0},"end":{"line":20,"column":26}}},"fnMap":{"0":{"name":"(anonymous_0)","decl":{"start":{"line":3,"column":4},"end":{"line":3,"column":5}},"loc":{"start":{"line":5,"column":4},"end":{"line":17,"column":5}},"line":5}},"branchMap":{"0":{"loc":{"start":{"line":3,"column":16},"end":{"line":3,"column":49}},"type":"default-arg","locations":[{"start":{"line":3,"column":26},"end":{"line":3,"column":49}}],"line":3},"1":{"loc":{"start":{"line":4,"column":4},"end":{"line":4,"column":90}},"type":"default-arg","locations":[{"start":{"line":4,"column":88},"end":{"line":4,"column":90}}],"line":4},"2":{"loc":{"start":{"line":4,"column":6},"end":{"line":4,"column":22}},"type":"default-arg","locations":[{"start":{"line":4,"column":19},"end":{"line":4,"column":22}}],"line":4},"3":{"loc":{"start":{"line":4,"column":24},"end":{"line":4,"column":44}},"type":"default-arg","locations":[{"start":{"line":4,"column":40},"end":{"line":4,"column":44}}],"line":4},"4":{"loc":{"start":{"line":4,"column":46},"end":{"line":4,"column":65}},"type":"default-arg","locations":[{"start":{"line":4,"column":56},"end":{"line":4,"column":65}}],"line":4},"5":{"loc":{"start":{"line":4,"column":67},"end":{"line":4,"column":83}},"type":"default-arg","locations":[{"start":{"line":4,"column":74},"end":{"line":4,"column":83}}],"line":4},"6":{"loc":{"start":{"line":12,"column":23},"end":{"line":12,"column":82}},"type":"cond-expr","locations":[{"start":{"line":12,"column":63},"end":{"line":12,"column":70}},{"start":{"line":12,"column":73},"end":{"line":12,"column":82}}],"line":12},"7":{"loc":{"start":{"line":14,"column":20},"end":{"line":14,"column":76}},"type":"cond-expr","locations":[{"start":{"line":14,"column":60},"end":{"line":14,"column":64}},{"start":{"line":14,"column":67},"end":{"line":14,"column":76}}],"line":14},"8":{"loc":{"start":{"line":16,"column":8},"end":{"line":16,"column":107}},"type":"cond-expr","locations":[{"start":{"line":16,"column":48},"end":{"line":16,"column":95}},{"start":{"line":16,"column":98},"end":{"line":16,"column":107}}],"line":16}},"s":{"0":3,"1":3,"2":3,"3":3,"4":3,"5":3,"6":1},"f":{"0":3},"b":{"0":[0],"1":[0],"2":[0],"3":[3],"4":[3],"5":[2],"6":[3,0],"7":[3,0],"8":[3,0]},"_coverageSchema":"1a1c01bbd47fc00a2c39e90264f33305004495a9","hash":"6a23cd304e63c6a6c1161c34ebb39937ebf45aa7"}
,"C:\\Users\\squid\\Desktop\\Suli\\13. Osztály\\Vizsgaremek\\users\\api\\errors\\BadRequestError.js": {"path":"C:\\Users\\squid\\Desktop\\Suli\\13. Osztály\\Vizsgaremek\\users\\api\\errors\\BadRequestError.js","statementMap":{"0":{"start":{"line":1,"column":17},"end":{"line":1,"column":38}},"1":{"start":{"line":7,"column":8},"end":{"line":7,"column":56}},"2":{"start":{"line":11,"column":0},"end":{"line":11,"column":33}}},"fnMap":{"0":{"name":"(anonymous_0)","decl":{"start":{"line":5,"column":4},"end":{"line":5,"column":5}},"loc":{"start":{"line":6,"column":4},"end":{"line":8,"column":5}},"line":6}},"branchMap":{"0":{"loc":{"start":{"line":5,"column":16},"end":{"line":5,"column":39}},"type":"default-arg","locations":[{"start":{"line":5,"column":26},"end":{"line":5,"column":39}}],"line":5},"1":{"loc":{"start":{"line":5,"column":41},"end":{"line":5,"column":53}},"type":"default-arg","locations":[{"start":{"line":5,"column":51},"end":{"line":5,"column":53}}],"line":5}},"s":{"0":1,"1":1,"2":1},"f":{"0":1},"b":{"0":[0],"1":[0]},"_coverageSchema":"1a1c01bbd47fc00a2c39e90264f33305004495a9","hash":"f0e48162b8ae012617b1c40e67240dbe635797fa"}
,"C:\\Users\\squid\\Desktop\\Suli\\13. Osztály\\Vizsgaremek\\users\\api\\errors\\DbError.js": {"path":"C:\\Users\\squid\\Desktop\\Suli\\13. Osztály\\Vizsgaremek\\users\\api\\errors\\DbError.js","statementMap":{"0":{"start":{"line":1,"column":17},"end":{"line":1,"column":38}},"1":{"start":{"line":7,"column":8},"end":{"line":7,"column":78}},"2":{"start":{"line":11,"column":0},"end":{"line":11,"column":25}}},"fnMap":{"0":{"name":"(anonymous_0)","decl":{"start":{"line":5,"column":4},"end":{"line":5,"column":5}},"loc":{"start":{"line":6,"column":4},"end":{"line":8,"column":5}},"line":6}},"branchMap":{"0":{"loc":{"start":{"line":5,"column":16},"end":{"line":5,"column":61}},"type":"default-arg","locations":[{"start":{"line":5,"column":26},"end":{"line":5,"column":61}}],"line":5},"1":{"loc":{"start":{"line":5,"column":63},"end":{"line":5,"column":75}},"type":"default-arg","locations":[{"start":{"line":5,"column":73},"end":{"line":5,"column":75}}],"line":5}},"s":{"0":1,"1":0,"2":1},"f":{"0":0},"b":{"0":[0],"1":[0]},"_coverageSchema":"1a1c01bbd47fc00a2c39e90264f33305004495a9","hash":"2852742a707f3fbb37ed435c91eafd8d74d99a9b"}
,"C:\\Users\\squid\\Desktop\\Suli\\13. Osztály\\Vizsgaremek\\users\\api\\errors\\NotFoundError.js": {"path":"C:\\Users\\squid\\Desktop\\Suli\\13. Osztály\\Vizsgaremek\\users\\api\\errors\\NotFoundError.js","statementMap":{"0":{"start":{"line":1,"column":17},"end":{"line":1,"column":38}},"1":{"start":{"line":7,"column":8},"end":{"line":7,"column":77}},"2":{"start":{"line":11,"column":0},"end":{"line":11,"column":31}}},"fnMap":{"0":{"name":"(anonymous_0)","decl":{"start":{"line":5,"column":4},"end":{"line":5,"column":5}},"loc":{"start":{"line":6,"column":4},"end":{"line":8,"column":5}},"line":6}},"branchMap":{"0":{"loc":{"start":{"line":5,"column":16},"end":{"line":5,"column":67}},"type":"default-arg","locations":[{"start":{"line":5,"column":26},"end":{"line":5,"column":67}}],"line":5},"1":{"loc":{"start":{"line":5,"column":69},"end":{"line":5,"column":81}},"type":"default-arg","locations":[{"start":{"line":5,"column":79},"end":{"line":5,"column":81}}],"line":5}},"s":{"0":1,"1":0,"2":1},"f":{"0":0},"b":{"0":[0],"1":[0]},"_coverageSchema":"1a1c01bbd47fc00a2c39e90264f33305004495a9","hash":"3fbb40d550f71b3eccc26d75701f504ad112add5"}
,"C:\\Users\\squid\\Desktop\\Suli\\13. Osztály\\Vizsgaremek\\users\\api\\errors\\UnauthorizedError.js": {"path":"C:\\Users\\squid\\Desktop\\Suli\\13. Osztály\\Vizsgaremek\\users\\api\\errors\\UnauthorizedError.js","statementMap":{"0":{"start":{"line":1,"column":17},"end":{"line":1,"column":38}},"1":{"start":{"line":7,"column":8},"end":{"line":7,"column":56}},"2":{"start":{"line":11,"column":0},"end":{"line":11,"column":35}}},"fnMap":{"0":{"name":"(anonymous_0)","decl":{"start":{"line":5,"column":4},"end":{"line":5,"column":5}},"loc":{"start":{"line":6,"column":4},"end":{"line":8,"column":5}},"line":6}},"branchMap":{"0":{"loc":{"start":{"line":5,"column":16},"end":{"line":5,"column":70}},"type":"default-arg","locations":[{"start":{"line":5,"column":26},"end":{"line":5,"column":70}}],"line":5},"1":{"loc":{"start":{"line":5,"column":72},"end":{"line":5,"column":85}},"type":"default-arg","locations":[{"start":{"line":5,"column":83},"end":{"line":5,"column":85}}],"line":5}},"s":{"0":1,"1":2,"2":1},"f":{"0":2},"b":{"0":[1],"1":[2]},"_coverageSchema":"1a1c01bbd47fc00a2c39e90264f33305004495a9","hash":"ebe814201962eb620fe6a99e3d99c79aebd560f4"}
,"C:\\Users\\squid\\Desktop\\Suli\\13. Osztály\\Vizsgaremek\\users\\api\\errors\\ValidationError.js": {"path":"C:\\Users\\squid\\Desktop\\Suli\\13. Osztály\\Vizsgaremek\\users\\api\\errors\\ValidationError.js","statementMap":{"0":{"start":{"line":1,"column":17},"end":{"line":1,"column":38}},"1":{"start":{"line":7,"column":8},"end":{"line":7,"column":56}},"2":{"start":{"line":11,"column":0},"end":{"line":11,"column":33}}},"fnMap":{"0":{"name":"(anonymous_0)","decl":{"start":{"line":5,"column":4},"end":{"line":5,"column":5}},"loc":{"start":{"line":6,"column":4},"end":{"line":8,"column":5}},"line":6}},"branchMap":{"0":{"loc":{"start":{"line":5,"column":16},"end":{"line":5,"column":52}},"type":"default-arg","locations":[{"start":{"line":5,"column":26},"end":{"line":5,"column":52}}],"line":5},"1":{"loc":{"start":{"line":5,"column":54},"end":{"line":5,"column":66}},"type":"default-arg","locations":[{"start":{"line":5,"column":64},"end":{"line":5,"column":66}}],"line":5}},"s":{"0":1,"1":0,"2":1},"f":{"0":0},"b":{"0":[0],"1":[0]},"_coverageSchema":"1a1c01bbd47fc00a2c39e90264f33305004495a9","hash":"9ddbc30c6be1c514c3389b5f24a576dfe62416f3"}
,"C:\\Users\\squid\\Desktop\\Suli\\13. Osztály\\Vizsgaremek\\users\\api\\errors\\index.js": {"path":"C:\\Users\\squid\\Desktop\\Suli\\13. Osztály\\Vizsgaremek\\users\\api\\errors\\index.js","statementMap":{"0":{"start":{"line":1,"column":0},"end":{"line":9,"column":1}}},"fnMap":{},"branchMap":{},"s":{"0":1},"f":{},"b":{},"_coverageSchema":"1a1c01bbd47fc00a2c39e90264f33305004495a9","hash":"379074b830fe1fb549c7522be10b39b4372378cd"}
,"C:\\Users\\squid\\Desktop\\Suli\\13. Osztály\\Vizsgaremek\\users\\api\\middlewares\\authMiddleware.js": {"path":"C:\\Users\\squid\\Desktop\\Suli\\13. Osztály\\Vizsgaremek\\users\\api\\middlewares\\authMiddleware.js","statementMap":{"0":{"start":{"line":1,"column":47},"end":{"line":1,"column":67}},"1":{"start":{"line":3,"column":18},"end":{"line":3,"column":51}},"2":{"start":{"line":5,"column":0},"end":{"line":21,"column":1}},"3":{"start":{"line":7,"column":27},"end":{"line":7,"column":44}},"4":{"start":{"line":9,"column":4},"end":{"line":9,"column":57}},"5":{"start":{"line":9,"column":20},"end":{"line":9,"column":57}},"6":{"start":{"line":11,"column":4},"end":{"line":18,"column":5}},"7":{"start":{"line":13,"column":8},"end":{"line":13,"column":53}},"8":{"start":{"line":17,"column":8},"end":{"line":17,"column":69}},"9":{"start":{"line":20,"column":4},"end":{"line":20,"column":11}},"10":{"start":{"line":23,"column":0},"end":{"line":28,"column":1}},"11":{"start":{"line":25,"column":4},"end":{"line":25,"column":124}},"12":{"start":{"line":25,"column":26},"end":{"line":25,"column":124}},"13":{"start":{"line":27,"column":4},"end":{"line":27,"column":11}}},"fnMap":{"0":{"name":"(anonymous_0)","decl":{"start":{"line":5,"column":25},"end":{"line":5,"column":26}},"loc":{"start":{"line":6,"column":0},"end":{"line":21,"column":1}},"line":6},"1":{"name":"(anonymous_1)","decl":{"start":{"line":23,"column":18},"end":{"line":23,"column":19}},"loc":{"start":{"line":24,"column":0},"end":{"line":28,"column":1}},"line":24}},"branchMap":{"0":{"loc":{"start":{"line":7,"column":27},"end":{"line":7,"column":44}},"type":"binary-expr","locations":[{"start":{"line":7,"column":27},"end":{"line":7,"column":38}},{"start":{"line":7,"column":42},"end":{"line":7,"column":44}}],"line":7},"1":{"loc":{"start":{"line":9,"column":4},"end":{"line":9,"column":57}},"type":"if","locations":[{"start":{"line":9,"column":4},"end":{"line":9,"column":57}},{"start":{},"end":{}}],"line":9},"2":{"loc":{"start":{"line":25,"column":4},"end":{"line":25,"column":124}},"type":"if","locations":[{"start":{"line":25,"column":4},"end":{"line":25,"column":124}},{"start":{},"end":{}}],"line":25}},"s":{"0":1,"1":1,"2":1,"3":3,"4":3,"5":1,"6":2,"7":2,"8":0,"9":2,"10":1,"11":2,"12":1,"13":1},"f":{"0":3,"1":2},"b":{"0":[3,0],"1":[1,2],"2":[1,1]},"_coverageSchema":"1a1c01bbd47fc00a2c39e90264f33305004495a9","hash":"649e181f3d9424c5792c65df8eb6392b6c344a71"}
,"C:\\Users\\squid\\Desktop\\Suli\\13. Osztály\\Vizsgaremek\\users\\api\\middlewares\\errorHandler.js": {"path":"C:\\Users\\squid\\Desktop\\Suli\\13. Osztály\\Vizsgaremek\\users\\api\\middlewares\\errorHandler.js","statementMap":{"0":{"start":{"line":1,"column":36},"end":{"line":1,"column":56}},"1":{"start":{"line":5,"column":4},"end":{"line":5,"column":30}},"2":{"start":{"line":10,"column":4},"end":{"line":10,"column":25}},"3":{"start":{"line":11,"column":18},"end":{"line":11,"column":29}},"4":{"start":{"line":13,"column":4},"end":{"line":19,"column":5}},"5":{"start":{"line":15,"column":8},"end":{"line":18,"column":11}},"6":{"start":{"line":21,"column":4},"end":{"line":21,"column":24}},"7":{"start":{"line":23,"column":4},"end":{"line":28,"column":7}},"8":{"start":{"line":31,"column":0},"end":{"line":31,"column":41}}},"fnMap":{"0":{"name":"notFound","decl":{"start":{"line":3,"column":9},"end":{"line":3,"column":17}},"loc":{"start":{"line":4,"column":0},"end":{"line":6,"column":1}},"line":4},"1":{"name":"showError","decl":{"start":{"line":8,"column":9},"end":{"line":8,"column":18}},"loc":{"start":{"line":9,"column":0},"end":{"line":29,"column":1}},"line":9}},"branchMap":{"0":{"loc":{"start":{"line":13,"column":4},"end":{"line":19,"column":5}},"type":"if","locations":[{"start":{"line":13,"column":4},"end":{"line":19,"column":5}},{"start":{},"end":{}}],"line":13},"1":{"loc":{"start":{"line":27,"column":15},"end":{"line":27,"column":39}},"type":"binary-expr","locations":[{"start":{"line":27,"column":15},"end":{"line":27,"column":26}},{"start":{"line":27,"column":30},"end":{"line":27,"column":39}}],"line":27}},"s":{"0":1,"1":0,"2":3,"3":3,"4":3,"5":0,"6":3,"7":3,"8":1},"f":{"0":0,"1":3},"b":{"0":[0,3],"1":[3,0]},"_coverageSchema":"1a1c01bbd47fc00a2c39e90264f33305004495a9","hash":"625f12dcc610c75a624fac6108208bbea0edb2bf"}
,"C:\\Users\\squid\\Desktop\\Suli\\13. Osztály\\Vizsgaremek\\users\\api\\models\\Score.js": {"path":"C:\\Users\\squid\\Desktop\\Suli\\13. Osztály\\Vizsgaremek\\users\\api\\models\\Score.js","statementMap":{"0":{"start":{"line":1,"column":29},"end":{"line":1,"column":49}},"1":{"start":{"line":3,"column":0},"end":{"line":42,"column":2}},"2":{"start":{"line":6,"column":4},"end":{"line":39,"column":6}},"3":{"start":{"line":41,"column":4},"end":{"line":41,"column":17}}},"fnMap":{"0":{"name":"(anonymous_0)","decl":{"start":{"line":3,"column":17},"end":{"line":3,"column":18}},"loc":{"start":{"line":3,"column":32},"end":{"line":42,"column":1}},"line":3}},"branchMap":{},"s":{"0":1,"1":1,"2":1,"3":1},"f":{"0":1},"b":{},"_coverageSchema":"1a1c01bbd47fc00a2c39e90264f33305004495a9","hash":"6823ee6edaf5f8d9daab50fbcbd2e7df31c6615c"}
,"C:\\Users\\squid\\Desktop\\Suli\\13. Osztály\\Vizsgaremek\\users\\api\\models\\User.js": {"path":"C:\\Users\\squid\\Desktop\\Suli\\13. Osztály\\Vizsgaremek\\users\\api\\models\\User.js","statementMap":{"0":{"start":{"line":1,"column":29},"end":{"line":1,"column":49}},"1":{"start":{"line":2,"column":18},"end":{"line":2,"column":51}},"2":{"start":{"line":4,"column":0},"end":{"line":71,"column":2}},"3":{"start":{"line":7,"column":4},"end":{"line":68,"column":6}},"4":{"start":{"line":38,"column":20},"end":{"line":38,"column":81}},"5":{"start":{"line":70,"column":4},"end":{"line":70,"column":16}}},"fnMap":{"0":{"name":"(anonymous_0)","decl":{"start":{"line":4,"column":17},"end":{"line":4,"column":18}},"loc":{"start":{"line":4,"column":32},"end":{"line":71,"column":1}},"line":4},"1":{"name":"(anonymous_1)","decl":{"start":{"line":37,"column":16},"end":{"line":37,"column":17}},"loc":{"start":{"line":37,"column":27},"end":{"line":39,"column":17}},"line":37}},"branchMap":{},"s":{"0":1,"1":1,"2":1,"3":1,"4":4,"5":1},"f":{"0":1,"1":4},"b":{},"_coverageSchema":"1a1c01bbd47fc00a2c39e90264f33305004495a9","hash":"cc0432fb887ae636c4700095ebaa46a4d243c503"}
,"C:\\Users\\squid\\Desktop\\Suli\\13. Osztály\\Vizsgaremek\\users\\api\\models\\index.js": {"path":"C:\\Users\\squid\\Desktop\\Suli\\13. Osztály\\Vizsgaremek\\users\\api\\models\\index.js","statementMap":{"0":{"start":{"line":1,"column":0},"end":{"line":20,"column":2}},"1":{"start":{"line":2,"column":17},"end":{"line":2,"column":45}},"2":{"start":{"line":3,"column":18},"end":{"line":3,"column":47}},"3":{"start":{"line":5,"column":4},"end":{"line":10,"column":7}},"4":{"start":{"line":12,"column":4},"end":{"line":17,"column":7}},"5":{"start":{"line":19,"column":4},"end":{"line":19,"column":27}}},"fnMap":{"0":{"name":"(anonymous_0)","decl":{"start":{"line":1,"column":17},"end":{"line":1,"column":18}},"loc":{"start":{"line":1,"column":32},"end":{"line":20,"column":1}},"line":1}},"branchMap":{},"s":{"0":1,"1":1,"2":1,"3":1,"4":1,"5":1},"f":{"0":1},"b":{},"_coverageSchema":"1a1c01bbd47fc00a2c39e90264f33305004495a9","hash":"80a038216f9cc40e476bea9fdfc1f84af65fa8b0"}
,"C:\\Users\\squid\\Desktop\\Suli\\13. Osztály\\Vizsgaremek\\users\\api\\repositories\\ScoreRepository.js": {"path":"C:\\Users\\squid\\Desktop\\Suli\\13. Osztály\\Vizsgaremek\\users\\api\\repositories\\ScoreRepository.js","statementMap":{"0":{"start":{"line":1,"column":17},"end":{"line":1,"column":37}},"1":{"start":{"line":3,"column":14},"end":{"line":3,"column":34}},"2":{"start":{"line":7,"column":8},"end":{"line":7,"column":30}},"3":{"start":{"line":8,"column":8},"end":{"line":8,"column":38}},"4":{"start":{"line":12,"column":8},"end":{"line":18,"column":9}},"5":{"start":{"line":13,"column":12},"end":{"line":13,"column":64}},"6":{"start":{"line":15,"column":12},"end":{"line":17,"column":15}},"7":{"start":{"line":22,"column":8},"end":{"line":36,"column":9}},"8":{"start":{"line":23,"column":12},"end":{"line":31,"column":15}},"9":{"start":{"line":33,"column":12},"end":{"line":35,"column":15}},"10":{"start":{"line":40,"column":8},"end":{"line":58,"column":9}},"11":{"start":{"line":41,"column":28},"end":{"line":50,"column":14}},"12":{"start":{"line":52,"column":12},"end":{"line":52,"column":27}},"13":{"start":{"line":54,"column":12},"end":{"line":57,"column":15}},"14":{"start":{"line":62,"column":8},"end":{"line":75,"column":9}},"15":{"start":{"line":63,"column":28},"end":{"line":67,"column":14}},"16":{"start":{"line":69,"column":12},"end":{"line":69,"column":27}},"17":{"start":{"line":71,"column":12},"end":{"line":74,"column":15}},"18":{"start":{"line":79,"column":8},"end":{"line":90,"column":9}},"19":{"start":{"line":80,"column":12},"end":{"line":84,"column":15}},"20":{"start":{"line":86,"column":12},"end":{"line":89,"column":15}},"21":{"start":{"line":93,"column":8},"end":{"line":100,"column":9}},"22":{"start":{"line":94,"column":12},"end":{"line":94,"column":53}},"23":{"start":{"line":96,"column":12},"end":{"line":99,"column":14}},"24":{"start":{"line":103,"column":8},"end":{"line":114,"column":9}},"25":{"start":{"line":104,"column":13},"end":{"line":108,"column":15}},"26":{"start":{"line":110,"column":12},"end":{"line":113,"column":15}},"27":{"start":{"line":117,"column":8},"end":{"line":128,"column":9}},"28":{"start":{"line":118,"column":12},"end":{"line":122,"column":15}},"29":{"start":{"line":124,"column":12},"end":{"line":127,"column":15}},"30":{"start":{"line":131,"column":0},"end":{"line":131,"column":31}}},"fnMap":{"0":{"name":"(anonymous_0)","decl":{"start":{"line":6,"column":4},"end":{"line":6,"column":5}},"loc":{"start":{"line":6,"column":19},"end":{"line":9,"column":5}},"line":6},"1":{"name":"(anonymous_1)","decl":{"start":{"line":11,"column":4},"end":{"line":11,"column":5}},"loc":{"start":{"line":11,"column":21},"end":{"line":19,"column":5}},"line":11},"2":{"name":"(anonymous_2)","decl":{"start":{"line":21,"column":4},"end":{"line":21,"column":5}},"loc":{"start":{"line":21,"column":35},"end":{"line":37,"column":5}},"line":21},"3":{"name":"(anonymous_3)","decl":{"start":{"line":39,"column":4},"end":{"line":39,"column":5}},"loc":{"start":{"line":39,"column":42},"end":{"line":59,"column":5}},"line":39},"4":{"name":"(anonymous_4)","decl":{"start":{"line":61,"column":4},"end":{"line":61,"column":5}},"loc":{"start":{"line":61,"column":38},"end":{"line":76,"column":5}},"line":61},"5":{"name":"(anonymous_5)","decl":{"start":{"line":78,"column":4},"end":{"line":78,"column":5}},"loc":{"start":{"line":78,"column":27},"end":{"line":91,"column":5}},"line":78},"6":{"name":"(anonymous_6)","decl":{"start":{"line":92,"column":4},"end":{"line":92,"column":5}},"loc":{"start":{"line":92,"column":32},"end":{"line":101,"column":5}},"line":92},"7":{"name":"(anonymous_7)","decl":{"start":{"line":102,"column":4},"end":{"line":102,"column":5}},"loc":{"start":{"line":102,"column":30},"end":{"line":115,"column":5}},"line":102},"8":{"name":"(anonymous_8)","decl":{"start":{"line":116,"column":4},"end":{"line":116,"column":5}},"loc":{"start":{"line":116,"column":54},"end":{"line":129,"column":5}},"line":116}},"branchMap":{"0":{"loc":{"start":{"line":116,"column":33},"end":{"line":116,"column":53}},"type":"default-arg","locations":[{"start":{"line":116,"column":41},"end":{"line":116,"column":53}}],"line":116}},"s":{"0":1,"1":1,"2":5,"3":5,"4":1,"5":1,"6":0,"7":1,"8":1,"9":0,"10":1,"11":1,"12":1,"13":0,"14":0,"15":0,"16":0,"17":0,"18":0,"19":0,"20":0,"21":1,"22":1,"23":0,"24":1,"25":1,"26":0,"27":1,"28":1,"29":0,"30":1},"f":{"0":5,"1":1,"2":1,"3":1,"4":0,"5":0,"6":1,"7":1,"8":1},"b":{"0":[0]},"_coverageSchema":"1a1c01bbd47fc00a2c39e90264f33305004495a9","hash":"1a65b0265701c743b3843378a0391d74f7739515"}
,"C:\\Users\\squid\\Desktop\\Suli\\13. Osztály\\Vizsgaremek\\users\\api\\repositories\\UserRepository.js": {"path":"C:\\Users\\squid\\Desktop\\Suli\\13. Osztály\\Vizsgaremek\\users\\api\\repositories\\UserRepository.js","statementMap":{"0":{"start":{"line":1,"column":37},"end":{"line":1,"column":57}},"1":{"start":{"line":2,"column":15},"end":{"line":2,"column":32}},"2":{"start":{"line":3,"column":15},"end":{"line":3,"column":35}},"3":{"start":{"line":4,"column":18},"end":{"line":4,"column":51}},"4":{"start":{"line":10,"column":8},"end":{"line":10,"column":28}},"5":{"start":{"line":12,"column":8},"end":{"line":12,"column":30}},"6":{"start":{"line":14,"column":8},"end":{"line":14,"column":38}},"7":{"start":{"line":19,"column":8},"end":{"line":29,"column":9}},"8":{"start":{"line":21,"column":12},"end":{"line":21,"column":63}},"9":{"start":{"line":25,"column":12},"end":{"line":28,"column":15}},"10":{"start":{"line":34,"column":8},"end":{"line":44,"column":9}},"11":{"start":{"line":36,"column":12},"end":{"line":36,"column":69}},"12":{"start":{"line":40,"column":12},"end":{"line":43,"column":15}},"13":{"start":{"line":48,"column":8},"end":{"line":60,"column":9}},"14":{"start":{"line":49,"column":12},"end":{"line":54,"column":15}},"15":{"start":{"line":56,"column":12},"end":{"line":59,"column":15}},"16":{"start":{"line":66,"column":8},"end":{"line":77,"column":9}},"17":{"start":{"line":68,"column":12},"end":{"line":68,"column":52}},"18":{"start":{"line":72,"column":12},"end":{"line":76,"column":15}},"19":{"start":{"line":81,"column":8},"end":{"line":81,"column":66}},"20":{"start":{"line":83,"column":18},"end":{"line":83,"column":57}},"21":{"start":{"line":84,"column":8},"end":{"line":84,"column":43}},"22":{"start":{"line":86,"column":8},"end":{"line":113,"column":9}},"23":{"start":{"line":87,"column":25},"end":{"line":87,"column":91}},"24":{"start":{"line":89,"column":12},"end":{"line":92,"column":13}},"25":{"start":{"line":90,"column":16},"end":{"line":90,"column":35}},"26":{"start":{"line":91,"column":16},"end":{"line":91,"column":74}},"27":{"start":{"line":94,"column":12},"end":{"line":97,"column":15}},"28":{"start":{"line":99,"column":12},"end":{"line":102,"column":15}},"29":{"start":{"line":104,"column":12},"end":{"line":104,"column":29}},"30":{"start":{"line":105,"column":12},"end":{"line":105,"column":24}},"31":{"start":{"line":107,"column":12},"end":{"line":107,"column":76}},"32":{"start":{"line":108,"column":12},"end":{"line":108,"column":31}},"33":{"start":{"line":109,"column":12},"end":{"line":112,"column":15}},"34":{"start":{"line":146,"column":4},"end":{"line":174,"column":5}},"35":{"start":{"line":147,"column":30},"end":{"line":147,"column":70}},"36":{"start":{"line":149,"column":27},"end":{"line":154,"column":9}},"37":{"start":{"line":152,"column":20},"end":{"line":152,"column":70}},"38":{"start":{"line":156,"column":8},"end":{"line":158,"column":9}},"39":{"start":{"line":157,"column":12},"end":{"line":157,"column":67}},"40":{"start":{"line":160,"column":30},"end":{"line":162,"column":10}},"41":{"start":{"line":164,"column":8},"end":{"line":166,"column":9}},"42":{"start":{"line":165,"column":12},"end":{"line":165,"column":54}},"43":{"start":{"line":168,"column":8},"end":{"line":168,"column":48}},"44":{"start":{"line":170,"column":8},"end":{"line":173,"column":11}},"45":{"start":{"line":179,"column":8},"end":{"line":179,"column":58}},"46":{"start":{"line":179,"column":21},"end":{"line":179,"column":58}},"47":{"start":{"line":180,"column":8},"end":{"line":180,"column":61}},"48":{"start":{"line":180,"column":23},"end":{"line":180,"column":61}},"49":{"start":{"line":182,"column":8},"end":{"line":202,"column":9}},"50":{"start":{"line":183,"column":35},"end":{"line":186,"column":13}},"51":{"start":{"line":188,"column":12},"end":{"line":190,"column":13}},"52":{"start":{"line":189,"column":16},"end":{"line":189,"column":83}},"53":{"start":{"line":192,"column":32},"end":{"line":194,"column":14}},"54":{"start":{"line":196,"column":12},"end":{"line":196,"column":31}},"55":{"start":{"line":198,"column":12},"end":{"line":201,"column":15}},"56":{"start":{"line":206,"column":8},"end":{"line":206,"column":58}},"57":{"start":{"line":206,"column":21},"end":{"line":206,"column":58}},"58":{"start":{"line":207,"column":8},"end":{"line":207,"column":57}},"59":{"start":{"line":207,"column":19},"end":{"line":207,"column":57}},"60":{"start":{"line":209,"column":8},"end":{"line":236,"column":9}},"61":{"start":{"line":210,"column":25},"end":{"line":210,"column":91}},"62":{"start":{"line":212,"column":12},"end":{"line":215,"column":14}},"63":{"start":{"line":217,"column":35},"end":{"line":220,"column":13}},"64":{"start":{"line":222,"column":12},"end":{"line":224,"column":13}},"65":{"start":{"line":223,"column":16},"end":{"line":223,"column":83}},"66":{"start":{"line":226,"column":32},"end":{"line":228,"column":14}},"67":{"start":{"line":230,"column":12},"end":{"line":230,"column":31}},"68":{"start":{"line":232,"column":12},"end":{"line":235,"column":15}},"69":{"start":{"line":240,"column":8},"end":{"line":240,"column":53}},"70":{"start":{"line":240,"column":20},"end":{"line":240,"column":53}},"71":{"start":{"line":241,"column":8},"end":{"line":241,"column":59}},"72":{"start":{"line":241,"column":23},"end":{"line":241,"column":59}},"73":{"start":{"line":243,"column":8},"end":{"line":256,"column":9}},"74":{"start":{"line":244,"column":31},"end":{"line":247,"column":9}},"75":{"start":{"line":249,"column":8},"end":{"line":251,"column":9}},"76":{"start":{"line":250,"column":12},"end":{"line":250,"column":21}},"77":{"start":{"line":253,"column":8},"end":{"line":253,"column":28}},"78":{"start":{"line":255,"column":8},"end":{"line":255,"column":71}},"79":{"start":{"line":261,"column":0},"end":{"line":261,"column":32}}},"fnMap":{"0":{"name":"(anonymous_0)","decl":{"start":{"line":8,"column":4},"end":{"line":8,"column":5}},"loc":{"start":{"line":9,"column":4},"end":{"line":15,"column":5}},"line":9},"1":{"name":"(anonymous_1)","decl":{"start":{"line":17,"column":4},"end":{"line":17,"column":5}},"loc":{"start":{"line":18,"column":4},"end":{"line":30,"column":5}},"line":18},"2":{"name":"(anonymous_2)","decl":{"start":{"line":32,"column":4},"end":{"line":32,"column":5}},"loc":{"start":{"line":33,"column":4},"end":{"line":45,"column":5}},"line":33},"3":{"name":"(anonymous_3)","decl":{"start":{"line":47,"column":4},"end":{"line":47,"column":5}},"loc":{"start":{"line":47,"column":26},"end":{"line":61,"column":5}},"line":47},"4":{"name":"(anonymous_4)","decl":{"start":{"line":64,"column":4},"end":{"line":64,"column":5}},"loc":{"start":{"line":65,"column":4},"end":{"line":78,"column":5}},"line":65},"5":{"name":"(anonymous_5)","decl":{"start":{"line":80,"column":4},"end":{"line":80,"column":5}},"loc":{"start":{"line":80,"column":29},"end":{"line":114,"column":5}},"line":80},"6":{"name":"(anonymous_6)","decl":{"start":{"line":145,"column":4},"end":{"line":145,"column":5}},"loc":{"start":{"line":145,"column":39},"end":{"line":175,"column":1}},"line":145},"7":{"name":"(anonymous_7)","decl":{"start":{"line":151,"column":16},"end":{"line":151,"column":17}},"loc":{"start":{"line":152,"column":20},"end":{"line":152,"column":70}},"line":152},"8":{"name":"(anonymous_8)","decl":{"start":{"line":178,"column":4},"end":{"line":178,"column":5}},"loc":{"start":{"line":178,"column":43},"end":{"line":203,"column":5}},"line":178},"9":{"name":"(anonymous_9)","decl":{"start":{"line":205,"column":4},"end":{"line":205,"column":5}},"loc":{"start":{"line":205,"column":39},"end":{"line":237,"column":5}},"line":205},"10":{"name":"(anonymous_10)","decl":{"start":{"line":239,"column":4},"end":{"line":239,"column":5}},"loc":{"start":{"line":239,"column":49},"end":{"line":257,"column":5}},"line":239}},"branchMap":{"0":{"loc":{"start":{"line":89,"column":12},"end":{"line":92,"column":13}},"type":"if","locations":[{"start":{"line":89,"column":12},"end":{"line":92,"column":13}},{"start":{},"end":{}}],"line":89},"1":{"loc":{"start":{"line":110,"column":25},"end":{"line":110,"column":58}},"type":"binary-expr","locations":[{"start":{"line":110,"column":25},"end":{"line":110,"column":41}},{"start":{"line":110,"column":45},"end":{"line":110,"column":58}}],"line":110},"2":{"loc":{"start":{"line":152,"column":20},"end":{"line":152,"column":70}},"type":"binary-expr","locations":[{"start":{"line":152,"column":20},"end":{"line":152,"column":47}},{"start":{"line":152,"column":51},"end":{"line":152,"column":70}}],"line":152},"3":{"loc":{"start":{"line":156,"column":8},"end":{"line":158,"column":9}},"type":"if","locations":[{"start":{"line":156,"column":8},"end":{"line":158,"column":9}},{"start":{},"end":{}}],"line":156},"4":{"loc":{"start":{"line":164,"column":8},"end":{"line":166,"column":9}},"type":"if","locations":[{"start":{"line":164,"column":8},"end":{"line":166,"column":9}},{"start":{},"end":{}}],"line":164},"5":{"loc":{"start":{"line":179,"column":8},"end":{"line":179,"column":58}},"type":"if","locations":[{"start":{"line":179,"column":8},"end":{"line":179,"column":58}},{"start":{},"end":{}}],"line":179},"6":{"loc":{"start":{"line":180,"column":8},"end":{"line":180,"column":61}},"type":"if","locations":[{"start":{"line":180,"column":8},"end":{"line":180,"column":61}},{"start":{},"end":{}}],"line":180},"7":{"loc":{"start":{"line":188,"column":12},"end":{"line":190,"column":13}},"type":"if","locations":[{"start":{"line":188,"column":12},"end":{"line":190,"column":13}},{"start":{},"end":{}}],"line":188},"8":{"loc":{"start":{"line":206,"column":8},"end":{"line":206,"column":58}},"type":"if","locations":[{"start":{"line":206,"column":8},"end":{"line":206,"column":58}},{"start":{},"end":{}}],"line":206},"9":{"loc":{"start":{"line":207,"column":8},"end":{"line":207,"column":57}},"type":"if","locations":[{"start":{"line":207,"column":8},"end":{"line":207,"column":57}},{"start":{},"end":{}}],"line":207},"10":{"loc":{"start":{"line":222,"column":12},"end":{"line":224,"column":13}},"type":"if","locations":[{"start":{"line":222,"column":12},"end":{"line":224,"column":13}},{"start":{},"end":{}}],"line":222},"11":{"loc":{"start":{"line":240,"column":8},"end":{"line":240,"column":53}},"type":"if","locations":[{"start":{"line":240,"column":8},"end":{"line":240,"column":53}},{"start":{},"end":{}}],"line":240},"12":{"loc":{"start":{"line":241,"column":8},"end":{"line":241,"column":59}},"type":"if","locations":[{"start":{"line":241,"column":8},"end":{"line":241,"column":59}},{"start":{},"end":{}}],"line":241},"13":{"loc":{"start":{"line":249,"column":8},"end":{"line":251,"column":9}},"type":"if","locations":[{"start":{"line":249,"column":8},"end":{"line":251,"column":9}},{"start":{},"end":{}}],"line":249}},"s":{"0":1,"1":1,"2":1,"3":1,"4":5,"5":5,"6":5,"7":1,"8":1,"9":0,"10":0,"11":0,"12":0,"13":2,"14":2,"15":0,"16":0,"17":0,"18":0,"19":1,"20":1,"21":1,"22":1,"23":1,"24":1,"25":0,"26":0,"27":1,"28":1,"29":1,"30":1,"31":0,"32":0,"33":0,"34":1,"35":1,"36":1,"37":4,"38":1,"39":0,"40":1,"41":1,"42":0,"43":1,"44":0,"45":0,"46":0,"47":0,"48":0,"49":0,"50":0,"51":0,"52":0,"53":0,"54":0,"55":0,"56":0,"57":0,"58":0,"59":0,"60":0,"61":0,"62":0,"63":0,"64":0,"65":0,"66":0,"67":0,"68":0,"69":0,"70":0,"71":0,"72":0,"73":0,"74":0,"75":0,"76":0,"77":0,"78":0,"79":1},"f":{"0":5,"1":1,"2":0,"3":2,"4":0,"5":1,"6":1,"7":4,"8":0,"9":0,"10":0},"b":{"0":[0,1],"1":[0,0],"2":[4,4],"3":[0,1],"4":[0,1],"5":[0,0],"6":[0,0],"7":[0,0],"8":[0,0],"9":[0,0],"10":[0,0],"11":[0,0],"12":[0,0],"13":[0,0]},"_coverageSchema":"1a1c01bbd47fc00a2c39e90264f33305004495a9","hash":"fff8f73825df4042239cb3e7d5d787cc32aa63c5"}
,"C:\\Users\\squid\\Desktop\\Suli\\13. Osztály\\Vizsgaremek\\users\\api\\repositories\\index.js": {"path":"C:\\Users\\squid\\Desktop\\Suli\\13. Osztály\\Vizsgaremek\\users\\api\\repositories\\index.js","statementMap":{"0":{"start":{"line":1,"column":24},"end":{"line":1,"column":52}},"1":{"start":{"line":2,"column":23},"end":{"line":2,"column":50}},"2":{"start":{"line":4,"column":0},"end":{"line":10,"column":1}},"3":{"start":{"line":6,"column":27},"end":{"line":6,"column":49}},"4":{"start":{"line":8,"column":28},"end":{"line":8,"column":51}},"5":{"start":{"line":9,"column":4},"end":{"line":9,"column":46}}},"fnMap":{"0":{"name":"(anonymous_0)","decl":{"start":{"line":4,"column":17},"end":{"line":4,"column":18}},"loc":{"start":{"line":5,"column":0},"end":{"line":10,"column":1}},"line":5}},"branchMap":{},"s":{"0":1,"1":1,"2":1,"3":5,"4":5,"5":5},"f":{"0":5},"b":{},"_coverageSchema":"1a1c01bbd47fc00a2c39e90264f33305004495a9","hash":"4d4331f690a98e4d5d077aa259bba918891cb78f"}
,"C:\\Users\\squid\\Desktop\\Suli\\13. Osztály\\Vizsgaremek\\users\\api\\routes\\authRoutes.js": {"path":"C:\\Users\\squid\\Desktop\\Suli\\13. Osztály\\Vizsgaremek\\users\\api\\routes\\authRoutes.js","statementMap":{"0":{"start":{"line":1,"column":16},"end":{"line":1,"column":34}},"1":{"start":{"line":3,"column":15},"end":{"line":3,"column":31}},"2":{"start":{"line":5,"column":23},"end":{"line":5,"column":63}},"3":{"start":{"line":7,"column":23},"end":{"line":7,"column":63}},"4":{"start":{"line":9,"column":0},"end":{"line":9,"column":44}},"5":{"start":{"line":11,"column":0},"end":{"line":11,"column":51}},"6":{"start":{"line":13,"column":0},"end":{"line":13,"column":80}},"7":{"start":{"line":15,"column":0},"end":{"line":15,"column":48}},"8":{"start":{"line":17,"column":0},"end":{"line":17,"column":24}}},"fnMap":{},"branchMap":{},"s":{"0":1,"1":1,"2":1,"3":1,"4":1,"5":1,"6":1,"7":1,"8":1},"f":{},"b":{},"_coverageSchema":"1a1c01bbd47fc00a2c39e90264f33305004495a9","hash":"e7a26a05f53028d06501a6102fc92ff780c0068d"}
,"C:\\Users\\squid\\Desktop\\Suli\\13. Osztály\\Vizsgaremek\\users\\api\\routes\\scoreRoutes.js": {"path":"C:\\Users\\squid\\Desktop\\Suli\\13. Osztály\\Vizsgaremek\\users\\api\\routes\\scoreRoutes.js","statementMap":{"0":{"start":{"line":1,"column":16},"end":{"line":1,"column":35}},"1":{"start":{"line":3,"column":15},"end":{"line":3,"column":31}},"2":{"start":{"line":5,"column":24},"end":{"line":5,"column":65}},"3":{"start":{"line":7,"column":0},"end":{"line":7,"column":43}},"4":{"start":{"line":11,"column":0},"end":{"line":16,"column":3}},"5":{"start":{"line":13,"column":4},"end":{"line":13,"column":28}},"6":{"start":{"line":15,"column":4},"end":{"line":15,"column":11}},"7":{"start":{"line":17,"column":0},"end":{"line":17,"column":56}},"8":{"start":{"line":21,"column":0},"end":{"line":25,"column":3}},"9":{"start":{"line":22,"column":4},"end":{"line":22,"column":32}},"10":{"start":{"line":24,"column":4},"end":{"line":24,"column":11}},"11":{"start":{"line":27,"column":0},"end":{"line":27,"column":71}},"12":{"start":{"line":29,"column":0},"end":{"line":29,"column":71}},"13":{"start":{"line":31,"column":0},"end":{"line":31,"column":45}},"14":{"start":{"line":33,"column":0},"end":{"line":33,"column":54}},"15":{"start":{"line":35,"column":0},"end":{"line":35,"column":54}},"16":{"start":{"line":37,"column":0},"end":{"line":42,"column":3}},"17":{"start":{"line":39,"column":4},"end":{"line":39,"column":26}},"18":{"start":{"line":41,"column":4},"end":{"line":41,"column":11}},"19":{"start":{"line":44,"column":0},"end":{"line":44,"column":50}},"20":{"start":{"line":46,"column":0},"end":{"line":46,"column":24}}},"fnMap":{"0":{"name":"(anonymous_0)","decl":{"start":{"line":11,"column":25},"end":{"line":11,"column":26}},"loc":{"start":{"line":12,"column":0},"end":{"line":16,"column":1}},"line":12},"1":{"name":"(anonymous_1)","decl":{"start":{"line":21,"column":27},"end":{"line":21,"column":28}},"loc":{"start":{"line":21,"column":59},"end":{"line":25,"column":1}},"line":21},"2":{"name":"(anonymous_2)","decl":{"start":{"line":37,"column":24},"end":{"line":37,"column":25}},"loc":{"start":{"line":38,"column":0},"end":{"line":42,"column":1}},"line":38}},"branchMap":{},"s":{"0":1,"1":1,"2":1,"3":1,"4":1,"5":1,"6":1,"7":1,"8":1,"9":1,"10":1,"11":1,"12":1,"13":1,"14":1,"15":1,"16":1,"17":2,"18":2,"19":1,"20":1},"f":{"0":1,"1":1,"2":2},"b":{},"_coverageSchema":"1a1c01bbd47fc00a2c39e90264f33305004495a9","hash":"33981579b3058ad9c384be00690c4dab15a8e192"}
,"C:\\Users\\squid\\Desktop\\Suli\\13. Osztály\\Vizsgaremek\\users\\api\\routes\\userRoutes.js": {"path":"C:\\Users\\squid\\Desktop\\Suli\\13. Osztály\\Vizsgaremek\\users\\api\\routes\\userRoutes.js","statementMap":{"0":{"start":{"line":1,"column":16},"end":{"line":1,"column":34}},"1":{"start":{"line":3,"column":15},"end":{"line":3,"column":31}},"2":{"start":{"line":5,"column":23},"end":{"line":5,"column":63}},"3":{"start":{"line":7,"column":23},"end":{"line":7,"column":63}},"4":{"start":{"line":9,"column":0},"end":{"line":12,"column":2}},"5":{"start":{"line":10,"column":4},"end":{"line":10,"column":24}},"6":{"start":{"line":11,"column":4},"end":{"line":11,"column":10}},"7":{"start":{"line":13,"column":0},"end":{"line":13,"column":100}},"8":{"start":{"line":14,"column":0},"end":{"line":14,"column":124}},"9":{"start":{"line":16,"column":0},"end":{"line":16,"column":44}},"10":{"start":{"line":18,"column":0},"end":{"line":18,"column":47}},"11":{"start":{"line":20,"column":0},"end":{"line":20,"column":51}},"12":{"start":{"line":22,"column":0},"end":{"line":22,"column":86}},"13":{"start":{"line":24,"column":0},"end":{"line":24,"column":86}},"14":{"start":{"line":26,"column":0},"end":{"line":26,"column":67}},"15":{"start":{"line":28,"column":0},"end":{"line":28,"column":51}},"16":{"start":{"line":30,"column":0},"end":{"line":30,"column":24}}},"fnMap":{"0":{"name":"(anonymous_0)","decl":{"start":{"line":9,"column":22},"end":{"line":9,"column":23}},"loc":{"start":{"line":9,"column":45},"end":{"line":12,"column":1}},"line":9}},"branchMap":{},"s":{"0":1,"1":1,"2":1,"3":1,"4":1,"5":2,"6":2,"7":1,"8":1,"9":1,"10":1,"11":1,"12":1,"13":1,"14":1,"15":1,"16":1},"f":{"0":2},"b":{},"_coverageSchema":"1a1c01bbd47fc00a2c39e90264f33305004495a9","hash":"9eae25959538cfabbf4bc06783980304f4c3cda6"}
,"C:\\Users\\squid\\Desktop\\Suli\\13. Osztály\\Vizsgaremek\\users\\api\\services\\ScoreService.js": {"path":"C:\\Users\\squid\\Desktop\\Suli\\13. Osztály\\Vizsgaremek\\users\\api\\services\\ScoreService.js","statementMap":{"0":{"start":{"line":1,"column":43},"end":{"line":1,"column":63}},"1":{"start":{"line":5,"column":8},"end":{"line":5,"column":78}},"2":{"start":{"line":9,"column":8},"end":{"line":9,"column":54}},"3":{"start":{"line":13,"column":8},"end":{"line":13,"column":69}},"4":{"start":{"line":13,"column":23},"end":{"line":13,"column":69}},"5":{"start":{"line":14,"column":8},"end":{"line":14,"column":68}},"6":{"start":{"line":18,"column":8},"end":{"line":18,"column":73}},"7":{"start":{"line":18,"column":25},"end":{"line":18,"column":73}},"8":{"start":{"line":19,"column":8},"end":{"line":19,"column":74}},"9":{"start":{"line":23,"column":8},"end":{"line":23,"column":73}},"10":{"start":{"line":23,"column":25},"end":{"line":23,"column":73}},"11":{"start":{"line":24,"column":8},"end":{"line":24,"column":70}},"12":{"start":{"line":28,"column":8},"end":{"line":28,"column":93}},"13":{"start":{"line":28,"column":22},"end":{"line":28,"column":93}},"14":{"start":{"line":29,"column":22},"end":{"line":29,"column":66}},"15":{"start":{"line":30,"column":8},"end":{"line":30,"column":97}},"16":{"start":{"line":30,"column":20},"end":{"line":30,"column":97}},"17":{"start":{"line":31,"column":8},"end":{"line":31,"column":21}},"18":{"start":{"line":35,"column":8},"end":{"line":35,"column":93}},"19":{"start":{"line":35,"column":24},"end":{"line":35,"column":93}},"20":{"start":{"line":36,"column":8},"end":{"line":36,"column":96}},"21":{"start":{"line":36,"column":31},"end":{"line":36,"column":96}},"22":{"start":{"line":37,"column":8},"end":{"line":37,"column":113}},"23":{"start":{"line":37,"column":43},"end":{"line":37,"column":113}},"24":{"start":{"line":38,"column":8},"end":{"line":38,"column":100}},"25":{"start":{"line":38,"column":33},"end":{"line":38,"column":100}},"26":{"start":{"line":39,"column":8},"end":{"line":39,"column":65}},"27":{"start":{"line":43,"column":8},"end":{"line":43,"column":68}},"28":{"start":{"line":43,"column":22},"end":{"line":43,"column":68}},"29":{"start":{"line":44,"column":8},"end":{"line":44,"column":130}},"30":{"start":{"line":44,"column":63},"end":{"line":44,"column":130}},"31":{"start":{"line":45,"column":8},"end":{"line":45,"column":96}},"32":{"start":{"line":45,"column":31},"end":{"line":45,"column":96}},"33":{"start":{"line":46,"column":8},"end":{"line":46,"column":113}},"34":{"start":{"line":46,"column":43},"end":{"line":46,"column":113}},"35":{"start":{"line":47,"column":8},"end":{"line":47,"column":100}},"36":{"start":{"line":47,"column":33},"end":{"line":47,"column":100}},"37":{"start":{"line":48,"column":8},"end":{"line":48,"column":74}},"38":{"start":{"line":52,"column":8},"end":{"line":52,"column":68}},"39":{"start":{"line":52,"column":22},"end":{"line":52,"column":68}},"40":{"start":{"line":53,"column":22},"end":{"line":53,"column":69}},"41":{"start":{"line":54,"column":8},"end":{"line":54,"column":97}},"42":{"start":{"line":54,"column":20},"end":{"line":54,"column":97}},"43":{"start":{"line":55,"column":8},"end":{"line":55,"column":33}},"44":{"start":{"line":59,"column":0},"end":{"line":59,"column":30}}},"fnMap":{"0":{"name":"(anonymous_0)","decl":{"start":{"line":4,"column":4},"end":{"line":4,"column":5}},"loc":{"start":{"line":4,"column":20},"end":{"line":6,"column":5}},"line":4},"1":{"name":"(anonymous_1)","decl":{"start":{"line":8,"column":4},"end":{"line":8,"column":5}},"loc":{"start":{"line":8,"column":22},"end":{"line":10,"column":5}},"line":8},"2":{"name":"(anonymous_2)","decl":{"start":{"line":12,"column":4},"end":{"line":12,"column":5}},"loc":{"start":{"line":12,"column":35},"end":{"line":15,"column":5}},"line":12},"3":{"name":"(anonymous_3)","decl":{"start":{"line":17,"column":4},"end":{"line":17,"column":5}},"loc":{"start":{"line":17,"column":42},"end":{"line":20,"column":5}},"line":17},"4":{"name":"(anonymous_4)","decl":{"start":{"line":22,"column":4},"end":{"line":22,"column":5}},"loc":{"start":{"line":22,"column":38},"end":{"line":25,"column":5}},"line":22},"5":{"name":"(anonymous_5)","decl":{"start":{"line":27,"column":4},"end":{"line":27,"column":5}},"loc":{"start":{"line":27,"column":28},"end":{"line":32,"column":5}},"line":27},"6":{"name":"(anonymous_6)","decl":{"start":{"line":34,"column":4},"end":{"line":34,"column":5}},"loc":{"start":{"line":34,"column":33},"end":{"line":40,"column":5}},"line":34},"7":{"name":"(anonymous_7)","decl":{"start":{"line":42,"column":4},"end":{"line":42,"column":5}},"loc":{"start":{"line":42,"column":42},"end":{"line":49,"column":5}},"line":42},"8":{"name":"(anonymous_8)","decl":{"start":{"line":51,"column":4},"end":{"line":51,"column":5}},"loc":{"start":{"line":51,"column":31},"end":{"line":56,"column":5}},"line":51}},"branchMap":{"0":{"loc":{"start":{"line":13,"column":8},"end":{"line":13,"column":69}},"type":"if","locations":[{"start":{"line":13,"column":8},"end":{"line":13,"column":69}},{"start":{},"end":{}}],"line":13},"1":{"loc":{"start":{"line":18,"column":8},"end":{"line":18,"column":73}},"type":"if","locations":[{"start":{"line":18,"column":8},"end":{"line":18,"column":73}},{"start":{},"end":{}}],"line":18},"2":{"loc":{"start":{"line":23,"column":8},"end":{"line":23,"column":73}},"type":"if","locations":[{"start":{"line":23,"column":8},"end":{"line":23,"column":73}},{"start":{},"end":{}}],"line":23},"3":{"loc":{"start":{"line":28,"column":8},"end":{"line":28,"column":93}},"type":"if","locations":[{"start":{"line":28,"column":8},"end":{"line":28,"column":93}},{"start":{},"end":{}}],"line":28},"4":{"loc":{"start":{"line":30,"column":8},"end":{"line":30,"column":97}},"type":"if","locations":[{"start":{"line":30,"column":8},"end":{"line":30,"column":97}},{"start":{},"end":{}}],"line":30},"5":{"loc":{"start":{"line":35,"column":8},"end":{"line":35,"column":93}},"type":"if","locations":[{"start":{"line":35,"column":8},"end":{"line":35,"column":93}},{"start":{},"end":{}}],"line":35},"6":{"loc":{"start":{"line":36,"column":8},"end":{"line":36,"column":96}},"type":"if","locations":[{"start":{"line":36,"column":8},"end":{"line":36,"column":96}},{"start":{},"end":{}}],"line":36},"7":{"loc":{"start":{"line":37,"column":8},"end":{"line":37,"column":113}},"type":"if","locations":[{"start":{"line":37,"column":8},"end":{"line":37,"column":113}},{"start":{},"end":{}}],"line":37},"8":{"loc":{"start":{"line":38,"column":8},"end":{"line":38,"column":100}},"type":"if","locations":[{"start":{"line":38,"column":8},"end":{"line":38,"column":100}},{"start":{},"end":{}}],"line":38},"9":{"loc":{"start":{"line":43,"column":8},"end":{"line":43,"column":68}},"type":"if","locations":[{"start":{"line":43,"column":8},"end":{"line":43,"column":68}},{"start":{},"end":{}}],"line":43},"10":{"loc":{"start":{"line":44,"column":8},"end":{"line":44,"column":130}},"type":"if","locations":[{"start":{"line":44,"column":8},"end":{"line":44,"column":130}},{"start":{},"end":{}}],"line":44},"11":{"loc":{"start":{"line":44,"column":12},"end":{"line":44,"column":61}},"type":"binary-expr","locations":[{"start":{"line":44,"column":12},"end":{"line":44,"column":22}},{"start":{"line":44,"column":26},"end":{"line":44,"column":61}}],"line":44},"12":{"loc":{"start":{"line":45,"column":8},"end":{"line":45,"column":96}},"type":"if","locations":[{"start":{"line":45,"column":8},"end":{"line":45,"column":96}},{"start":{},"end":{}}],"line":45},"13":{"loc":{"start":{"line":46,"column":8},"end":{"line":46,"column":113}},"type":"if","locations":[{"start":{"line":46,"column":8},"end":{"line":46,"column":113}},{"start":{},"end":{}}],"line":46},"14":{"loc":{"start":{"line":47,"column":8},"end":{"line":47,"column":100}},"type":"if","locations":[{"start":{"line":47,"column":8},"end":{"line":47,"column":100}},{"start":{},"end":{}}],"line":47},"15":{"loc":{"start":{"line":52,"column":8},"end":{"line":52,"column":68}},"type":"if","locations":[{"start":{"line":52,"column":8},"end":{"line":52,"column":68}},{"start":{},"end":{}}],"line":52},"16":{"loc":{"start":{"line":54,"column":8},"end":{"line":54,"column":97}},"type":"if","locations":[{"start":{"line":54,"column":8},"end":{"line":54,"column":97}},{"start":{},"end":{}}],"line":54}},"s":{"0":1,"1":3,"2":1,"3":1,"4":0,"5":1,"6":1,"7":0,"8":1,"9":0,"10":0,"11":0,"12":0,"13":0,"14":0,"15":0,"16":0,"17":0,"18":2,"19":0,"20":2,"21":0,"22":2,"23":0,"24":2,"25":1,"26":1,"27":1,"28":0,"29":1,"30":0,"31":1,"32":0,"33":1,"34":0,"35":1,"36":0,"37":1,"38":1,"39":0,"40":1,"41":1,"42":0,"43":1,"44":1},"f":{"0":3,"1":1,"2":1,"3":1,"4":0,"5":0,"6":2,"7":1,"8":1},"b":{"0":[0,1],"1":[0,1],"2":[0,0],"3":[0,0],"4":[0,0],"5":[0,2],"6":[0,2],"7":[0,2],"8":[1,1],"9":[0,1],"10":[0,1],"11":[1,1],"12":[0,1],"13":[0,1],"14":[0,1],"15":[0,1],"16":[0,1]},"_coverageSchema":"1a1c01bbd47fc00a2c39e90264f33305004495a9","hash":"464a6469b36e5e196db334354c26492382636fe1"}
,"C:\\Users\\squid\\Desktop\\Suli\\13. Osztály\\Vizsgaremek\\users\\api\\services\\UserService.js": {"path":"C:\\Users\\squid\\Desktop\\Suli\\13. Osztály\\Vizsgaremek\\users\\api\\services\\UserService.js","statementMap":{"0":{"start":{"line":1,"column":43},"end":{"line":1,"column":63}},"1":{"start":{"line":2,"column":18},"end":{"line":2,"column":51}},"2":{"start":{"line":3,"column":22},"end":{"line":3,"column":56}},"3":{"start":{"line":9,"column":8},"end":{"line":9,"column":76}},"4":{"start":{"line":14,"column":8},"end":{"line":14,"column":52}},"5":{"start":{"line":19,"column":8},"end":{"line":19,"column":64}},"6":{"start":{"line":24,"column":8},"end":{"line":24,"column":90}},"7":{"start":{"line":24,"column":20},"end":{"line":24,"column":90}},"8":{"start":{"line":26,"column":21},"end":{"line":26,"column":62}},"9":{"start":{"line":28,"column":8},"end":{"line":31,"column":11}},"10":{"start":{"line":28,"column":18},"end":{"line":31,"column":11}},"11":{"start":{"line":33,"column":8},"end":{"line":33,"column":20}},"12":{"start":{"line":38,"column":8},"end":{"line":41,"column":11}},"13":{"start":{"line":38,"column":22},"end":{"line":41,"column":11}},"14":{"start":{"line":43,"column":8},"end":{"line":46,"column":11}},"15":{"start":{"line":43,"column":27},"end":{"line":46,"column":11}},"16":{"start":{"line":48,"column":8},"end":{"line":51,"column":11}},"17":{"start":{"line":48,"column":31},"end":{"line":51,"column":11}},"18":{"start":{"line":53,"column":8},"end":{"line":56,"column":11}},"19":{"start":{"line":53,"column":28},"end":{"line":56,"column":11}},"20":{"start":{"line":58,"column":8},"end":{"line":58,"column":62}},"21":{"start":{"line":61,"column":4},"end":{"line":63,"column":5}},"22":{"start":{"line":62,"column":8},"end":{"line":62,"column":53}},"23":{"start":{"line":65,"column":4},"end":{"line":67,"column":5}},"24":{"start":{"line":66,"column":8},"end":{"line":66,"column":73}},"25":{"start":{"line":69,"column":4},"end":{"line":73,"column":5}},"26":{"start":{"line":70,"column":8},"end":{"line":72,"column":11}},"27":{"start":{"line":75,"column":4},"end":{"line":79,"column":5}},"28":{"start":{"line":76,"column":8},"end":{"line":78,"column":11}},"29":{"start":{"line":81,"column":4},"end":{"line":85,"column":5}},"30":{"start":{"line":82,"column":8},"end":{"line":84,"column":11}},"31":{"start":{"line":87,"column":4},"end":{"line":91,"column":5}},"32":{"start":{"line":88,"column":8},"end":{"line":90,"column":11}},"33":{"start":{"line":93,"column":4},"end":{"line":93,"column":66}},"34":{"start":{"line":98,"column":8},"end":{"line":98,"column":66}},"35":{"start":{"line":98,"column":21},"end":{"line":98,"column":66}},"36":{"start":{"line":99,"column":8},"end":{"line":99,"column":69}},"37":{"start":{"line":99,"column":23},"end":{"line":99,"column":69}},"38":{"start":{"line":101,"column":8},"end":{"line":101,"column":74}},"39":{"start":{"line":105,"column":8},"end":{"line":105,"column":66}},"40":{"start":{"line":105,"column":21},"end":{"line":105,"column":66}},"41":{"start":{"line":106,"column":8},"end":{"line":106,"column":65}},"42":{"start":{"line":106,"column":19},"end":{"line":106,"column":65}},"43":{"start":{"line":108,"column":8},"end":{"line":108,"column":70}},"44":{"start":{"line":112,"column":8},"end":{"line":112,"column":65}},"45":{"start":{"line":112,"column":20},"end":{"line":112,"column":65}},"46":{"start":{"line":113,"column":8},"end":{"line":113,"column":60}},"47":{"start":{"line":117,"column":8},"end":{"line":117,"column":67}},"48":{"start":{"line":117,"column":20},"end":{"line":117,"column":67}},"49":{"start":{"line":118,"column":8},"end":{"line":118,"column":73}},"50":{"start":{"line":118,"column":23},"end":{"line":118,"column":73}},"51":{"start":{"line":120,"column":29},"end":{"line":120,"column":93}},"52":{"start":{"line":122,"column":8},"end":{"line":124,"column":9}},"53":{"start":{"line":123,"column":8},"end":{"line":123,"column":85}},"54":{"start":{"line":126,"column":8},"end":{"line":130,"column":11}},"55":{"start":{"line":132,"column":8},"end":{"line":132,"column":33}},"56":{"start":{"line":136,"column":0},"end":{"line":136,"column":29}}},"fnMap":{"0":{"name":"(anonymous_0)","decl":{"start":{"line":7,"column":4},"end":{"line":7,"column":5}},"loc":{"start":{"line":8,"column":4},"end":{"line":10,"column":5}},"line":8},"1":{"name":"(anonymous_1)","decl":{"start":{"line":12,"column":4},"end":{"line":12,"column":5}},"loc":{"start":{"line":13,"column":4},"end":{"line":15,"column":5}},"line":13},"2":{"name":"(anonymous_2)","decl":{"start":{"line":17,"column":4},"end":{"line":17,"column":5}},"loc":{"start":{"line":18,"column":4},"end":{"line":20,"column":5}},"line":18},"3":{"name":"(anonymous_3)","decl":{"start":{"line":22,"column":4},"end":{"line":22,"column":5}},"loc":{"start":{"line":23,"column":4},"end":{"line":34,"column":5}},"line":23},"4":{"name":"(anonymous_4)","decl":{"start":{"line":36,"column":4},"end":{"line":36,"column":5}},"loc":{"start":{"line":37,"column":4},"end":{"line":59,"column":5}},"line":37},"5":{"name":"(anonymous_5)","decl":{"start":{"line":60,"column":3},"end":{"line":60,"column":4}},"loc":{"start":{"line":60,"column":38},"end":{"line":94,"column":1}},"line":60},"6":{"name":"(anonymous_6)","decl":{"start":{"line":97,"column":4},"end":{"line":97,"column":5}},"loc":{"start":{"line":97,"column":43},"end":{"line":102,"column":5}},"line":97},"7":{"name":"(anonymous_7)","decl":{"start":{"line":104,"column":4},"end":{"line":104,"column":5}},"loc":{"start":{"line":104,"column":39},"end":{"line":109,"column":5}},"line":104},"8":{"name":"(anonymous_8)","decl":{"start":{"line":111,"column":4},"end":{"line":111,"column":5}},"loc":{"start":{"line":111,"column":28},"end":{"line":114,"column":5}},"line":111},"9":{"name":"(anonymous_9)","decl":{"start":{"line":116,"column":4},"end":{"line":116,"column":5}},"loc":{"start":{"line":116,"column":48},"end":{"line":133,"column":5}},"line":116}},"branchMap":{"0":{"loc":{"start":{"line":24,"column":8},"end":{"line":24,"column":90}},"type":"if","locations":[{"start":{"line":24,"column":8},"end":{"line":24,"column":90}},{"start":{},"end":{}}],"line":24},"1":{"loc":{"start":{"line":28,"column":8},"end":{"line":31,"column":11}},"type":"if","locations":[{"start":{"line":28,"column":8},"end":{"line":31,"column":11}},{"start":{},"end":{}}],"line":28},"2":{"loc":{"start":{"line":38,"column":8},"end":{"line":41,"column":11}},"type":"if","locations":[{"start":{"line":38,"column":8},"end":{"line":41,"column":11}},{"start":{},"end":{}}],"line":38},"3":{"loc":{"start":{"line":43,"column":8},"end":{"line":46,"column":11}},"type":"if","locations":[{"start":{"line":43,"column":8},"end":{"line":46,"column":11}},{"start":{},"end":{}}],"line":43},"4":{"loc":{"start":{"line":48,"column":8},"end":{"line":51,"column":11}},"type":"if","locations":[{"start":{"line":48,"column":8},"end":{"line":51,"column":11}},{"start":{},"end":{}}],"line":48},"5":{"loc":{"start":{"line":53,"column":8},"end":{"line":56,"column":11}},"type":"if","locations":[{"start":{"line":53,"column":8},"end":{"line":56,"column":11}},{"start":{},"end":{}}],"line":53},"6":{"loc":{"start":{"line":61,"column":4},"end":{"line":63,"column":5}},"type":"if","locations":[{"start":{"line":61,"column":4},"end":{"line":63,"column":5}},{"start":{},"end":{}}],"line":61},"7":{"loc":{"start":{"line":65,"column":4},"end":{"line":67,"column":5}},"type":"if","locations":[{"start":{"line":65,"column":4},"end":{"line":67,"column":5}},{"start":{},"end":{}}],"line":65},"8":{"loc":{"start":{"line":65,"column":8},"end":{"line":65,"column":55}},"type":"binary-expr","locations":[{"start":{"line":65,"column":8},"end":{"line":65,"column":17}},{"start":{"line":65,"column":21},"end":{"line":65,"column":55}}],"line":65},"9":{"loc":{"start":{"line":69,"column":4},"end":{"line":73,"column":5}},"type":"if","locations":[{"start":{"line":69,"column":4},"end":{"line":73,"column":5}},{"start":{},"end":{}}],"line":69},"10":{"loc":{"start":{"line":75,"column":4},"end":{"line":79,"column":5}},"type":"if","locations":[{"start":{"line":75,"column":4},"end":{"line":79,"column":5}},{"start":{},"end":{}}],"line":75},"11":{"loc":{"start":{"line":81,"column":4},"end":{"line":85,"column":5}},"type":"if","locations":[{"start":{"line":81,"column":4},"end":{"line":85,"column":5}},{"start":{},"end":{}}],"line":81},"12":{"loc":{"start":{"line":87,"column":4},"end":{"line":91,"column":5}},"type":"if","locations":[{"start":{"line":87,"column":4},"end":{"line":91,"column":5}},{"start":{},"end":{}}],"line":87},"13":{"loc":{"start":{"line":87,"column":8},"end":{"line":87,"column":67}},"type":"binary-expr","locations":[{"start":{"line":87,"column":8},"end":{"line":87,"column":38}},{"start":{"line":87,"column":42},"end":{"line":87,"column":67}}],"line":87},"14":{"loc":{"start":{"line":98,"column":8},"end":{"line":98,"column":66}},"type":"if","locations":[{"start":{"line":98,"column":8},"end":{"line":98,"column":66}},{"start":{},"end":{}}],"line":98},"15":{"loc":{"start":{"line":99,"column":8},"end":{"line":99,"column":69}},"type":"if","locations":[{"start":{"line":99,"column":8},"end":{"line":99,"column":69}},{"start":{},"end":{}}],"line":99},"16":{"loc":{"start":{"line":105,"column":8},"end":{"line":105,"column":66}},"type":"if","locations":[{"start":{"line":105,"column":8},"end":{"line":105,"column":66}},{"start":{},"end":{}}],"line":105},"17":{"loc":{"start":{"line":106,"column":8},"end":{"line":106,"column":65}},"type":"if","locations":[{"start":{"line":106,"column":8},"end":{"line":106,"column":65}},{"start":{},"end":{}}],"line":106},"18":{"loc":{"start":{"line":112,"column":8},"end":{"line":112,"column":65}},"type":"if","locations":[{"start":{"line":112,"column":8},"end":{"line":112,"column":65}},{"start":{},"end":{}}],"line":112},"19":{"loc":{"start":{"line":117,"column":8},"end":{"line":117,"column":67}},"type":"if","locations":[{"start":{"line":117,"column":8},"end":{"line":117,"column":67}},{"start":{},"end":{}}],"line":117},"20":{"loc":{"start":{"line":118,"column":8},"end":{"line":118,"column":73}},"type":"if","locations":[{"start":{"line":118,"column":8},"end":{"line":118,"column":73}},{"start":{},"end":{}}],"line":118},"21":{"loc":{"start":{"line":122,"column":8},"end":{"line":124,"column":9}},"type":"if","locations":[{"start":{"line":122,"column":8},"end":{"line":124,"column":9}},{"start":{},"end":{}}],"line":122}},"s":{"0":1,"1":1,"2":1,"3":2,"4":1,"5":0,"6":2,"7":0,"8":2,"9":2,"10":0,"11":2,"12":0,"13":0,"14":0,"15":0,"16":0,"17":0,"18":0,"19":0,"20":0,"21":1,"22":0,"23":1,"24":0,"25":1,"26":0,"27":1,"28":0,"29":1,"30":0,"31":1,"32":0,"33":1,"34":0,"35":0,"36":0,"37":0,"38":0,"39":0,"40":0,"41":0,"42":0,"43":0,"44":1,"45":0,"46":1,"47":0,"48":0,"49":0,"50":0,"51":0,"52":0,"53":0,"54":0,"55":0,"56":1},"f":{"0":2,"1":1,"2":0,"3":2,"4":0,"5":1,"6":0,"7":0,"8":1,"9":0},"b":{"0":[0,2],"1":[0,2],"2":[0,0],"3":[0,0],"4":[0,0],"5":[0,0],"6":[0,1],"7":[0,1],"8":[1,1],"9":[0,1],"10":[0,1],"11":[0,1],"12":[0,1],"13":[1,1],"14":[0,0],"15":[0,0],"16":[0,0],"17":[0,0],"18":[0,1],"19":[0,0],"20":[0,0],"21":[0,0]},"_coverageSchema":"1a1c01bbd47fc00a2c39e90264f33305004495a9","hash":"00d6eeccdde849d44c7cb72f218b335a38e30a06"}
,"C:\\Users\\squid\\Desktop\\Suli\\13. Osztály\\Vizsgaremek\\users\\api\\services\\index.js": {"path":"C:\\Users\\squid\\Desktop\\Suli\\13. Osztály\\Vizsgaremek\\users\\api\\services\\index.js","statementMap":{"0":{"start":{"line":1,"column":21},"end":{"line":1,"column":46}},"1":{"start":{"line":2,"column":20},"end":{"line":2,"column":44}},"2":{"start":{"line":4,"column":0},"end":{"line":11,"column":1}},"3":{"start":{"line":6,"column":24},"end":{"line":6,"column":43}},"4":{"start":{"line":8,"column":25},"end":{"line":8,"column":45}},"5":{"start":{"line":10,"column":4},"end":{"line":10,"column":39}}},"fnMap":{"0":{"name":"(anonymous_0)","decl":{"start":{"line":4,"column":17},"end":{"line":4,"column":18}},"loc":{"start":{"line":5,"column":0},"end":{"line":11,"column":1}},"line":5}},"branchMap":{},"s":{"0":1,"1":1,"2":1,"3":2,"4":2,"5":2},"f":{"0":2},"b":{},"_coverageSchema":"1a1c01bbd47fc00a2c39e90264f33305004495a9","hash":"631866eb70bae2f00d05f8e5b7d3a6b528c2a399"}
,"C:\\Users\\squid\\Desktop\\Suli\\13. Osztály\\Vizsgaremek\\users\\api\\utilities\\authUtils.js": {"path":"C:\\Users\\squid\\Desktop\\Suli\\13. Osztály\\Vizsgaremek\\users\\api\\utilities\\authUtils.js","statementMap":{"0":{"start":{"line":1,"column":12},"end":{"line":1,"column":35}},"1":{"start":{"line":3,"column":15},"end":{"line":3,"column":32}},"2":{"start":{"line":5,"column":13},"end":{"line":5,"column":15}},"3":{"start":{"line":7,"column":0},"end":{"line":10,"column":1}},"4":{"start":{"line":9,"column":4},"end":{"line":9,"column":109}},"5":{"start":{"line":12,"column":0},"end":{"line":14,"column":2}},"6":{"start":{"line":13,"column":4},"end":{"line":13,"column":109}},"7":{"start":{"line":17,"column":0},"end":{"line":25,"column":1}},"8":{"start":{"line":19,"column":4},"end":{"line":24,"column":7}},"9":{"start":{"line":27,"column":0},"end":{"line":37,"column":1}},"10":{"start":{"line":29,"column":4},"end":{"line":36,"column":5}},"11":{"start":{"line":31,"column":8},"end":{"line":31,"column":57}},"12":{"start":{"line":35,"column":8},"end":{"line":35,"column":20}},"13":{"start":{"line":39,"column":0},"end":{"line":42,"column":1}},"14":{"start":{"line":41,"column":4},"end":{"line":41,"column":43}}},"fnMap":{"0":{"name":"(anonymous_0)","decl":{"start":{"line":7,"column":28},"end":{"line":7,"column":29}},"loc":{"start":{"line":8,"column":0},"end":{"line":10,"column":1}},"line":8},"1":{"name":"(anonymous_1)","decl":{"start":{"line":12,"column":28},"end":{"line":12,"column":29}},"loc":{"start":{"line":12,"column":38},"end":{"line":14,"column":1}},"line":12},"2":{"name":"(anonymous_2)","decl":{"start":{"line":17,"column":20},"end":{"line":17,"column":21}},"loc":{"start":{"line":18,"column":0},"end":{"line":25,"column":1}},"line":18},"3":{"name":"(anonymous_3)","decl":{"start":{"line":27,"column":22},"end":{"line":27,"column":23}},"loc":{"start":{"line":28,"column":0},"end":{"line":37,"column":1}},"line":28},"4":{"name":"(anonymous_4)","decl":{"start":{"line":39,"column":23},"end":{"line":39,"column":24}},"loc":{"start":{"line":40,"column":0},"end":{"line":42,"column":1}},"line":40}},"branchMap":{},"s":{"0":1,"1":1,"2":1,"3":1,"4":0,"5":1,"6":1,"7":1,"8":1,"9":1,"10":2,"11":2,"12":0,"13":1,"14":4},"f":{"0":0,"1":1,"2":1,"3":2,"4":4},"b":{},"_coverageSchema":"1a1c01bbd47fc00a2c39e90264f33305004495a9","hash":"ae281a66e5de8938cbf3c1d1359bfa33f4a5040b"}
,"C:\\Users\\squid\\Desktop\\Suli\\13. Osztály\\Vizsgaremek\\users\\api\\utilities\\emailUtils.js": {"path":"C:\\Users\\squid\\Desktop\\Suli\\13. Osztály\\Vizsgaremek\\users\\api\\utilities\\emailUtils.js","statementMap":{"0":{"start":{"line":1,"column":19},"end":{"line":1,"column":40}},"1":{"start":{"line":4,"column":22},"end":{"line":12,"column":4}},"2":{"start":{"line":14,"column":15},"end":{"line":19,"column":4}},"3":{"start":{"line":21,"column":2},"end":{"line":21,"column":46}},"4":{"start":{"line":24,"column":0},"end":{"line":24,"column":28}}},"fnMap":{"0":{"name":"sendEmail","decl":{"start":{"line":3,"column":15},"end":{"line":3,"column":24}},"loc":{"start":{"line":3,"column":48},"end":{"line":22,"column":1}},"line":3}},"branchMap":{},"s":{"0":1,"1":0,"2":0,"3":0,"4":1},"f":{"0":0},"b":{},"_coverageSchema":"1a1c01bbd47fc00a2c39e90264f33305004495a9","hash":"db4f5acdc349bb2006287fca7c83028855d47da6"}
}
