{"C:\\Users\\zsidakovits.balint\\Desktop\\Vizsgaremek\\users\\app.js": {"path":"C:\\Users\\zsidakovits.balint\\Desktop\\Vizsgaremek\\users\\app.js","statementMap":{"0":{"start":{"line":1,"column":16},"end":{"line":1,"column":34}},"1":{"start":{"line":2,"column":13},"end":{"line":2,"column":28}},"2":{"start":{"line":3,"column":21},"end":{"line":3,"column":45}},"3":{"start":{"line":5,"column":12},"end":{"line":5,"column":21}},"4":{"start":{"line":6,"column":12},"end":{"line":6,"column":21}},"5":{"start":{"line":8,"column":0},"end":{"line":8,"column":70}},"6":{"start":{"line":9,"column":0},"end":{"line":9,"column":24}},"7":{"start":{"line":10,"column":0},"end":{"line":10,"column":48}},"8":{"start":{"line":11,"column":0},"end":{"line":11,"column":24}},"9":{"start":{"line":13,"column":19},"end":{"line":13,"column":53}},"10":{"start":{"line":14,"column":19},"end":{"line":14,"column":53}},"11":{"start":{"line":15,"column":20},"end":{"line":15,"column":55}},"12":{"start":{"line":16,"column":21},"end":{"line":16,"column":62}},"13":{"start":{"line":18,"column":0},"end":{"line":18,"column":21}},"14":{"start":{"line":20,"column":0},"end":{"line":20,"column":30}},"15":{"start":{"line":21,"column":0},"end":{"line":21,"column":29}},"16":{"start":{"line":22,"column":0},"end":{"line":22,"column":31}},"17":{"start":{"line":24,"column":0},"end":{"line":24,"column":54}},"18":{"start":{"line":24,"column":33},"end":{"line":24,"column":52}},"19":{"start":{"line":26,"column":0},"end":{"line":26,"column":32}},"20":{"start":{"line":28,"column":0},"end":{"line":28,"column":21}}},"fnMap":{"0":{"name":"(anonymous_0)","decl":{"start":{"line":24,"column":19},"end":{"line":24,"column":20}},"loc":{"start":{"line":24,"column":33},"end":{"line":24,"column":52}},"line":24}},"branchMap":{},"s":{"0":1,"1":1,"2":1,"3":1,"4":1,"5":1,"6":1,"7":1,"8":1,"9":1,"10":1,"11":1,"12":1,"13":1,"14":1,"15":1,"16":1,"17":1,"18":0,"19":1,"20":1},"f":{"0":0},"b":{},"_coverageSchema":"1a1c01bbd47fc00a2c39e90264f33305004495a9","hash":"46a69926e31b851ec9681baadb21f076382646c0"}
,"C:\\Users\\zsidakovits.balint\\Desktop\\Vizsgaremek\\users\\api\\controllers\\authController.js": {"path":"C:\\Users\\zsidakovits.balint\\Desktop\\Vizsgaremek\\users\\api\\controllers\\authController.js","statementMap":{"0":{"start":{"line":1,"column":15},"end":{"line":1,"column":32}},"1":{"start":{"line":3,"column":11},"end":{"line":3,"column":27}},"2":{"start":{"line":5,"column":24},"end":{"line":5,"column":50}},"3":{"start":{"line":7,"column":18},"end":{"line":7,"column":51}},"4":{"start":{"line":9,"column":0},"end":{"line":36,"column":2}},"5":{"start":{"line":10,"column":33},"end":{"line":10,"column":41}},"6":{"start":{"line":12,"column":4},"end":{"line":14,"column":5}},"7":{"start":{"line":13,"column":8},"end":{"line":13,"column":79}},"8":{"start":{"line":17,"column":4},"end":{"line":21,"column":5}},"9":{"start":{"line":18,"column":8},"end":{"line":18,"column":49}},"10":{"start":{"line":20,"column":8},"end":{"line":20,"column":74}},"11":{"start":{"line":23,"column":4},"end":{"line":25,"column":5}},"12":{"start":{"line":24,"column":8},"end":{"line":24,"column":79}},"13":{"start":{"line":27,"column":26},"end":{"line":27,"column":71}},"14":{"start":{"line":28,"column":4},"end":{"line":30,"column":5}},"15":{"start":{"line":29,"column":8},"end":{"line":29,"column":79}},"16":{"start":{"line":32,"column":18},"end":{"line":32,"column":51}},"17":{"start":{"line":33,"column":4},"end":{"line":33,"column":50}},"18":{"start":{"line":35,"column":4},"end":{"line":35,"column":43}},"19":{"start":{"line":38,"column":0},"end":{"line":68,"column":2}},"20":{"start":{"line":39,"column":33},"end":{"line":39,"column":41}},"21":{"start":{"line":41,"column":4},"end":{"line":43,"column":5}},"22":{"start":{"line":42,"column":8},"end":{"line":42,"column":79}},"23":{"start":{"line":46,"column":4},"end":{"line":50,"column":5}},"24":{"start":{"line":47,"column":8},"end":{"line":47,"column":49}},"25":{"start":{"line":49,"column":8},"end":{"line":49,"column":74}},"26":{"start":{"line":52,"column":4},"end":{"line":54,"column":5}},"27":{"start":{"line":53,"column":8},"end":{"line":53,"column":79}},"28":{"start":{"line":56,"column":26},"end":{"line":56,"column":71}},"29":{"start":{"line":57,"column":4},"end":{"line":59,"column":5}},"30":{"start":{"line":58,"column":8},"end":{"line":58,"column":79}},"31":{"start":{"line":61,"column":4},"end":{"line":63,"column":5}},"32":{"start":{"line":62,"column":8},"end":{"line":62,"column":64}},"33":{"start":{"line":65,"column":18},"end":{"line":65,"column":51}},"34":{"start":{"line":67,"column":4},"end":{"line":67,"column":43}},"35":{"start":{"line":71,"column":0},"end":{"line":74,"column":1}},"36":{"start":{"line":73,"column":4},"end":{"line":73,"column":35}},"37":{"start":{"line":76,"column":0},"end":{"line":81,"column":1}},"38":{"start":{"line":78,"column":4},"end":{"line":78,"column":34}},"39":{"start":{"line":80,"column":4},"end":{"line":80,"column":24}}},"fnMap":{"0":{"name":"(anonymous_0)","decl":{"start":{"line":9,"column":16},"end":{"line":9,"column":17}},"loc":{"start":{"line":9,"column":36},"end":{"line":36,"column":1}},"line":9},"1":{"name":"(anonymous_1)","decl":{"start":{"line":38,"column":19},"end":{"line":38,"column":20}},"loc":{"start":{"line":38,"column":39},"end":{"line":68,"column":1}},"line":38},"2":{"name":"(anonymous_2)","decl":{"start":{"line":71,"column":17},"end":{"line":71,"column":18}},"loc":{"start":{"line":72,"column":0},"end":{"line":74,"column":1}},"line":72},"3":{"name":"(anonymous_3)","decl":{"start":{"line":76,"column":17},"end":{"line":76,"column":18}},"loc":{"start":{"line":77,"column":0},"end":{"line":81,"column":1}},"line":77}},"branchMap":{"0":{"loc":{"start":{"line":12,"column":4},"end":{"line":14,"column":5}},"type":"if","locations":[{"start":{"line":12,"column":4},"end":{"line":14,"column":5}},{"start":{},"end":{}}],"line":12},"1":{"loc":{"start":{"line":12,"column":8},"end":{"line":12,"column":28}},"type":"binary-expr","locations":[{"start":{"line":12,"column":8},"end":{"line":12,"column":15}},{"start":{"line":12,"column":19},"end":{"line":12,"column":28}}],"line":12},"2":{"loc":{"start":{"line":23,"column":4},"end":{"line":25,"column":5}},"type":"if","locations":[{"start":{"line":23,"column":4},"end":{"line":25,"column":5}},{"start":{},"end":{}}],"line":23},"3":{"loc":{"start":{"line":28,"column":4},"end":{"line":30,"column":5}},"type":"if","locations":[{"start":{"line":28,"column":4},"end":{"line":30,"column":5}},{"start":{},"end":{}}],"line":28},"4":{"loc":{"start":{"line":41,"column":4},"end":{"line":43,"column":5}},"type":"if","locations":[{"start":{"line":41,"column":4},"end":{"line":43,"column":5}},{"start":{},"end":{}}],"line":41},"5":{"loc":{"start":{"line":41,"column":8},"end":{"line":41,"column":28}},"type":"binary-expr","locations":[{"start":{"line":41,"column":8},"end":{"line":41,"column":15}},{"start":{"line":41,"column":19},"end":{"line":41,"column":28}}],"line":41},"6":{"loc":{"start":{"line":52,"column":4},"end":{"line":54,"column":5}},"type":"if","locations":[{"start":{"line":52,"column":4},"end":{"line":54,"column":5}},{"start":{},"end":{}}],"line":52},"7":{"loc":{"start":{"line":57,"column":4},"end":{"line":59,"column":5}},"type":"if","locations":[{"start":{"line":57,"column":4},"end":{"line":59,"column":5}},{"start":{},"end":{}}],"line":57},"8":{"loc":{"start":{"line":61,"column":4},"end":{"line":63,"column":5}},"type":"if","locations":[{"start":{"line":61,"column":4},"end":{"line":63,"column":5}},{"start":{},"end":{}}],"line":61}},"s":{"0":1,"1":1,"2":1,"3":1,"4":1,"5":3,"6":3,"7":1,"8":2,"9":2,"10":0,"11":2,"12":0,"13":2,"14":2,"15":1,"16":1,"17":1,"18":1,"19":1,"20":0,"21":0,"22":0,"23":0,"24":0,"25":0,"26":0,"27":0,"28":0,"29":0,"30":0,"31":0,"32":0,"33":0,"34":0,"35":1,"36":0,"37":1,"38":0,"39":0},"f":{"0":3,"1":0,"2":0,"3":0},"b":{"0":[1,2],"1":[3,2],"2":[0,2],"3":[1,1],"4":[0,0],"5":[0,0],"6":[0,0],"7":[0,0],"8":[0,0]},"_coverageSchema":"1a1c01bbd47fc00a2c39e90264f33305004495a9","hash":"3f43810c278bba5560baedf4bc709ec295a82748"}
,"C:\\Users\\zsidakovits.balint\\Desktop\\Vizsgaremek\\users\\api\\controllers\\scoreController.js": {"path":"C:\\Users\\zsidakovits.balint\\Desktop\\Vizsgaremek\\users\\api\\controllers\\scoreController.js","statementMap":{"0":{"start":{"line":1,"column":11},"end":{"line":1,"column":27}},"1":{"start":{"line":2,"column":21},"end":{"line":2,"column":56}},"2":{"start":{"line":3,"column":21},"end":{"line":3,"column":41}},"3":{"start":{"line":5,"column":0},"end":{"line":12,"column":2}},"4":{"start":{"line":6,"column":4},"end":{"line":11,"column":5}},"5":{"start":{"line":7,"column":23},"end":{"line":7,"column":53}},"6":{"start":{"line":8,"column":8},"end":{"line":8,"column":37}},"7":{"start":{"line":10,"column":8},"end":{"line":10,"column":20}},"8":{"start":{"line":14,"column":0},"end":{"line":22,"column":2}},"9":{"start":{"line":15,"column":20},"end":{"line":15,"column":31}},"10":{"start":{"line":16,"column":4},"end":{"line":21,"column":5}},"11":{"start":{"line":17,"column":22},"end":{"line":17,"column":58}},"12":{"start":{"line":18,"column":8},"end":{"line":18,"column":36}},"13":{"start":{"line":20,"column":8},"end":{"line":20,"column":20}},"14":{"start":{"line":24,"column":0},"end":{"line":32,"column":2}},"15":{"start":{"line":25,"column":21},"end":{"line":25,"column":33}},"16":{"start":{"line":26,"column":5},"end":{"line":31,"column":5}},"17":{"start":{"line":27,"column":23},"end":{"line":27,"column":67}},"18":{"start":{"line":28,"column":8},"end":{"line":28,"column":37}},"19":{"start":{"line":30,"column":8},"end":{"line":30,"column":20}},"20":{"start":{"line":34,"column":0},"end":{"line":42,"column":2}},"21":{"start":{"line":35,"column":23},"end":{"line":35,"column":37}},"22":{"start":{"line":36,"column":4},"end":{"line":41,"column":5}},"23":{"start":{"line":37,"column":27},"end":{"line":37,"column":77}},"24":{"start":{"line":38,"column":8},"end":{"line":38,"column":41}},"25":{"start":{"line":40,"column":8},"end":{"line":40,"column":20}},"26":{"start":{"line":44,"column":0},"end":{"line":52,"column":2}},"27":{"start":{"line":45,"column":40},"end":{"line":45,"column":54}},"28":{"start":{"line":46,"column":4},"end":{"line":51,"column":5}},"29":{"start":{"line":47,"column":25},"end":{"line":47,"column":84}},"30":{"start":{"line":48,"column":8},"end":{"line":48,"column":39}},"31":{"start":{"line":50,"column":8},"end":{"line":50,"column":20}},"32":{"start":{"line":54,"column":0},"end":{"line":63,"column":2}},"33":{"start":{"line":55,"column":20},"end":{"line":55,"column":46}},"34":{"start":{"line":56,"column":40},"end":{"line":56,"column":54}},"35":{"start":{"line":57,"column":4},"end":{"line":62,"column":5}},"36":{"start":{"line":58,"column":29},"end":{"line":58,"column":97}},"37":{"start":{"line":59,"column":8},"end":{"line":59,"column":43}},"38":{"start":{"line":61,"column":8},"end":{"line":61,"column":20}},"39":{"start":{"line":65,"column":0},"end":{"line":73,"column":2}},"40":{"start":{"line":66,"column":20},"end":{"line":66,"column":31}},"41":{"start":{"line":67,"column":4},"end":{"line":72,"column":5}},"42":{"start":{"line":68,"column":23},"end":{"line":68,"column":62}},"43":{"start":{"line":69,"column":8},"end":{"line":69,"column":37}},"44":{"start":{"line":71,"column":8},"end":{"line":71,"column":20}}},"fnMap":{"0":{"name":"(anonymous_0)","decl":{"start":{"line":5,"column":20},"end":{"line":5,"column":21}},"loc":{"start":{"line":5,"column":46},"end":{"line":12,"column":1}},"line":5},"1":{"name":"(anonymous_1)","decl":{"start":{"line":14,"column":19},"end":{"line":14,"column":20}},"loc":{"start":{"line":14,"column":45},"end":{"line":22,"column":1}},"line":14},"2":{"name":"(anonymous_2)","decl":{"start":{"line":24,"column":26},"end":{"line":24,"column":27}},"loc":{"start":{"line":24,"column":52},"end":{"line":32,"column":1}},"line":24},"3":{"name":"(anonymous_3)","decl":{"start":{"line":34,"column":30},"end":{"line":34,"column":31}},"loc":{"start":{"line":34,"column":56},"end":{"line":42,"column":1}},"line":34},"4":{"name":"(anonymous_4)","decl":{"start":{"line":44,"column":22},"end":{"line":44,"column":23}},"loc":{"start":{"line":44,"column":48},"end":{"line":52,"column":1}},"line":44},"5":{"name":"(anonymous_5)","decl":{"start":{"line":54,"column":22},"end":{"line":54,"column":23}},"loc":{"start":{"line":54,"column":48},"end":{"line":63,"column":1}},"line":54},"6":{"name":"(anonymous_6)","decl":{"start":{"line":65,"column":22},"end":{"line":65,"column":23}},"loc":{"start":{"line":65,"column":48},"end":{"line":73,"column":1}},"line":65}},"branchMap":{"0":{"loc":{"start":{"line":45,"column":40},"end":{"line":45,"column":54}},"type":"binary-expr","locations":[{"start":{"line":45,"column":40},"end":{"line":45,"column":48}},{"start":{"line":45,"column":52},"end":{"line":45,"column":54}}],"line":45},"1":{"loc":{"start":{"line":55,"column":20},"end":{"line":55,"column":46}},"type":"binary-expr","locations":[{"start":{"line":55,"column":20},"end":{"line":55,"column":31}},{"start":{"line":55,"column":35},"end":{"line":55,"column":46}}],"line":55},"2":{"loc":{"start":{"line":56,"column":40},"end":{"line":56,"column":54}},"type":"binary-expr","locations":[{"start":{"line":56,"column":40},"end":{"line":56,"column":48}},{"start":{"line":56,"column":52},"end":{"line":56,"column":54}}],"line":56}},"s":{"0":1,"1":1,"2":1,"3":1,"4":1,"5":1,"6":1,"7":0,"8":1,"9":0,"10":0,"11":0,"12":0,"13":0,"14":1,"15":1,"16":1,"17":1,"18":1,"19":0,"20":1,"21":1,"22":1,"23":1,"24":1,"25":0,"26":1,"27":2,"28":2,"29":2,"30":1,"31":1,"32":1,"33":1,"34":1,"35":1,"36":1,"37":1,"38":0,"39":1,"40":1,"41":1,"42":1,"43":1,"44":0},"f":{"0":1,"1":0,"2":1,"3":1,"4":2,"5":1,"6":1},"b":{"0":[2,0],"1":[1,1],"2":[1,0]},"_coverageSchema":"1a1c01bbd47fc00a2c39e90264f33305004495a9","hash":"a9e678bdf8495028d7911eae26603caf27961df3"}
,"C:\\Users\\zsidakovits.balint\\Desktop\\Vizsgaremek\\users\\api\\controllers\\userController.js": {"path":"C:\\Users\\zsidakovits.balint\\Desktop\\Vizsgaremek\\users\\api\\controllers\\userController.js","statementMap":{"0":{"start":{"line":1,"column":11},"end":{"line":1,"column":27}},"1":{"start":{"line":2,"column":12},"end":{"line":2,"column":35}},"2":{"start":{"line":3,"column":20},"end":{"line":3,"column":60}},"3":{"start":{"line":5,"column":24},"end":{"line":5,"column":50}},"4":{"start":{"line":7,"column":0},"end":{"line":17,"column":1}},"5":{"start":{"line":9,"column":4},"end":{"line":16,"column":5}},"6":{"start":{"line":11,"column":8},"end":{"line":11,"column":59}},"7":{"start":{"line":15,"column":8},"end":{"line":15,"column":20}},"8":{"start":{"line":19,"column":0},"end":{"line":29,"column":1}},"9":{"start":{"line":21,"column":4},"end":{"line":28,"column":5}},"10":{"start":{"line":23,"column":8},"end":{"line":23,"column":71}},"11":{"start":{"line":27,"column":8},"end":{"line":27,"column":20}},"12":{"start":{"line":31,"column":0},"end":{"line":51,"column":2}},"13":{"start":{"line":32,"column":26},"end":{"line":32,"column":34}},"14":{"start":{"line":34,"column":4},"end":{"line":36,"column":5}},"15":{"start":{"line":35,"column":8},"end":{"line":35,"column":70}},"16":{"start":{"line":38,"column":4},"end":{"line":50,"column":5}},"17":{"start":{"line":40,"column":21},"end":{"line":40,"column":68}},"18":{"start":{"line":41,"column":8},"end":{"line":41,"column":42}},"19":{"start":{"line":45,"column":8},"end":{"line":45,"column":53}},"20":{"start":{"line":46,"column":8},"end":{"line":48,"column":9}},"21":{"start":{"line":47,"column":8},"end":{"line":47,"column":67}},"22":{"start":{"line":49,"column":8},"end":{"line":49,"column":74}},"23":{"start":{"line":53,"column":0},"end":{"line":65,"column":1}},"24":{"start":{"line":55,"column":42},"end":{"line":55,"column":56}},"25":{"start":{"line":57,"column":4},"end":{"line":64,"column":5}},"26":{"start":{"line":59,"column":8},"end":{"line":59,"column":96}},"27":{"start":{"line":63,"column":8},"end":{"line":63,"column":20}},"28":{"start":{"line":68,"column":0},"end":{"line":84,"column":2}},"29":{"start":{"line":69,"column":19},"end":{"line":69,"column":29}},"30":{"start":{"line":70,"column":51},"end":{"line":70,"column":65}},"31":{"start":{"line":72,"column":4},"end":{"line":83,"column":5}},"32":{"start":{"line":73,"column":28},"end":{"line":78,"column":10}},"33":{"start":{"line":80,"column":8},"end":{"line":80,"column":42}},"34":{"start":{"line":82,"column":8},"end":{"line":82,"column":20}},"35":{"start":{"line":85,"column":0},"end":{"line":99,"column":2}},"36":{"start":{"line":86,"column":4},"end":{"line":86,"column":39}},"37":{"start":{"line":88,"column":19},"end":{"line":88,"column":34}},"38":{"start":{"line":89,"column":4},"end":{"line":89,"column":47}},"39":{"start":{"line":91,"column":25},"end":{"line":91,"column":39}},"40":{"start":{"line":93,"column":4},"end":{"line":98,"column":5}},"41":{"start":{"line":94,"column":32},"end":{"line":94,"column":82}},"42":{"start":{"line":95,"column":8},"end":{"line":95,"column":46}},"43":{"start":{"line":97,"column":8},"end":{"line":97,"column":20}},"44":{"start":{"line":101,"column":0},"end":{"line":115,"column":2}},"45":{"start":{"line":102,"column":4},"end":{"line":102,"column":39}},"46":{"start":{"line":104,"column":19},"end":{"line":104,"column":34}},"47":{"start":{"line":105,"column":4},"end":{"line":105,"column":47}},"48":{"start":{"line":107,"column":21},"end":{"line":107,"column":35}},"49":{"start":{"line":109,"column":4},"end":{"line":114,"column":5}},"50":{"start":{"line":110,"column":32},"end":{"line":110,"column":78}},"51":{"start":{"line":111,"column":8},"end":{"line":111,"column":46}},"52":{"start":{"line":113,"column":8},"end":{"line":113,"column":20}},"53":{"start":{"line":117,"column":0},"end":{"line":126,"column":1}},"54":{"start":{"line":118,"column":19},"end":{"line":118,"column":36}},"55":{"start":{"line":119,"column":4},"end":{"line":119,"column":46}},"56":{"start":{"line":120,"column":4},"end":{"line":125,"column":5}},"57":{"start":{"line":121,"column":27},"end":{"line":121,"column":63}},"58":{"start":{"line":122,"column":8},"end":{"line":122,"column":41}},"59":{"start":{"line":124,"column":8},"end":{"line":124,"column":19}},"60":{"start":{"line":128,"column":0},"end":{"line":141,"column":2}},"61":{"start":{"line":129,"column":32},"end":{"line":129,"column":46}},"62":{"start":{"line":131,"column":4},"end":{"line":140,"column":5}},"63":{"start":{"line":132,"column":8},"end":{"line":132,"column":67}},"64":{"start":{"line":132,"column":20},"end":{"line":132,"column":67}},"65":{"start":{"line":133,"column":8},"end":{"line":133,"column":73}},"66":{"start":{"line":133,"column":23},"end":{"line":133,"column":73}},"67":{"start":{"line":135,"column":8},"end":{"line":135,"column":64}},"68":{"start":{"line":137,"column":8},"end":{"line":137,"column":48}},"69":{"start":{"line":139,"column":8},"end":{"line":139,"column":20}}},"fnMap":{"0":{"name":"(anonymous_0)","decl":{"start":{"line":7,"column":19},"end":{"line":7,"column":20}},"loc":{"start":{"line":8,"column":0},"end":{"line":17,"column":1}},"line":8},"1":{"name":"(anonymous_1)","decl":{"start":{"line":19,"column":31},"end":{"line":19,"column":32}},"loc":{"start":{"line":20,"column":0},"end":{"line":29,"column":1}},"line":20},"2":{"name":"(anonymous_2)","decl":{"start":{"line":31,"column":18},"end":{"line":31,"column":19}},"loc":{"start":{"line":31,"column":38},"end":{"line":51,"column":1}},"line":31},"3":{"name":"(anonymous_3)","decl":{"start":{"line":53,"column":21},"end":{"line":53,"column":22}},"loc":{"start":{"line":54,"column":0},"end":{"line":65,"column":1}},"line":54},"4":{"name":"(anonymous_4)","decl":{"start":{"line":68,"column":21},"end":{"line":68,"column":22}},"loc":{"start":{"line":68,"column":47},"end":{"line":84,"column":1}},"line":68},"5":{"name":"(anonymous_5)","decl":{"start":{"line":85,"column":25},"end":{"line":85,"column":26}},"loc":{"start":{"line":85,"column":51},"end":{"line":99,"column":1}},"line":85},"6":{"name":"(anonymous_6)","decl":{"start":{"line":101,"column":25},"end":{"line":101,"column":26}},"loc":{"start":{"line":101,"column":51},"end":{"line":115,"column":1}},"line":101},"7":{"name":"(anonymous_7)","decl":{"start":{"line":117,"column":19},"end":{"line":117,"column":20}},"loc":{"start":{"line":117,"column":41},"end":{"line":126,"column":1}},"line":117},"8":{"name":"(anonymous_8)","decl":{"start":{"line":128,"column":31},"end":{"line":128,"column":32}},"loc":{"start":{"line":128,"column":57},"end":{"line":141,"column":1}},"line":128}},"branchMap":{"0":{"loc":{"start":{"line":34,"column":4},"end":{"line":36,"column":5}},"type":"if","locations":[{"start":{"line":34,"column":4},"end":{"line":36,"column":5}},{"start":{},"end":{}}],"line":34},"1":{"loc":{"start":{"line":34,"column":8},"end":{"line":34,"column":47}},"type":"binary-expr","locations":[{"start":{"line":34,"column":8},"end":{"line":34,"column":22}},{"start":{"line":34,"column":26},"end":{"line":34,"column":47}}],"line":34},"2":{"loc":{"start":{"line":46,"column":8},"end":{"line":48,"column":9}},"type":"if","locations":[{"start":{"line":46,"column":8},"end":{"line":48,"column":9}},{"start":{},"end":{}}],"line":46},"3":{"loc":{"start":{"line":55,"column":42},"end":{"line":55,"column":56}},"type":"binary-expr","locations":[{"start":{"line":55,"column":42},"end":{"line":55,"column":50}},{"start":{"line":55,"column":54},"end":{"line":55,"column":56}}],"line":55},"4":{"loc":{"start":{"line":70,"column":51},"end":{"line":70,"column":65}},"type":"binary-expr","locations":[{"start":{"line":70,"column":51},"end":{"line":70,"column":59}},{"start":{"line":70,"column":63},"end":{"line":70,"column":65}}],"line":70},"5":{"loc":{"start":{"line":91,"column":25},"end":{"line":91,"column":39}},"type":"binary-expr","locations":[{"start":{"line":91,"column":25},"end":{"line":91,"column":33}},{"start":{"line":91,"column":37},"end":{"line":91,"column":39}}],"line":91},"6":{"loc":{"start":{"line":107,"column":21},"end":{"line":107,"column":35}},"type":"binary-expr","locations":[{"start":{"line":107,"column":21},"end":{"line":107,"column":29}},{"start":{"line":107,"column":33},"end":{"line":107,"column":35}}],"line":107},"7":{"loc":{"start":{"line":129,"column":32},"end":{"line":129,"column":46}},"type":"binary-expr","locations":[{"start":{"line":129,"column":32},"end":{"line":129,"column":40}},{"start":{"line":129,"column":44},"end":{"line":129,"column":46}}],"line":129},"8":{"loc":{"start":{"line":132,"column":8},"end":{"line":132,"column":67}},"type":"if","locations":[{"start":{"line":132,"column":8},"end":{"line":132,"column":67}},{"start":{},"end":{}}],"line":132},"9":{"loc":{"start":{"line":133,"column":8},"end":{"line":133,"column":73}},"type":"if","locations":[{"start":{"line":133,"column":8},"end":{"line":133,"column":73}},{"start":{},"end":{}}],"line":133}},"s":{"0":1,"1":1,"2":1,"3":1,"4":1,"5":1,"6":1,"7":0,"8":1,"9":0,"10":0,"11":0,"12":1,"13":0,"14":0,"15":0,"16":0,"17":0,"18":0,"19":0,"20":0,"21":0,"22":0,"23":1,"24":0,"25":0,"26":0,"27":0,"28":1,"29":1,"30":1,"31":1,"32":1,"33":1,"34":0,"35":1,"36":0,"37":0,"38":0,"39":0,"40":0,"41":0,"42":0,"43":0,"44":1,"45":0,"46":0,"47":0,"48":0,"49":0,"50":0,"51":0,"52":0,"53":1,"54":1,"55":1,"56":1,"57":1,"58":1,"59":0,"60":1,"61":0,"62":0,"63":0,"64":0,"65":0,"66":0,"67":0,"68":0,"69":0},"f":{"0":1,"1":0,"2":0,"3":0,"4":1,"5":0,"6":0,"7":1,"8":0},"b":{"0":[0,0],"1":[0,0],"2":[0,0],"3":[0,0],"4":[1,0],"5":[0,0],"6":[0,0],"7":[0,0],"8":[0,0],"9":[0,0]},"_coverageSchema":"1a1c01bbd47fc00a2c39e90264f33305004495a9","hash":"1ee3034796868be4cedb32a933854eddf13541f8"}
,"C:\\Users\\zsidakovits.balint\\Desktop\\Vizsgaremek\\users\\api\\errors\\AppError.js": {"path":"C:\\Users\\zsidakovits.balint\\Desktop\\Vizsgaremek\\users\\api\\errors\\AppError.js","statementMap":{"0":{"start":{"line":6,"column":8},"end":{"line":6,"column":23}},"1":{"start":{"line":8,"column":8},"end":{"line":8,"column":37}},"2":{"start":{"line":10,"column":8},"end":{"line":10,"column":43}},"3":{"start":{"line":12,"column":8},"end":{"line":12,"column":83}},"4":{"start":{"line":14,"column":8},"end":{"line":14,"column":77}},"5":{"start":{"line":16,"column":8},"end":{"line":16,"column":108}},"6":{"start":{"line":20,"column":0},"end":{"line":20,"column":26}}},"fnMap":{"0":{"name":"(anonymous_0)","decl":{"start":{"line":3,"column":4},"end":{"line":3,"column":5}},"loc":{"start":{"line":5,"column":4},"end":{"line":17,"column":5}},"line":5}},"branchMap":{"0":{"loc":{"start":{"line":3,"column":16},"end":{"line":3,"column":49}},"type":"default-arg","locations":[{"start":{"line":3,"column":26},"end":{"line":3,"column":49}}],"line":3},"1":{"loc":{"start":{"line":4,"column":4},"end":{"line":4,"column":90}},"type":"default-arg","locations":[{"start":{"line":4,"column":88},"end":{"line":4,"column":90}}],"line":4},"2":{"loc":{"start":{"line":4,"column":6},"end":{"line":4,"column":22}},"type":"default-arg","locations":[{"start":{"line":4,"column":19},"end":{"line":4,"column":22}}],"line":4},"3":{"loc":{"start":{"line":4,"column":24},"end":{"line":4,"column":44}},"type":"default-arg","locations":[{"start":{"line":4,"column":40},"end":{"line":4,"column":44}}],"line":4},"4":{"loc":{"start":{"line":4,"column":46},"end":{"line":4,"column":65}},"type":"default-arg","locations":[{"start":{"line":4,"column":56},"end":{"line":4,"column":65}}],"line":4},"5":{"loc":{"start":{"line":4,"column":67},"end":{"line":4,"column":83}},"type":"default-arg","locations":[{"start":{"line":4,"column":74},"end":{"line":4,"column":83}}],"line":4},"6":{"loc":{"start":{"line":12,"column":23},"end":{"line":12,"column":82}},"type":"cond-expr","locations":[{"start":{"line":12,"column":63},"end":{"line":12,"column":70}},{"start":{"line":12,"column":73},"end":{"line":12,"column":82}}],"line":12},"7":{"loc":{"start":{"line":14,"column":20},"end":{"line":14,"column":76}},"type":"cond-expr","locations":[{"start":{"line":14,"column":60},"end":{"line":14,"column":64}},{"start":{"line":14,"column":67},"end":{"line":14,"column":76}}],"line":14},"8":{"loc":{"start":{"line":16,"column":8},"end":{"line":16,"column":107}},"type":"cond-expr","locations":[{"start":{"line":16,"column":48},"end":{"line":16,"column":95}},{"start":{"line":16,"column":98},"end":{"line":16,"column":107}}],"line":16}},"s":{"0":3,"1":3,"2":3,"3":3,"4":3,"5":3,"6":1},"f":{"0":3},"b":{"0":[0],"1":[0],"2":[0],"3":[3],"4":[3],"5":[2],"6":[3,0],"7":[3,0],"8":[3,0]},"_coverageSchema":"1a1c01bbd47fc00a2c39e90264f33305004495a9","hash":"6cf2c77b17d8f2d96142bbd19b0028aad6065873"}
,"C:\\Users\\zsidakovits.balint\\Desktop\\Vizsgaremek\\users\\api\\errors\\BadRequestError.js": {"path":"C:\\Users\\zsidakovits.balint\\Desktop\\Vizsgaremek\\users\\api\\errors\\BadRequestError.js","statementMap":{"0":{"start":{"line":1,"column":17},"end":{"line":1,"column":38}},"1":{"start":{"line":7,"column":8},"end":{"line":7,"column":56}},"2":{"start":{"line":11,"column":0},"end":{"line":11,"column":33}}},"fnMap":{"0":{"name":"(anonymous_0)","decl":{"start":{"line":5,"column":4},"end":{"line":5,"column":5}},"loc":{"start":{"line":6,"column":4},"end":{"line":8,"column":5}},"line":6}},"branchMap":{"0":{"loc":{"start":{"line":5,"column":16},"end":{"line":5,"column":39}},"type":"default-arg","locations":[{"start":{"line":5,"column":26},"end":{"line":5,"column":39}}],"line":5},"1":{"loc":{"start":{"line":5,"column":41},"end":{"line":5,"column":53}},"type":"default-arg","locations":[{"start":{"line":5,"column":51},"end":{"line":5,"column":53}}],"line":5}},"s":{"0":1,"1":1,"2":1},"f":{"0":1},"b":{"0":[0],"1":[0]},"_coverageSchema":"1a1c01bbd47fc00a2c39e90264f33305004495a9","hash":"c6453490b7a8bee904eae93532b58fca8bb61230"}
,"C:\\Users\\zsidakovits.balint\\Desktop\\Vizsgaremek\\users\\api\\errors\\DbError.js": {"path":"C:\\Users\\zsidakovits.balint\\Desktop\\Vizsgaremek\\users\\api\\errors\\DbError.js","statementMap":{"0":{"start":{"line":1,"column":17},"end":{"line":1,"column":38}},"1":{"start":{"line":7,"column":8},"end":{"line":7,"column":78}},"2":{"start":{"line":11,"column":0},"end":{"line":11,"column":25}}},"fnMap":{"0":{"name":"(anonymous_0)","decl":{"start":{"line":5,"column":4},"end":{"line":5,"column":5}},"loc":{"start":{"line":6,"column":4},"end":{"line":8,"column":5}},"line":6}},"branchMap":{"0":{"loc":{"start":{"line":5,"column":16},"end":{"line":5,"column":61}},"type":"default-arg","locations":[{"start":{"line":5,"column":26},"end":{"line":5,"column":61}}],"line":5},"1":{"loc":{"start":{"line":5,"column":63},"end":{"line":5,"column":75}},"type":"default-arg","locations":[{"start":{"line":5,"column":73},"end":{"line":5,"column":75}}],"line":5}},"s":{"0":1,"1":0,"2":1},"f":{"0":0},"b":{"0":[0],"1":[0]},"_coverageSchema":"1a1c01bbd47fc00a2c39e90264f33305004495a9","hash":"51d3c2eeeb6eed308c4d60d509c0096264f8ee0f"}
,"C:\\Users\\zsidakovits.balint\\Desktop\\Vizsgaremek\\users\\api\\errors\\NotFoundError.js": {"path":"C:\\Users\\zsidakovits.balint\\Desktop\\Vizsgaremek\\users\\api\\errors\\NotFoundError.js","statementMap":{"0":{"start":{"line":1,"column":17},"end":{"line":1,"column":38}},"1":{"start":{"line":7,"column":8},"end":{"line":7,"column":77}},"2":{"start":{"line":11,"column":0},"end":{"line":11,"column":31}}},"fnMap":{"0":{"name":"(anonymous_0)","decl":{"start":{"line":5,"column":4},"end":{"line":5,"column":5}},"loc":{"start":{"line":6,"column":4},"end":{"line":8,"column":5}},"line":6}},"branchMap":{"0":{"loc":{"start":{"line":5,"column":16},"end":{"line":5,"column":67}},"type":"default-arg","locations":[{"start":{"line":5,"column":26},"end":{"line":5,"column":67}}],"line":5},"1":{"loc":{"start":{"line":5,"column":69},"end":{"line":5,"column":81}},"type":"default-arg","locations":[{"start":{"line":5,"column":79},"end":{"line":5,"column":81}}],"line":5}},"s":{"0":1,"1":0,"2":1},"f":{"0":0},"b":{"0":[0],"1":[0]},"_coverageSchema":"1a1c01bbd47fc00a2c39e90264f33305004495a9","hash":"c003bb923e8618f8e4a15ef144a3da18629ff9d7"}
,"C:\\Users\\zsidakovits.balint\\Desktop\\Vizsgaremek\\users\\api\\errors\\UnauthorizedError.js": {"path":"C:\\Users\\zsidakovits.balint\\Desktop\\Vizsgaremek\\users\\api\\errors\\UnauthorizedError.js","statementMap":{"0":{"start":{"line":1,"column":17},"end":{"line":1,"column":38}},"1":{"start":{"line":7,"column":8},"end":{"line":7,"column":56}},"2":{"start":{"line":11,"column":0},"end":{"line":11,"column":35}}},"fnMap":{"0":{"name":"(anonymous_0)","decl":{"start":{"line":5,"column":4},"end":{"line":5,"column":5}},"loc":{"start":{"line":6,"column":4},"end":{"line":8,"column":5}},"line":6}},"branchMap":{"0":{"loc":{"start":{"line":5,"column":16},"end":{"line":5,"column":70}},"type":"default-arg","locations":[{"start":{"line":5,"column":26},"end":{"line":5,"column":70}}],"line":5},"1":{"loc":{"start":{"line":5,"column":72},"end":{"line":5,"column":85}},"type":"default-arg","locations":[{"start":{"line":5,"column":83},"end":{"line":5,"column":85}}],"line":5}},"s":{"0":1,"1":2,"2":1},"f":{"0":2},"b":{"0":[1],"1":[2]},"_coverageSchema":"1a1c01bbd47fc00a2c39e90264f33305004495a9","hash":"ed43628488b9cbc127713307823f7b331d351fd9"}
,"C:\\Users\\zsidakovits.balint\\Desktop\\Vizsgaremek\\users\\api\\errors\\ValidationError.js": {"path":"C:\\Users\\zsidakovits.balint\\Desktop\\Vizsgaremek\\users\\api\\errors\\ValidationError.js","statementMap":{"0":{"start":{"line":1,"column":17},"end":{"line":1,"column":38}},"1":{"start":{"line":7,"column":8},"end":{"line":7,"column":56}},"2":{"start":{"line":11,"column":0},"end":{"line":11,"column":33}}},"fnMap":{"0":{"name":"(anonymous_0)","decl":{"start":{"line":5,"column":4},"end":{"line":5,"column":5}},"loc":{"start":{"line":6,"column":4},"end":{"line":8,"column":5}},"line":6}},"branchMap":{"0":{"loc":{"start":{"line":5,"column":16},"end":{"line":5,"column":52}},"type":"default-arg","locations":[{"start":{"line":5,"column":26},"end":{"line":5,"column":52}}],"line":5},"1":{"loc":{"start":{"line":5,"column":54},"end":{"line":5,"column":66}},"type":"default-arg","locations":[{"start":{"line":5,"column":64},"end":{"line":5,"column":66}}],"line":5}},"s":{"0":1,"1":0,"2":1},"f":{"0":0},"b":{"0":[0],"1":[0]},"_coverageSchema":"1a1c01bbd47fc00a2c39e90264f33305004495a9","hash":"3b82d6857d4ae022df4a30005f41236cac7e2392"}
,"C:\\Users\\zsidakovits.balint\\Desktop\\Vizsgaremek\\users\\api\\errors\\index.js": {"path":"C:\\Users\\zsidakovits.balint\\Desktop\\Vizsgaremek\\users\\api\\errors\\index.js","statementMap":{"0":{"start":{"line":1,"column":0},"end":{"line":9,"column":1}}},"fnMap":{},"branchMap":{},"s":{"0":1},"f":{},"b":{},"_coverageSchema":"1a1c01bbd47fc00a2c39e90264f33305004495a9","hash":"1021a11247eba016b40c03852562bf6134b3f67a"}
,"C:\\Users\\zsidakovits.balint\\Desktop\\Vizsgaremek\\users\\api\\middlewares\\authMiddleware.js": {"path":"C:\\Users\\zsidakovits.balint\\Desktop\\Vizsgaremek\\users\\api\\middlewares\\authMiddleware.js","statementMap":{"0":{"start":{"line":1,"column":47},"end":{"line":1,"column":67}},"1":{"start":{"line":3,"column":18},"end":{"line":3,"column":51}},"2":{"start":{"line":5,"column":0},"end":{"line":21,"column":1}},"3":{"start":{"line":7,"column":27},"end":{"line":7,"column":44}},"4":{"start":{"line":9,"column":4},"end":{"line":9,"column":57}},"5":{"start":{"line":9,"column":20},"end":{"line":9,"column":57}},"6":{"start":{"line":11,"column":4},"end":{"line":18,"column":5}},"7":{"start":{"line":13,"column":8},"end":{"line":13,"column":53}},"8":{"start":{"line":17,"column":8},"end":{"line":17,"column":69}},"9":{"start":{"line":20,"column":4},"end":{"line":20,"column":11}},"10":{"start":{"line":23,"column":0},"end":{"line":28,"column":1}},"11":{"start":{"line":25,"column":4},"end":{"line":25,"column":124}},"12":{"start":{"line":25,"column":26},"end":{"line":25,"column":124}},"13":{"start":{"line":27,"column":4},"end":{"line":27,"column":11}}},"fnMap":{"0":{"name":"(anonymous_0)","decl":{"start":{"line":5,"column":25},"end":{"line":5,"column":26}},"loc":{"start":{"line":6,"column":0},"end":{"line":21,"column":1}},"line":6},"1":{"name":"(anonymous_1)","decl":{"start":{"line":23,"column":18},"end":{"line":23,"column":19}},"loc":{"start":{"line":24,"column":0},"end":{"line":28,"column":1}},"line":24}},"branchMap":{"0":{"loc":{"start":{"line":7,"column":27},"end":{"line":7,"column":44}},"type":"binary-expr","locations":[{"start":{"line":7,"column":27},"end":{"line":7,"column":38}},{"start":{"line":7,"column":42},"end":{"line":7,"column":44}}],"line":7},"1":{"loc":{"start":{"line":9,"column":4},"end":{"line":9,"column":57}},"type":"if","locations":[{"start":{"line":9,"column":4},"end":{"line":9,"column":57}},{"start":{},"end":{}}],"line":9},"2":{"loc":{"start":{"line":25,"column":4},"end":{"line":25,"column":124}},"type":"if","locations":[{"start":{"line":25,"column":4},"end":{"line":25,"column":124}},{"start":{},"end":{}}],"line":25}},"s":{"0":1,"1":1,"2":1,"3":3,"4":3,"5":1,"6":2,"7":2,"8":0,"9":2,"10":1,"11":2,"12":1,"13":1},"f":{"0":3,"1":2},"b":{"0":[3,0],"1":[1,2],"2":[1,1]},"_coverageSchema":"1a1c01bbd47fc00a2c39e90264f33305004495a9","hash":"dc6903ea7c131e56e11fe535d2eb78c35dfa3b6f"}
,"C:\\Users\\zsidakovits.balint\\Desktop\\Vizsgaremek\\users\\api\\middlewares\\errorHandler.js": {"path":"C:\\Users\\zsidakovits.balint\\Desktop\\Vizsgaremek\\users\\api\\middlewares\\errorHandler.js","statementMap":{"0":{"start":{"line":1,"column":36},"end":{"line":1,"column":56}},"1":{"start":{"line":5,"column":4},"end":{"line":5,"column":30}},"2":{"start":{"line":10,"column":4},"end":{"line":10,"column":25}},"3":{"start":{"line":11,"column":18},"end":{"line":11,"column":29}},"4":{"start":{"line":13,"column":4},"end":{"line":19,"column":5}},"5":{"start":{"line":15,"column":8},"end":{"line":18,"column":11}},"6":{"start":{"line":21,"column":4},"end":{"line":21,"column":24}},"7":{"start":{"line":23,"column":4},"end":{"line":28,"column":7}},"8":{"start":{"line":31,"column":0},"end":{"line":31,"column":41}}},"fnMap":{"0":{"name":"notFound","decl":{"start":{"line":3,"column":9},"end":{"line":3,"column":17}},"loc":{"start":{"line":4,"column":0},"end":{"line":6,"column":1}},"line":4},"1":{"name":"showError","decl":{"start":{"line":8,"column":9},"end":{"line":8,"column":18}},"loc":{"start":{"line":9,"column":0},"end":{"line":29,"column":1}},"line":9}},"branchMap":{"0":{"loc":{"start":{"line":13,"column":4},"end":{"line":19,"column":5}},"type":"if","locations":[{"start":{"line":13,"column":4},"end":{"line":19,"column":5}},{"start":{},"end":{}}],"line":13},"1":{"loc":{"start":{"line":27,"column":15},"end":{"line":27,"column":39}},"type":"binary-expr","locations":[{"start":{"line":27,"column":15},"end":{"line":27,"column":26}},{"start":{"line":27,"column":30},"end":{"line":27,"column":39}}],"line":27}},"s":{"0":1,"1":0,"2":3,"3":3,"4":3,"5":0,"6":3,"7":3,"8":1},"f":{"0":0,"1":3},"b":{"0":[0,3],"1":[3,0]},"_coverageSchema":"1a1c01bbd47fc00a2c39e90264f33305004495a9","hash":"8dd0da84ef1458d130a62ca89353587c863842ca"}
,"C:\\Users\\zsidakovits.balint\\Desktop\\Vizsgaremek\\users\\api\\models\\Score.js": {"path":"C:\\Users\\zsidakovits.balint\\Desktop\\Vizsgaremek\\users\\api\\models\\Score.js","statementMap":{"0":{"start":{"line":1,"column":29},"end":{"line":1,"column":49}},"1":{"start":{"line":3,"column":0},"end":{"line":42,"column":2}},"2":{"start":{"line":6,"column":4},"end":{"line":39,"column":6}},"3":{"start":{"line":41,"column":4},"end":{"line":41,"column":17}}},"fnMap":{"0":{"name":"(anonymous_0)","decl":{"start":{"line":3,"column":17},"end":{"line":3,"column":18}},"loc":{"start":{"line":3,"column":32},"end":{"line":42,"column":1}},"line":3}},"branchMap":{},"s":{"0":1,"1":1,"2":1,"3":1},"f":{"0":1},"b":{},"_coverageSchema":"1a1c01bbd47fc00a2c39e90264f33305004495a9","hash":"3b8cb2a260b14dcf5d4ed7820d9dfd766c2772ef"}
,"C:\\Users\\zsidakovits.balint\\Desktop\\Vizsgaremek\\users\\api\\models\\User.js": {"path":"C:\\Users\\zsidakovits.balint\\Desktop\\Vizsgaremek\\users\\api\\models\\User.js","statementMap":{"0":{"start":{"line":1,"column":29},"end":{"line":1,"column":49}},"1":{"start":{"line":2,"column":18},"end":{"line":2,"column":51}},"2":{"start":{"line":4,"column":0},"end":{"line":71,"column":2}},"3":{"start":{"line":7,"column":4},"end":{"line":68,"column":6}},"4":{"start":{"line":38,"column":20},"end":{"line":38,"column":81}},"5":{"start":{"line":70,"column":4},"end":{"line":70,"column":16}}},"fnMap":{"0":{"name":"(anonymous_0)","decl":{"start":{"line":4,"column":17},"end":{"line":4,"column":18}},"loc":{"start":{"line":4,"column":32},"end":{"line":71,"column":1}},"line":4},"1":{"name":"(anonymous_1)","decl":{"start":{"line":37,"column":16},"end":{"line":37,"column":17}},"loc":{"start":{"line":37,"column":27},"end":{"line":39,"column":17}},"line":37}},"branchMap":{},"s":{"0":1,"1":1,"2":1,"3":1,"4":4,"5":1},"f":{"0":1,"1":4},"b":{},"_coverageSchema":"1a1c01bbd47fc00a2c39e90264f33305004495a9","hash":"7fa0690c919513201ed75f4f3e5dcdc31f15057d"}
,"C:\\Users\\zsidakovits.balint\\Desktop\\Vizsgaremek\\users\\api\\models\\index.js": {"path":"C:\\Users\\zsidakovits.balint\\Desktop\\Vizsgaremek\\users\\api\\models\\index.js","statementMap":{"0":{"start":{"line":1,"column":0},"end":{"line":20,"column":2}},"1":{"start":{"line":2,"column":17},"end":{"line":2,"column":45}},"2":{"start":{"line":3,"column":18},"end":{"line":3,"column":47}},"3":{"start":{"line":5,"column":4},"end":{"line":10,"column":7}},"4":{"start":{"line":12,"column":4},"end":{"line":17,"column":7}},"5":{"start":{"line":19,"column":4},"end":{"line":19,"column":27}}},"fnMap":{"0":{"name":"(anonymous_0)","decl":{"start":{"line":1,"column":17},"end":{"line":1,"column":18}},"loc":{"start":{"line":1,"column":32},"end":{"line":20,"column":1}},"line":1}},"branchMap":{},"s":{"0":1,"1":1,"2":1,"3":1,"4":1,"5":1},"f":{"0":1},"b":{},"_coverageSchema":"1a1c01bbd47fc00a2c39e90264f33305004495a9","hash":"8dd465af4b701a2153a7d353acb7a58d4fc4ae21"}
,"C:\\Users\\zsidakovits.balint\\Desktop\\Vizsgaremek\\users\\api\\repositories\\ScoreRepository.js": {"path":"C:\\Users\\zsidakovits.balint\\Desktop\\Vizsgaremek\\users\\api\\repositories\\ScoreRepository.js","statementMap":{"0":{"start":{"line":1,"column":17},"end":{"line":1,"column":37}},"1":{"start":{"line":3,"column":14},"end":{"line":3,"column":34}},"2":{"start":{"line":7,"column":8},"end":{"line":7,"column":30}},"3":{"start":{"line":8,"column":8},"end":{"line":8,"column":38}},"4":{"start":{"line":12,"column":8},"end":{"line":18,"column":9}},"5":{"start":{"line":13,"column":12},"end":{"line":13,"column":64}},"6":{"start":{"line":15,"column":12},"end":{"line":17,"column":15}},"7":{"start":{"line":22,"column":8},"end":{"line":36,"column":9}},"8":{"start":{"line":23,"column":12},"end":{"line":31,"column":15}},"9":{"start":{"line":33,"column":12},"end":{"line":35,"column":15}},"10":{"start":{"line":40,"column":8},"end":{"line":58,"column":9}},"11":{"start":{"line":41,"column":28},"end":{"line":50,"column":14}},"12":{"start":{"line":52,"column":12},"end":{"line":52,"column":27}},"13":{"start":{"line":54,"column":12},"end":{"line":57,"column":15}},"14":{"start":{"line":62,"column":8},"end":{"line":73,"column":9}},"15":{"start":{"line":63,"column":12},"end":{"line":67,"column":15}},"16":{"start":{"line":69,"column":12},"end":{"line":72,"column":15}},"17":{"start":{"line":76,"column":8},"end":{"line":83,"column":9}},"18":{"start":{"line":77,"column":12},"end":{"line":77,"column":53}},"19":{"start":{"line":79,"column":12},"end":{"line":82,"column":14}},"20":{"start":{"line":86,"column":8},"end":{"line":97,"column":9}},"21":{"start":{"line":87,"column":13},"end":{"line":91,"column":15}},"22":{"start":{"line":93,"column":12},"end":{"line":96,"column":15}},"23":{"start":{"line":100,"column":8},"end":{"line":111,"column":9}},"24":{"start":{"line":101,"column":12},"end":{"line":105,"column":15}},"25":{"start":{"line":107,"column":12},"end":{"line":110,"column":15}},"26":{"start":{"line":114,"column":0},"end":{"line":114,"column":31}}},"fnMap":{"0":{"name":"(anonymous_0)","decl":{"start":{"line":6,"column":4},"end":{"line":6,"column":5}},"loc":{"start":{"line":6,"column":19},"end":{"line":9,"column":5}},"line":6},"1":{"name":"(anonymous_1)","decl":{"start":{"line":11,"column":4},"end":{"line":11,"column":5}},"loc":{"start":{"line":11,"column":21},"end":{"line":19,"column":5}},"line":11},"2":{"name":"(anonymous_2)","decl":{"start":{"line":21,"column":4},"end":{"line":21,"column":5}},"loc":{"start":{"line":21,"column":35},"end":{"line":37,"column":5}},"line":21},"3":{"name":"(anonymous_3)","decl":{"start":{"line":39,"column":4},"end":{"line":39,"column":5}},"loc":{"start":{"line":39,"column":42},"end":{"line":59,"column":5}},"line":39},"4":{"name":"(anonymous_4)","decl":{"start":{"line":61,"column":4},"end":{"line":61,"column":5}},"loc":{"start":{"line":61,"column":27},"end":{"line":74,"column":5}},"line":61},"5":{"name":"(anonymous_5)","decl":{"start":{"line":75,"column":4},"end":{"line":75,"column":5}},"loc":{"start":{"line":75,"column":32},"end":{"line":84,"column":5}},"line":75},"6":{"name":"(anonymous_6)","decl":{"start":{"line":85,"column":4},"end":{"line":85,"column":5}},"loc":{"start":{"line":85,"column":30},"end":{"line":98,"column":5}},"line":85},"7":{"name":"(anonymous_7)","decl":{"start":{"line":99,"column":4},"end":{"line":99,"column":5}},"loc":{"start":{"line":99,"column":54},"end":{"line":112,"column":5}},"line":99}},"branchMap":{"0":{"loc":{"start":{"line":99,"column":33},"end":{"line":99,"column":53}},"type":"default-arg","locations":[{"start":{"line":99,"column":41},"end":{"line":99,"column":53}}],"line":99}},"s":{"0":1,"1":1,"2":5,"3":5,"4":1,"5":1,"6":0,"7":1,"8":1,"9":0,"10":1,"11":1,"12":1,"13":0,"14":0,"15":0,"16":0,"17":1,"18":1,"19":0,"20":1,"21":1,"22":0,"23":1,"24":1,"25":0,"26":1},"f":{"0":5,"1":1,"2":1,"3":1,"4":0,"5":1,"6":1,"7":1},"b":{"0":[0]},"_coverageSchema":"1a1c01bbd47fc00a2c39e90264f33305004495a9","hash":"4077b6278823e25ebba3440f1bad80168926d4ee"}
,"C:\\Users\\zsidakovits.balint\\Desktop\\Vizsgaremek\\users\\api\\repositories\\UserRepository.js": {"path":"C:\\Users\\zsidakovits.balint\\Desktop\\Vizsgaremek\\users\\api\\repositories\\UserRepository.js","statementMap":{"0":{"start":{"line":1,"column":37},"end":{"line":1,"column":57}},"1":{"start":{"line":2,"column":15},"end":{"line":2,"column":32}},"2":{"start":{"line":3,"column":15},"end":{"line":3,"column":35}},"3":{"start":{"line":4,"column":18},"end":{"line":4,"column":51}},"4":{"start":{"line":10,"column":8},"end":{"line":10,"column":28}},"5":{"start":{"line":12,"column":8},"end":{"line":12,"column":30}},"6":{"start":{"line":14,"column":8},"end":{"line":14,"column":38}},"7":{"start":{"line":19,"column":8},"end":{"line":29,"column":9}},"8":{"start":{"line":21,"column":12},"end":{"line":21,"column":63}},"9":{"start":{"line":25,"column":12},"end":{"line":28,"column":15}},"10":{"start":{"line":34,"column":8},"end":{"line":44,"column":9}},"11":{"start":{"line":36,"column":12},"end":{"line":36,"column":69}},"12":{"start":{"line":40,"column":12},"end":{"line":43,"column":15}},"13":{"start":{"line":48,"column":8},"end":{"line":60,"column":9}},"14":{"start":{"line":49,"column":12},"end":{"line":54,"column":15}},"15":{"start":{"line":56,"column":12},"end":{"line":59,"column":15}},"16":{"start":{"line":66,"column":8},"end":{"line":77,"column":9}},"17":{"start":{"line":68,"column":12},"end":{"line":68,"column":52}},"18":{"start":{"line":72,"column":12},"end":{"line":76,"column":15}},"19":{"start":{"line":81,"column":8},"end":{"line":81,"column":66}},"20":{"start":{"line":83,"column":18},"end":{"line":83,"column":57}},"21":{"start":{"line":84,"column":8},"end":{"line":84,"column":43}},"22":{"start":{"line":86,"column":8},"end":{"line":113,"column":9}},"23":{"start":{"line":87,"column":25},"end":{"line":87,"column":91}},"24":{"start":{"line":89,"column":12},"end":{"line":92,"column":13}},"25":{"start":{"line":90,"column":16},"end":{"line":90,"column":35}},"26":{"start":{"line":91,"column":16},"end":{"line":91,"column":74}},"27":{"start":{"line":94,"column":12},"end":{"line":97,"column":15}},"28":{"start":{"line":99,"column":12},"end":{"line":102,"column":15}},"29":{"start":{"line":104,"column":12},"end":{"line":104,"column":29}},"30":{"start":{"line":105,"column":12},"end":{"line":105,"column":24}},"31":{"start":{"line":107,"column":12},"end":{"line":107,"column":76}},"32":{"start":{"line":108,"column":12},"end":{"line":108,"column":31}},"33":{"start":{"line":109,"column":12},"end":{"line":112,"column":15}},"34":{"start":{"line":146,"column":4},"end":{"line":178,"column":5}},"35":{"start":{"line":147,"column":30},"end":{"line":147,"column":70}},"36":{"start":{"line":149,"column":27},"end":{"line":154,"column":9}},"37":{"start":{"line":152,"column":20},"end":{"line":152,"column":70}},"38":{"start":{"line":156,"column":8},"end":{"line":158,"column":9}},"39":{"start":{"line":157,"column":12},"end":{"line":157,"column":78}},"40":{"start":{"line":160,"column":8},"end":{"line":162,"column":9}},"41":{"start":{"line":161,"column":12},"end":{"line":161,"column":67}},"42":{"start":{"line":164,"column":30},"end":{"line":166,"column":10}},"43":{"start":{"line":168,"column":8},"end":{"line":170,"column":9}},"44":{"start":{"line":169,"column":12},"end":{"line":169,"column":54}},"45":{"start":{"line":172,"column":8},"end":{"line":172,"column":48}},"46":{"start":{"line":174,"column":8},"end":{"line":177,"column":11}},"47":{"start":{"line":183,"column":8},"end":{"line":183,"column":58}},"48":{"start":{"line":183,"column":21},"end":{"line":183,"column":58}},"49":{"start":{"line":184,"column":8},"end":{"line":184,"column":61}},"50":{"start":{"line":184,"column":23},"end":{"line":184,"column":61}},"51":{"start":{"line":186,"column":8},"end":{"line":206,"column":9}},"52":{"start":{"line":187,"column":35},"end":{"line":190,"column":13}},"53":{"start":{"line":192,"column":12},"end":{"line":194,"column":13}},"54":{"start":{"line":193,"column":16},"end":{"line":193,"column":83}},"55":{"start":{"line":196,"column":32},"end":{"line":198,"column":14}},"56":{"start":{"line":200,"column":12},"end":{"line":200,"column":31}},"57":{"start":{"line":202,"column":12},"end":{"line":205,"column":15}},"58":{"start":{"line":210,"column":8},"end":{"line":210,"column":58}},"59":{"start":{"line":210,"column":21},"end":{"line":210,"column":58}},"60":{"start":{"line":211,"column":8},"end":{"line":211,"column":57}},"61":{"start":{"line":211,"column":19},"end":{"line":211,"column":57}},"62":{"start":{"line":213,"column":8},"end":{"line":240,"column":9}},"63":{"start":{"line":214,"column":25},"end":{"line":214,"column":91}},"64":{"start":{"line":216,"column":12},"end":{"line":219,"column":14}},"65":{"start":{"line":221,"column":35},"end":{"line":224,"column":13}},"66":{"start":{"line":226,"column":12},"end":{"line":228,"column":13}},"67":{"start":{"line":227,"column":16},"end":{"line":227,"column":83}},"68":{"start":{"line":230,"column":32},"end":{"line":232,"column":14}},"69":{"start":{"line":234,"column":12},"end":{"line":234,"column":31}},"70":{"start":{"line":236,"column":12},"end":{"line":239,"column":15}},"71":{"start":{"line":244,"column":8},"end":{"line":244,"column":53}},"72":{"start":{"line":244,"column":20},"end":{"line":244,"column":53}},"73":{"start":{"line":245,"column":8},"end":{"line":245,"column":59}},"74":{"start":{"line":245,"column":23},"end":{"line":245,"column":59}},"75":{"start":{"line":247,"column":8},"end":{"line":260,"column":9}},"76":{"start":{"line":248,"column":31},"end":{"line":251,"column":9}},"77":{"start":{"line":253,"column":8},"end":{"line":255,"column":9}},"78":{"start":{"line":254,"column":12},"end":{"line":254,"column":21}},"79":{"start":{"line":257,"column":8},"end":{"line":257,"column":28}},"80":{"start":{"line":259,"column":8},"end":{"line":259,"column":71}},"81":{"start":{"line":265,"column":0},"end":{"line":265,"column":32}}},"fnMap":{"0":{"name":"(anonymous_0)","decl":{"start":{"line":8,"column":4},"end":{"line":8,"column":5}},"loc":{"start":{"line":9,"column":4},"end":{"line":15,"column":5}},"line":9},"1":{"name":"(anonymous_1)","decl":{"start":{"line":17,"column":4},"end":{"line":17,"column":5}},"loc":{"start":{"line":18,"column":4},"end":{"line":30,"column":5}},"line":18},"2":{"name":"(anonymous_2)","decl":{"start":{"line":32,"column":4},"end":{"line":32,"column":5}},"loc":{"start":{"line":33,"column":4},"end":{"line":45,"column":5}},"line":33},"3":{"name":"(anonymous_3)","decl":{"start":{"line":47,"column":4},"end":{"line":47,"column":5}},"loc":{"start":{"line":47,"column":26},"end":{"line":61,"column":5}},"line":47},"4":{"name":"(anonymous_4)","decl":{"start":{"line":64,"column":4},"end":{"line":64,"column":5}},"loc":{"start":{"line":65,"column":4},"end":{"line":78,"column":5}},"line":65},"5":{"name":"(anonymous_5)","decl":{"start":{"line":80,"column":4},"end":{"line":80,"column":5}},"loc":{"start":{"line":80,"column":29},"end":{"line":114,"column":5}},"line":80},"6":{"name":"(anonymous_6)","decl":{"start":{"line":145,"column":4},"end":{"line":145,"column":5}},"loc":{"start":{"line":145,"column":39},"end":{"line":179,"column":1}},"line":145},"7":{"name":"(anonymous_7)","decl":{"start":{"line":151,"column":16},"end":{"line":151,"column":17}},"loc":{"start":{"line":152,"column":20},"end":{"line":152,"column":70}},"line":152},"8":{"name":"(anonymous_8)","decl":{"start":{"line":182,"column":4},"end":{"line":182,"column":5}},"loc":{"start":{"line":182,"column":43},"end":{"line":207,"column":5}},"line":182},"9":{"name":"(anonymous_9)","decl":{"start":{"line":209,"column":4},"end":{"line":209,"column":5}},"loc":{"start":{"line":209,"column":39},"end":{"line":241,"column":5}},"line":209},"10":{"name":"(anonymous_10)","decl":{"start":{"line":243,"column":4},"end":{"line":243,"column":5}},"loc":{"start":{"line":243,"column":49},"end":{"line":261,"column":5}},"line":243}},"branchMap":{"0":{"loc":{"start":{"line":89,"column":12},"end":{"line":92,"column":13}},"type":"if","locations":[{"start":{"line":89,"column":12},"end":{"line":92,"column":13}},{"start":{},"end":{}}],"line":89},"1":{"loc":{"start":{"line":110,"column":25},"end":{"line":110,"column":58}},"type":"binary-expr","locations":[{"start":{"line":110,"column":25},"end":{"line":110,"column":41}},{"start":{"line":110,"column":45},"end":{"line":110,"column":58}}],"line":110},"2":{"loc":{"start":{"line":152,"column":20},"end":{"line":152,"column":70}},"type":"binary-expr","locations":[{"start":{"line":152,"column":20},"end":{"line":152,"column":47}},{"start":{"line":152,"column":51},"end":{"line":152,"column":70}}],"line":152},"3":{"loc":{"start":{"line":156,"column":8},"end":{"line":158,"column":9}},"type":"if","locations":[{"start":{"line":156,"column":8},"end":{"line":158,"column":9}},{"start":{},"end":{}}],"line":156},"4":{"loc":{"start":{"line":160,"column":8},"end":{"line":162,"column":9}},"type":"if","locations":[{"start":{"line":160,"column":8},"end":{"line":162,"column":9}},{"start":{},"end":{}}],"line":160},"5":{"loc":{"start":{"line":168,"column":8},"end":{"line":170,"column":9}},"type":"if","locations":[{"start":{"line":168,"column":8},"end":{"line":170,"column":9}},{"start":{},"end":{}}],"line":168},"6":{"loc":{"start":{"line":183,"column":8},"end":{"line":183,"column":58}},"type":"if","locations":[{"start":{"line":183,"column":8},"end":{"line":183,"column":58}},{"start":{},"end":{}}],"line":183},"7":{"loc":{"start":{"line":184,"column":8},"end":{"line":184,"column":61}},"type":"if","locations":[{"start":{"line":184,"column":8},"end":{"line":184,"column":61}},{"start":{},"end":{}}],"line":184},"8":{"loc":{"start":{"line":192,"column":12},"end":{"line":194,"column":13}},"type":"if","locations":[{"start":{"line":192,"column":12},"end":{"line":194,"column":13}},{"start":{},"end":{}}],"line":192},"9":{"loc":{"start":{"line":210,"column":8},"end":{"line":210,"column":58}},"type":"if","locations":[{"start":{"line":210,"column":8},"end":{"line":210,"column":58}},{"start":{},"end":{}}],"line":210},"10":{"loc":{"start":{"line":211,"column":8},"end":{"line":211,"column":57}},"type":"if","locations":[{"start":{"line":211,"column":8},"end":{"line":211,"column":57}},{"start":{},"end":{}}],"line":211},"11":{"loc":{"start":{"line":226,"column":12},"end":{"line":228,"column":13}},"type":"if","locations":[{"start":{"line":226,"column":12},"end":{"line":228,"column":13}},{"start":{},"end":{}}],"line":226},"12":{"loc":{"start":{"line":244,"column":8},"end":{"line":244,"column":53}},"type":"if","locations":[{"start":{"line":244,"column":8},"end":{"line":244,"column":53}},{"start":{},"end":{}}],"line":244},"13":{"loc":{"start":{"line":245,"column":8},"end":{"line":245,"column":59}},"type":"if","locations":[{"start":{"line":245,"column":8},"end":{"line":245,"column":59}},{"start":{},"end":{}}],"line":245},"14":{"loc":{"start":{"line":253,"column":8},"end":{"line":255,"column":9}},"type":"if","locations":[{"start":{"line":253,"column":8},"end":{"line":255,"column":9}},{"start":{},"end":{}}],"line":253}},"s":{"0":1,"1":1,"2":1,"3":1,"4":5,"5":5,"6":5,"7":1,"8":1,"9":0,"10":0,"11":0,"12":0,"13":2,"14":2,"15":0,"16":0,"17":0,"18":0,"19":1,"20":1,"21":1,"22":1,"23":1,"24":1,"25":0,"26":0,"27":1,"28":1,"29":1,"30":1,"31":0,"32":0,"33":0,"34":1,"35":1,"36":1,"37":4,"38":1,"39":1,"40":1,"41":0,"42":1,"43":1,"44":0,"45":1,"46":0,"47":0,"48":0,"49":0,"50":0,"51":0,"52":0,"53":0,"54":0,"55":0,"56":0,"57":0,"58":0,"59":0,"60":0,"61":0,"62":0,"63":0,"64":0,"65":0,"66":0,"67":0,"68":0,"69":0,"70":0,"71":0,"72":0,"73":0,"74":0,"75":0,"76":0,"77":0,"78":0,"79":0,"80":0,"81":1},"f":{"0":5,"1":1,"2":0,"3":2,"4":0,"5":1,"6":1,"7":4,"8":0,"9":0,"10":0},"b":{"0":[0,1],"1":[0,0],"2":[4,4],"3":[1,0],"4":[0,1],"5":[0,1],"6":[0,0],"7":[0,0],"8":[0,0],"9":[0,0],"10":[0,0],"11":[0,0],"12":[0,0],"13":[0,0],"14":[0,0]},"_coverageSchema":"1a1c01bbd47fc00a2c39e90264f33305004495a9","hash":"1f2d70bdb4e5d6ee7db8878051b707487ca43f27"}
,"C:\\Users\\zsidakovits.balint\\Desktop\\Vizsgaremek\\users\\api\\repositories\\index.js": {"path":"C:\\Users\\zsidakovits.balint\\Desktop\\Vizsgaremek\\users\\api\\repositories\\index.js","statementMap":{"0":{"start":{"line":1,"column":24},"end":{"line":1,"column":52}},"1":{"start":{"line":2,"column":23},"end":{"line":2,"column":50}},"2":{"start":{"line":4,"column":0},"end":{"line":10,"column":1}},"3":{"start":{"line":6,"column":27},"end":{"line":6,"column":49}},"4":{"start":{"line":8,"column":28},"end":{"line":8,"column":51}},"5":{"start":{"line":9,"column":4},"end":{"line":9,"column":46}}},"fnMap":{"0":{"name":"(anonymous_0)","decl":{"start":{"line":4,"column":17},"end":{"line":4,"column":18}},"loc":{"start":{"line":5,"column":0},"end":{"line":10,"column":1}},"line":5}},"branchMap":{},"s":{"0":1,"1":1,"2":1,"3":5,"4":5,"5":5},"f":{"0":5},"b":{},"_coverageSchema":"1a1c01bbd47fc00a2c39e90264f33305004495a9","hash":"30afcf885b66e5730bc1046eba26bba3ff092c22"}
,"C:\\Users\\zsidakovits.balint\\Desktop\\Vizsgaremek\\users\\api\\routes\\authRoutes.js": {"path":"C:\\Users\\zsidakovits.balint\\Desktop\\Vizsgaremek\\users\\api\\routes\\authRoutes.js","statementMap":{"0":{"start":{"line":1,"column":16},"end":{"line":1,"column":34}},"1":{"start":{"line":3,"column":15},"end":{"line":3,"column":31}},"2":{"start":{"line":5,"column":23},"end":{"line":5,"column":63}},"3":{"start":{"line":7,"column":23},"end":{"line":7,"column":63}},"4":{"start":{"line":9,"column":0},"end":{"line":9,"column":44}},"5":{"start":{"line":11,"column":0},"end":{"line":11,"column":51}},"6":{"start":{"line":13,"column":0},"end":{"line":13,"column":80}},"7":{"start":{"line":15,"column":0},"end":{"line":15,"column":48}},"8":{"start":{"line":17,"column":0},"end":{"line":17,"column":24}}},"fnMap":{},"branchMap":{},"s":{"0":1,"1":1,"2":1,"3":1,"4":1,"5":1,"6":1,"7":1,"8":1},"f":{},"b":{},"_coverageSchema":"1a1c01bbd47fc00a2c39e90264f33305004495a9","hash":"90dfadfb7e300002519fc9dc2d35337535609385"}
,"C:\\Users\\zsidakovits.balint\\Desktop\\Vizsgaremek\\users\\api\\routes\\scoreRoutes.js": {"path":"C:\\Users\\zsidakovits.balint\\Desktop\\Vizsgaremek\\users\\api\\routes\\scoreRoutes.js","statementMap":{"0":{"start":{"line":1,"column":16},"end":{"line":1,"column":35}},"1":{"start":{"line":3,"column":15},"end":{"line":3,"column":31}},"2":{"start":{"line":5,"column":24},"end":{"line":5,"column":65}},"3":{"start":{"line":7,"column":0},"end":{"line":7,"column":43}},"4":{"start":{"line":11,"column":0},"end":{"line":16,"column":3}},"5":{"start":{"line":13,"column":4},"end":{"line":13,"column":28}},"6":{"start":{"line":15,"column":4},"end":{"line":15,"column":11}},"7":{"start":{"line":17,"column":0},"end":{"line":17,"column":56}},"8":{"start":{"line":21,"column":0},"end":{"line":25,"column":3}},"9":{"start":{"line":22,"column":4},"end":{"line":22,"column":32}},"10":{"start":{"line":24,"column":4},"end":{"line":24,"column":11}},"11":{"start":{"line":27,"column":0},"end":{"line":27,"column":71}},"12":{"start":{"line":30,"column":0},"end":{"line":30,"column":45}},"13":{"start":{"line":32,"column":0},"end":{"line":32,"column":44}},"14":{"start":{"line":34,"column":0},"end":{"line":34,"column":54}},"15":{"start":{"line":36,"column":0},"end":{"line":41,"column":3}},"16":{"start":{"line":38,"column":4},"end":{"line":38,"column":26}},"17":{"start":{"line":40,"column":4},"end":{"line":40,"column":11}},"18":{"start":{"line":43,"column":0},"end":{"line":43,"column":50}},"19":{"start":{"line":45,"column":0},"end":{"line":45,"column":24}}},"fnMap":{"0":{"name":"(anonymous_0)","decl":{"start":{"line":11,"column":25},"end":{"line":11,"column":26}},"loc":{"start":{"line":12,"column":0},"end":{"line":16,"column":1}},"line":12},"1":{"name":"(anonymous_1)","decl":{"start":{"line":21,"column":27},"end":{"line":21,"column":28}},"loc":{"start":{"line":21,"column":59},"end":{"line":25,"column":1}},"line":21},"2":{"name":"(anonymous_2)","decl":{"start":{"line":36,"column":24},"end":{"line":36,"column":25}},"loc":{"start":{"line":37,"column":0},"end":{"line":41,"column":1}},"line":37}},"branchMap":{},"s":{"0":1,"1":1,"2":1,"3":1,"4":1,"5":1,"6":1,"7":1,"8":1,"9":1,"10":1,"11":1,"12":1,"13":1,"14":1,"15":1,"16":1,"17":1,"18":1,"19":1},"f":{"0":1,"1":1,"2":1},"b":{},"_coverageSchema":"1a1c01bbd47fc00a2c39e90264f33305004495a9","hash":"24240647c0a83df4cb7d12199dbdcc25a5c9b4bb"}
,"C:\\Users\\zsidakovits.balint\\Desktop\\Vizsgaremek\\users\\api\\routes\\userRoutes.js": {"path":"C:\\Users\\zsidakovits.balint\\Desktop\\Vizsgaremek\\users\\api\\routes\\userRoutes.js","statementMap":{"0":{"start":{"line":3,"column":16},"end":{"line":3,"column":34}},"1":{"start":{"line":5,"column":15},"end":{"line":5,"column":31}},"2":{"start":{"line":7,"column":23},"end":{"line":7,"column":63}},"3":{"start":{"line":9,"column":23},"end":{"line":9,"column":63}},"4":{"start":{"line":11,"column":0},"end":{"line":14,"column":2}},"5":{"start":{"line":12,"column":4},"end":{"line":12,"column":24}},"6":{"start":{"line":13,"column":4},"end":{"line":13,"column":10}},"7":{"start":{"line":15,"column":0},"end":{"line":15,"column":100}},"8":{"start":{"line":16,"column":0},"end":{"line":16,"column":124}},"9":{"start":{"line":18,"column":0},"end":{"line":18,"column":44}},"10":{"start":{"line":20,"column":0},"end":{"line":20,"column":47}},"11":{"start":{"line":22,"column":0},"end":{"line":22,"column":51}},"12":{"start":{"line":24,"column":0},"end":{"line":24,"column":86}},"13":{"start":{"line":26,"column":0},"end":{"line":26,"column":86}},"14":{"start":{"line":28,"column":0},"end":{"line":28,"column":67}},"15":{"start":{"line":30,"column":0},"end":{"line":30,"column":51}},"16":{"start":{"line":32,"column":0},"end":{"line":32,"column":24}}},"fnMap":{"0":{"name":"(anonymous_0)","decl":{"start":{"line":11,"column":22},"end":{"line":11,"column":23}},"loc":{"start":{"line":11,"column":45},"end":{"line":14,"column":1}},"line":11}},"branchMap":{},"s":{"0":1,"1":1,"2":1,"3":1,"4":1,"5":2,"6":2,"7":1,"8":1,"9":1,"10":1,"11":1,"12":1,"13":1,"14":1,"15":1,"16":1},"f":{"0":2},"b":{},"_coverageSchema":"1a1c01bbd47fc00a2c39e90264f33305004495a9","hash":"72ca094e6858b7f58a0521120ea9483a9d28ff92"}
,"C:\\Users\\zsidakovits.balint\\Desktop\\Vizsgaremek\\users\\api\\services\\ScoreService.js": {"path":"C:\\Users\\zsidakovits.balint\\Desktop\\Vizsgaremek\\users\\api\\services\\ScoreService.js","statementMap":{"0":{"start":{"line":1,"column":43},"end":{"line":1,"column":63}},"1":{"start":{"line":5,"column":8},"end":{"line":5,"column":78}},"2":{"start":{"line":9,"column":8},"end":{"line":9,"column":54}},"3":{"start":{"line":13,"column":8},"end":{"line":13,"column":69}},"4":{"start":{"line":13,"column":23},"end":{"line":13,"column":69}},"5":{"start":{"line":14,"column":8},"end":{"line":14,"column":68}},"6":{"start":{"line":18,"column":8},"end":{"line":18,"column":73}},"7":{"start":{"line":18,"column":25},"end":{"line":18,"column":73}},"8":{"start":{"line":19,"column":8},"end":{"line":19,"column":74}},"9":{"start":{"line":24,"column":8},"end":{"line":24,"column":93}},"10":{"start":{"line":24,"column":22},"end":{"line":24,"column":93}},"11":{"start":{"line":25,"column":22},"end":{"line":25,"column":66}},"12":{"start":{"line":26,"column":8},"end":{"line":26,"column":97}},"13":{"start":{"line":26,"column":20},"end":{"line":26,"column":97}},"14":{"start":{"line":27,"column":8},"end":{"line":27,"column":21}},"15":{"start":{"line":31,"column":8},"end":{"line":31,"column":93}},"16":{"start":{"line":31,"column":24},"end":{"line":31,"column":93}},"17":{"start":{"line":32,"column":8},"end":{"line":32,"column":96}},"18":{"start":{"line":32,"column":31},"end":{"line":32,"column":96}},"19":{"start":{"line":33,"column":8},"end":{"line":33,"column":113}},"20":{"start":{"line":33,"column":43},"end":{"line":33,"column":113}},"21":{"start":{"line":34,"column":8},"end":{"line":34,"column":100}},"22":{"start":{"line":34,"column":33},"end":{"line":34,"column":100}},"23":{"start":{"line":35,"column":8},"end":{"line":35,"column":65}},"24":{"start":{"line":39,"column":8},"end":{"line":39,"column":68}},"25":{"start":{"line":39,"column":22},"end":{"line":39,"column":68}},"26":{"start":{"line":40,"column":8},"end":{"line":40,"column":130}},"27":{"start":{"line":40,"column":63},"end":{"line":40,"column":130}},"28":{"start":{"line":41,"column":8},"end":{"line":41,"column":96}},"29":{"start":{"line":41,"column":31},"end":{"line":41,"column":96}},"30":{"start":{"line":42,"column":8},"end":{"line":42,"column":113}},"31":{"start":{"line":42,"column":43},"end":{"line":42,"column":113}},"32":{"start":{"line":43,"column":8},"end":{"line":43,"column":100}},"33":{"start":{"line":43,"column":33},"end":{"line":43,"column":100}},"34":{"start":{"line":44,"column":8},"end":{"line":44,"column":74}},"35":{"start":{"line":48,"column":8},"end":{"line":48,"column":68}},"36":{"start":{"line":48,"column":22},"end":{"line":48,"column":68}},"37":{"start":{"line":49,"column":22},"end":{"line":49,"column":69}},"38":{"start":{"line":50,"column":8},"end":{"line":50,"column":97}},"39":{"start":{"line":50,"column":20},"end":{"line":50,"column":97}},"40":{"start":{"line":51,"column":8},"end":{"line":51,"column":33}},"41":{"start":{"line":55,"column":0},"end":{"line":55,"column":30}}},"fnMap":{"0":{"name":"(anonymous_0)","decl":{"start":{"line":4,"column":4},"end":{"line":4,"column":5}},"loc":{"start":{"line":4,"column":20},"end":{"line":6,"column":5}},"line":4},"1":{"name":"(anonymous_1)","decl":{"start":{"line":8,"column":4},"end":{"line":8,"column":5}},"loc":{"start":{"line":8,"column":22},"end":{"line":10,"column":5}},"line":8},"2":{"name":"(anonymous_2)","decl":{"start":{"line":12,"column":4},"end":{"line":12,"column":5}},"loc":{"start":{"line":12,"column":35},"end":{"line":15,"column":5}},"line":12},"3":{"name":"(anonymous_3)","decl":{"start":{"line":17,"column":4},"end":{"line":17,"column":5}},"loc":{"start":{"line":17,"column":42},"end":{"line":20,"column":5}},"line":17},"4":{"name":"(anonymous_4)","decl":{"start":{"line":23,"column":4},"end":{"line":23,"column":5}},"loc":{"start":{"line":23,"column":28},"end":{"line":28,"column":5}},"line":23},"5":{"name":"(anonymous_5)","decl":{"start":{"line":30,"column":4},"end":{"line":30,"column":5}},"loc":{"start":{"line":30,"column":33},"end":{"line":36,"column":5}},"line":30},"6":{"name":"(anonymous_6)","decl":{"start":{"line":38,"column":4},"end":{"line":38,"column":5}},"loc":{"start":{"line":38,"column":42},"end":{"line":45,"column":5}},"line":38},"7":{"name":"(anonymous_7)","decl":{"start":{"line":47,"column":4},"end":{"line":47,"column":5}},"loc":{"start":{"line":47,"column":31},"end":{"line":52,"column":5}},"line":47}},"branchMap":{"0":{"loc":{"start":{"line":13,"column":8},"end":{"line":13,"column":69}},"type":"if","locations":[{"start":{"line":13,"column":8},"end":{"line":13,"column":69}},{"start":{},"end":{}}],"line":13},"1":{"loc":{"start":{"line":18,"column":8},"end":{"line":18,"column":73}},"type":"if","locations":[{"start":{"line":18,"column":8},"end":{"line":18,"column":73}},{"start":{},"end":{}}],"line":18},"2":{"loc":{"start":{"line":24,"column":8},"end":{"line":24,"column":93}},"type":"if","locations":[{"start":{"line":24,"column":8},"end":{"line":24,"column":93}},{"start":{},"end":{}}],"line":24},"3":{"loc":{"start":{"line":26,"column":8},"end":{"line":26,"column":97}},"type":"if","locations":[{"start":{"line":26,"column":8},"end":{"line":26,"column":97}},{"start":{},"end":{}}],"line":26},"4":{"loc":{"start":{"line":31,"column":8},"end":{"line":31,"column":93}},"type":"if","locations":[{"start":{"line":31,"column":8},"end":{"line":31,"column":93}},{"start":{},"end":{}}],"line":31},"5":{"loc":{"start":{"line":32,"column":8},"end":{"line":32,"column":96}},"type":"if","locations":[{"start":{"line":32,"column":8},"end":{"line":32,"column":96}},{"start":{},"end":{}}],"line":32},"6":{"loc":{"start":{"line":33,"column":8},"end":{"line":33,"column":113}},"type":"if","locations":[{"start":{"line":33,"column":8},"end":{"line":33,"column":113}},{"start":{},"end":{}}],"line":33},"7":{"loc":{"start":{"line":34,"column":8},"end":{"line":34,"column":100}},"type":"if","locations":[{"start":{"line":34,"column":8},"end":{"line":34,"column":100}},{"start":{},"end":{}}],"line":34},"8":{"loc":{"start":{"line":39,"column":8},"end":{"line":39,"column":68}},"type":"if","locations":[{"start":{"line":39,"column":8},"end":{"line":39,"column":68}},{"start":{},"end":{}}],"line":39},"9":{"loc":{"start":{"line":40,"column":8},"end":{"line":40,"column":130}},"type":"if","locations":[{"start":{"line":40,"column":8},"end":{"line":40,"column":130}},{"start":{},"end":{}}],"line":40},"10":{"loc":{"start":{"line":40,"column":12},"end":{"line":40,"column":61}},"type":"binary-expr","locations":[{"start":{"line":40,"column":12},"end":{"line":40,"column":22}},{"start":{"line":40,"column":26},"end":{"line":40,"column":61}}],"line":40},"11":{"loc":{"start":{"line":41,"column":8},"end":{"line":41,"column":96}},"type":"if","locations":[{"start":{"line":41,"column":8},"end":{"line":41,"column":96}},{"start":{},"end":{}}],"line":41},"12":{"loc":{"start":{"line":42,"column":8},"end":{"line":42,"column":113}},"type":"if","locations":[{"start":{"line":42,"column":8},"end":{"line":42,"column":113}},{"start":{},"end":{}}],"line":42},"13":{"loc":{"start":{"line":43,"column":8},"end":{"line":43,"column":100}},"type":"if","locations":[{"start":{"line":43,"column":8},"end":{"line":43,"column":100}},{"start":{},"end":{}}],"line":43},"14":{"loc":{"start":{"line":48,"column":8},"end":{"line":48,"column":68}},"type":"if","locations":[{"start":{"line":48,"column":8},"end":{"line":48,"column":68}},{"start":{},"end":{}}],"line":48},"15":{"loc":{"start":{"line":50,"column":8},"end":{"line":50,"column":97}},"type":"if","locations":[{"start":{"line":50,"column":8},"end":{"line":50,"column":97}},{"start":{},"end":{}}],"line":50}},"s":{"0":1,"1":3,"2":1,"3":1,"4":0,"5":1,"6":1,"7":0,"8":1,"9":0,"10":0,"11":0,"12":0,"13":0,"14":0,"15":2,"16":0,"17":2,"18":0,"19":2,"20":0,"21":2,"22":1,"23":1,"24":1,"25":0,"26":1,"27":0,"28":1,"29":0,"30":1,"31":0,"32":1,"33":0,"34":1,"35":1,"36":0,"37":1,"38":1,"39":0,"40":1,"41":1},"f":{"0":3,"1":1,"2":1,"3":1,"4":0,"5":2,"6":1,"7":1},"b":{"0":[0,1],"1":[0,1],"2":[0,0],"3":[0,0],"4":[0,2],"5":[0,2],"6":[0,2],"7":[1,1],"8":[0,1],"9":[0,1],"10":[1,1],"11":[0,1],"12":[0,1],"13":[0,1],"14":[0,1],"15":[0,1]},"_coverageSchema":"1a1c01bbd47fc00a2c39e90264f33305004495a9","hash":"1f16bf05d8c730f88785d90f50430fee807fd26a"}
,"C:\\Users\\zsidakovits.balint\\Desktop\\Vizsgaremek\\users\\api\\services\\UserService.js": {"path":"C:\\Users\\zsidakovits.balint\\Desktop\\Vizsgaremek\\users\\api\\services\\UserService.js","statementMap":{"0":{"start":{"line":1,"column":43},"end":{"line":1,"column":63}},"1":{"start":{"line":2,"column":18},"end":{"line":2,"column":51}},"2":{"start":{"line":3,"column":22},"end":{"line":3,"column":56}},"3":{"start":{"line":9,"column":8},"end":{"line":9,"column":76}},"4":{"start":{"line":14,"column":8},"end":{"line":14,"column":52}},"5":{"start":{"line":19,"column":8},"end":{"line":19,"column":64}},"6":{"start":{"line":24,"column":8},"end":{"line":24,"column":90}},"7":{"start":{"line":24,"column":20},"end":{"line":24,"column":90}},"8":{"start":{"line":26,"column":21},"end":{"line":26,"column":62}},"9":{"start":{"line":28,"column":8},"end":{"line":31,"column":11}},"10":{"start":{"line":28,"column":18},"end":{"line":31,"column":11}},"11":{"start":{"line":33,"column":8},"end":{"line":33,"column":20}},"12":{"start":{"line":38,"column":8},"end":{"line":41,"column":11}},"13":{"start":{"line":38,"column":22},"end":{"line":41,"column":11}},"14":{"start":{"line":43,"column":8},"end":{"line":46,"column":11}},"15":{"start":{"line":43,"column":27},"end":{"line":46,"column":11}},"16":{"start":{"line":48,"column":8},"end":{"line":51,"column":11}},"17":{"start":{"line":48,"column":31},"end":{"line":51,"column":11}},"18":{"start":{"line":53,"column":8},"end":{"line":56,"column":11}},"19":{"start":{"line":53,"column":28},"end":{"line":56,"column":11}},"20":{"start":{"line":58,"column":8},"end":{"line":58,"column":62}},"21":{"start":{"line":61,"column":4},"end":{"line":63,"column":5}},"22":{"start":{"line":62,"column":8},"end":{"line":62,"column":53}},"23":{"start":{"line":65,"column":4},"end":{"line":67,"column":5}},"24":{"start":{"line":66,"column":8},"end":{"line":66,"column":73}},"25":{"start":{"line":69,"column":4},"end":{"line":73,"column":5}},"26":{"start":{"line":70,"column":8},"end":{"line":72,"column":11}},"27":{"start":{"line":75,"column":4},"end":{"line":79,"column":5}},"28":{"start":{"line":76,"column":8},"end":{"line":78,"column":11}},"29":{"start":{"line":81,"column":4},"end":{"line":85,"column":5}},"30":{"start":{"line":82,"column":8},"end":{"line":84,"column":11}},"31":{"start":{"line":87,"column":4},"end":{"line":91,"column":5}},"32":{"start":{"line":88,"column":8},"end":{"line":90,"column":11}},"33":{"start":{"line":94,"column":4},"end":{"line":94,"column":66}},"34":{"start":{"line":99,"column":8},"end":{"line":99,"column":66}},"35":{"start":{"line":99,"column":21},"end":{"line":99,"column":66}},"36":{"start":{"line":100,"column":8},"end":{"line":100,"column":69}},"37":{"start":{"line":100,"column":23},"end":{"line":100,"column":69}},"38":{"start":{"line":102,"column":8},"end":{"line":102,"column":74}},"39":{"start":{"line":106,"column":8},"end":{"line":106,"column":66}},"40":{"start":{"line":106,"column":21},"end":{"line":106,"column":66}},"41":{"start":{"line":107,"column":8},"end":{"line":107,"column":65}},"42":{"start":{"line":107,"column":19},"end":{"line":107,"column":65}},"43":{"start":{"line":109,"column":8},"end":{"line":109,"column":70}},"44":{"start":{"line":113,"column":8},"end":{"line":113,"column":65}},"45":{"start":{"line":113,"column":20},"end":{"line":113,"column":65}},"46":{"start":{"line":114,"column":8},"end":{"line":114,"column":60}},"47":{"start":{"line":118,"column":8},"end":{"line":118,"column":67}},"48":{"start":{"line":118,"column":20},"end":{"line":118,"column":67}},"49":{"start":{"line":119,"column":8},"end":{"line":119,"column":73}},"50":{"start":{"line":119,"column":23},"end":{"line":119,"column":73}},"51":{"start":{"line":121,"column":29},"end":{"line":121,"column":93}},"52":{"start":{"line":123,"column":8},"end":{"line":125,"column":9}},"53":{"start":{"line":124,"column":8},"end":{"line":124,"column":85}},"54":{"start":{"line":127,"column":8},"end":{"line":131,"column":11}},"55":{"start":{"line":133,"column":8},"end":{"line":133,"column":33}},"56":{"start":{"line":137,"column":0},"end":{"line":137,"column":29}}},"fnMap":{"0":{"name":"(anonymous_0)","decl":{"start":{"line":7,"column":4},"end":{"line":7,"column":5}},"loc":{"start":{"line":8,"column":4},"end":{"line":10,"column":5}},"line":8},"1":{"name":"(anonymous_1)","decl":{"start":{"line":12,"column":4},"end":{"line":12,"column":5}},"loc":{"start":{"line":13,"column":4},"end":{"line":15,"column":5}},"line":13},"2":{"name":"(anonymous_2)","decl":{"start":{"line":17,"column":4},"end":{"line":17,"column":5}},"loc":{"start":{"line":18,"column":4},"end":{"line":20,"column":5}},"line":18},"3":{"name":"(anonymous_3)","decl":{"start":{"line":22,"column":4},"end":{"line":22,"column":5}},"loc":{"start":{"line":23,"column":4},"end":{"line":34,"column":5}},"line":23},"4":{"name":"(anonymous_4)","decl":{"start":{"line":36,"column":4},"end":{"line":36,"column":5}},"loc":{"start":{"line":37,"column":4},"end":{"line":59,"column":5}},"line":37},"5":{"name":"(anonymous_5)","decl":{"start":{"line":60,"column":3},"end":{"line":60,"column":4}},"loc":{"start":{"line":60,"column":38},"end":{"line":95,"column":1}},"line":60},"6":{"name":"(anonymous_6)","decl":{"start":{"line":98,"column":4},"end":{"line":98,"column":5}},"loc":{"start":{"line":98,"column":43},"end":{"line":103,"column":5}},"line":98},"7":{"name":"(anonymous_7)","decl":{"start":{"line":105,"column":4},"end":{"line":105,"column":5}},"loc":{"start":{"line":105,"column":39},"end":{"line":110,"column":5}},"line":105},"8":{"name":"(anonymous_8)","decl":{"start":{"line":112,"column":4},"end":{"line":112,"column":5}},"loc":{"start":{"line":112,"column":28},"end":{"line":115,"column":5}},"line":112},"9":{"name":"(anonymous_9)","decl":{"start":{"line":117,"column":4},"end":{"line":117,"column":5}},"loc":{"start":{"line":117,"column":48},"end":{"line":134,"column":5}},"line":117}},"branchMap":{"0":{"loc":{"start":{"line":24,"column":8},"end":{"line":24,"column":90}},"type":"if","locations":[{"start":{"line":24,"column":8},"end":{"line":24,"column":90}},{"start":{},"end":{}}],"line":24},"1":{"loc":{"start":{"line":28,"column":8},"end":{"line":31,"column":11}},"type":"if","locations":[{"start":{"line":28,"column":8},"end":{"line":31,"column":11}},{"start":{},"end":{}}],"line":28},"2":{"loc":{"start":{"line":38,"column":8},"end":{"line":41,"column":11}},"type":"if","locations":[{"start":{"line":38,"column":8},"end":{"line":41,"column":11}},{"start":{},"end":{}}],"line":38},"3":{"loc":{"start":{"line":43,"column":8},"end":{"line":46,"column":11}},"type":"if","locations":[{"start":{"line":43,"column":8},"end":{"line":46,"column":11}},{"start":{},"end":{}}],"line":43},"4":{"loc":{"start":{"line":48,"column":8},"end":{"line":51,"column":11}},"type":"if","locations":[{"start":{"line":48,"column":8},"end":{"line":51,"column":11}},{"start":{},"end":{}}],"line":48},"5":{"loc":{"start":{"line":53,"column":8},"end":{"line":56,"column":11}},"type":"if","locations":[{"start":{"line":53,"column":8},"end":{"line":56,"column":11}},{"start":{},"end":{}}],"line":53},"6":{"loc":{"start":{"line":61,"column":4},"end":{"line":63,"column":5}},"type":"if","locations":[{"start":{"line":61,"column":4},"end":{"line":63,"column":5}},{"start":{},"end":{}}],"line":61},"7":{"loc":{"start":{"line":65,"column":4},"end":{"line":67,"column":5}},"type":"if","locations":[{"start":{"line":65,"column":4},"end":{"line":67,"column":5}},{"start":{},"end":{}}],"line":65},"8":{"loc":{"start":{"line":65,"column":8},"end":{"line":65,"column":55}},"type":"binary-expr","locations":[{"start":{"line":65,"column":8},"end":{"line":65,"column":17}},{"start":{"line":65,"column":21},"end":{"line":65,"column":55}}],"line":65},"9":{"loc":{"start":{"line":69,"column":4},"end":{"line":73,"column":5}},"type":"if","locations":[{"start":{"line":69,"column":4},"end":{"line":73,"column":5}},{"start":{},"end":{}}],"line":69},"10":{"loc":{"start":{"line":75,"column":4},"end":{"line":79,"column":5}},"type":"if","locations":[{"start":{"line":75,"column":4},"end":{"line":79,"column":5}},{"start":{},"end":{}}],"line":75},"11":{"loc":{"start":{"line":81,"column":4},"end":{"line":85,"column":5}},"type":"if","locations":[{"start":{"line":81,"column":4},"end":{"line":85,"column":5}},{"start":{},"end":{}}],"line":81},"12":{"loc":{"start":{"line":87,"column":4},"end":{"line":91,"column":5}},"type":"if","locations":[{"start":{"line":87,"column":4},"end":{"line":91,"column":5}},{"start":{},"end":{}}],"line":87},"13":{"loc":{"start":{"line":87,"column":8},"end":{"line":87,"column":67}},"type":"binary-expr","locations":[{"start":{"line":87,"column":8},"end":{"line":87,"column":38}},{"start":{"line":87,"column":42},"end":{"line":87,"column":67}}],"line":87},"14":{"loc":{"start":{"line":99,"column":8},"end":{"line":99,"column":66}},"type":"if","locations":[{"start":{"line":99,"column":8},"end":{"line":99,"column":66}},{"start":{},"end":{}}],"line":99},"15":{"loc":{"start":{"line":100,"column":8},"end":{"line":100,"column":69}},"type":"if","locations":[{"start":{"line":100,"column":8},"end":{"line":100,"column":69}},{"start":{},"end":{}}],"line":100},"16":{"loc":{"start":{"line":106,"column":8},"end":{"line":106,"column":66}},"type":"if","locations":[{"start":{"line":106,"column":8},"end":{"line":106,"column":66}},{"start":{},"end":{}}],"line":106},"17":{"loc":{"start":{"line":107,"column":8},"end":{"line":107,"column":65}},"type":"if","locations":[{"start":{"line":107,"column":8},"end":{"line":107,"column":65}},{"start":{},"end":{}}],"line":107},"18":{"loc":{"start":{"line":113,"column":8},"end":{"line":113,"column":65}},"type":"if","locations":[{"start":{"line":113,"column":8},"end":{"line":113,"column":65}},{"start":{},"end":{}}],"line":113},"19":{"loc":{"start":{"line":118,"column":8},"end":{"line":118,"column":67}},"type":"if","locations":[{"start":{"line":118,"column":8},"end":{"line":118,"column":67}},{"start":{},"end":{}}],"line":118},"20":{"loc":{"start":{"line":119,"column":8},"end":{"line":119,"column":73}},"type":"if","locations":[{"start":{"line":119,"column":8},"end":{"line":119,"column":73}},{"start":{},"end":{}}],"line":119},"21":{"loc":{"start":{"line":123,"column":8},"end":{"line":125,"column":9}},"type":"if","locations":[{"start":{"line":123,"column":8},"end":{"line":125,"column":9}},{"start":{},"end":{}}],"line":123}},"s":{"0":1,"1":1,"2":1,"3":2,"4":1,"5":0,"6":2,"7":0,"8":2,"9":2,"10":0,"11":2,"12":0,"13":0,"14":0,"15":0,"16":0,"17":0,"18":0,"19":0,"20":0,"21":1,"22":0,"23":1,"24":0,"25":1,"26":0,"27":1,"28":0,"29":1,"30":0,"31":1,"32":0,"33":1,"34":0,"35":0,"36":0,"37":0,"38":0,"39":0,"40":0,"41":0,"42":0,"43":0,"44":1,"45":0,"46":1,"47":0,"48":0,"49":0,"50":0,"51":0,"52":0,"53":0,"54":0,"55":0,"56":1},"f":{"0":2,"1":1,"2":0,"3":2,"4":0,"5":1,"6":0,"7":0,"8":1,"9":0},"b":{"0":[0,2],"1":[0,2],"2":[0,0],"3":[0,0],"4":[0,0],"5":[0,0],"6":[0,1],"7":[0,1],"8":[1,1],"9":[0,1],"10":[0,1],"11":[0,1],"12":[0,1],"13":[1,1],"14":[0,0],"15":[0,0],"16":[0,0],"17":[0,0],"18":[0,1],"19":[0,0],"20":[0,0],"21":[0,0]},"_coverageSchema":"1a1c01bbd47fc00a2c39e90264f33305004495a9","hash":"2528f4573eb40dbddcc18aa243af96ba84509d3d"}
,"C:\\Users\\zsidakovits.balint\\Desktop\\Vizsgaremek\\users\\api\\services\\index.js": {"path":"C:\\Users\\zsidakovits.balint\\Desktop\\Vizsgaremek\\users\\api\\services\\index.js","statementMap":{"0":{"start":{"line":1,"column":21},"end":{"line":1,"column":46}},"1":{"start":{"line":2,"column":20},"end":{"line":2,"column":44}},"2":{"start":{"line":4,"column":0},"end":{"line":11,"column":1}},"3":{"start":{"line":6,"column":24},"end":{"line":6,"column":43}},"4":{"start":{"line":8,"column":25},"end":{"line":8,"column":45}},"5":{"start":{"line":10,"column":4},"end":{"line":10,"column":39}}},"fnMap":{"0":{"name":"(anonymous_0)","decl":{"start":{"line":4,"column":17},"end":{"line":4,"column":18}},"loc":{"start":{"line":5,"column":0},"end":{"line":11,"column":1}},"line":5}},"branchMap":{},"s":{"0":1,"1":1,"2":1,"3":2,"4":2,"5":2},"f":{"0":2},"b":{},"_coverageSchema":"1a1c01bbd47fc00a2c39e90264f33305004495a9","hash":"ca2f4294a8700af85f3d59d0d2f938ee09873041"}
,"C:\\Users\\zsidakovits.balint\\Desktop\\Vizsgaremek\\users\\api\\utilities\\authUtils.js": {"path":"C:\\Users\\zsidakovits.balint\\Desktop\\Vizsgaremek\\users\\api\\utilities\\authUtils.js","statementMap":{"0":{"start":{"line":1,"column":12},"end":{"line":1,"column":35}},"1":{"start":{"line":3,"column":15},"end":{"line":3,"column":32}},"2":{"start":{"line":5,"column":13},"end":{"line":5,"column":15}},"3":{"start":{"line":7,"column":0},"end":{"line":10,"column":1}},"4":{"start":{"line":9,"column":4},"end":{"line":9,"column":109}},"5":{"start":{"line":12,"column":0},"end":{"line":14,"column":2}},"6":{"start":{"line":13,"column":4},"end":{"line":13,"column":109}},"7":{"start":{"line":17,"column":0},"end":{"line":25,"column":1}},"8":{"start":{"line":19,"column":4},"end":{"line":24,"column":7}},"9":{"start":{"line":27,"column":0},"end":{"line":37,"column":1}},"10":{"start":{"line":29,"column":4},"end":{"line":36,"column":5}},"11":{"start":{"line":31,"column":8},"end":{"line":31,"column":57}},"12":{"start":{"line":35,"column":8},"end":{"line":35,"column":20}},"13":{"start":{"line":39,"column":0},"end":{"line":42,"column":1}},"14":{"start":{"line":41,"column":4},"end":{"line":41,"column":43}}},"fnMap":{"0":{"name":"(anonymous_0)","decl":{"start":{"line":7,"column":28},"end":{"line":7,"column":29}},"loc":{"start":{"line":8,"column":0},"end":{"line":10,"column":1}},"line":8},"1":{"name":"(anonymous_1)","decl":{"start":{"line":12,"column":28},"end":{"line":12,"column":29}},"loc":{"start":{"line":12,"column":38},"end":{"line":14,"column":1}},"line":12},"2":{"name":"(anonymous_2)","decl":{"start":{"line":17,"column":20},"end":{"line":17,"column":21}},"loc":{"start":{"line":18,"column":0},"end":{"line":25,"column":1}},"line":18},"3":{"name":"(anonymous_3)","decl":{"start":{"line":27,"column":22},"end":{"line":27,"column":23}},"loc":{"start":{"line":28,"column":0},"end":{"line":37,"column":1}},"line":28},"4":{"name":"(anonymous_4)","decl":{"start":{"line":39,"column":23},"end":{"line":39,"column":24}},"loc":{"start":{"line":40,"column":0},"end":{"line":42,"column":1}},"line":40}},"branchMap":{},"s":{"0":1,"1":1,"2":1,"3":1,"4":0,"5":1,"6":1,"7":1,"8":1,"9":1,"10":2,"11":2,"12":0,"13":1,"14":5},"f":{"0":0,"1":1,"2":1,"3":2,"4":5},"b":{},"_coverageSchema":"1a1c01bbd47fc00a2c39e90264f33305004495a9","hash":"e2b9c7b9be2b9c31caa075d10906df58efcfd5ec"}
,"C:\\Users\\zsidakovits.balint\\Desktop\\Vizsgaremek\\users\\api\\utilities\\emailUtils.js": {"path":"C:\\Users\\zsidakovits.balint\\Desktop\\Vizsgaremek\\users\\api\\utilities\\emailUtils.js","statementMap":{"0":{"start":{"line":1,"column":19},"end":{"line":1,"column":40}},"1":{"start":{"line":4,"column":22},"end":{"line":12,"column":4}},"2":{"start":{"line":14,"column":15},"end":{"line":19,"column":4}},"3":{"start":{"line":21,"column":2},"end":{"line":21,"column":46}},"4":{"start":{"line":24,"column":0},"end":{"line":24,"column":28}}},"fnMap":{"0":{"name":"sendEmail","decl":{"start":{"line":3,"column":15},"end":{"line":3,"column":24}},"loc":{"start":{"line":3,"column":48},"end":{"line":22,"column":1}},"line":3}},"branchMap":{},"s":{"0":1,"1":0,"2":0,"3":0,"4":1},"f":{"0":0},"b":{},"_coverageSchema":"1a1c01bbd47fc00a2c39e90264f33305004495a9","hash":"2e96e7f9460cd376da3c7439f35ca6d95542eaf8"}
}
