TN:
SF:app.js
FN:24,(anonymous_0)
FNF:1
FNH:0
FNDA:0,(anonymous_0)
DA:1,1
DA:2,1
DA:3,1
DA:5,1
DA:6,1
DA:8,1
DA:9,1
DA:10,1
DA:11,1
DA:13,1
DA:14,1
DA:15,1
DA:16,1
DA:18,1
DA:20,1
DA:21,1
DA:22,1
DA:24,1
DA:26,1
DA:28,1
LF:20
LH:20
BRF:0
BRH:0
end_of_record
TN:
SF:api\controllers\authController.js
FN:9,(anonymous_0)
FN:38,(anonymous_1)
FN:71,(anonymous_2)
FN:76,(anonymous_3)
FNF:4
FNH:1
FNDA:3,(anonymous_0)
FNDA:0,(anonymous_1)
FNDA:0,(anonymous_2)
FNDA:0,(anonymous_3)
DA:1,1
DA:3,1
DA:5,1
DA:7,1
DA:9,1
DA:10,3
DA:12,3
DA:13,1
DA:17,2
DA:18,2
DA:20,0
DA:23,2
DA:24,0
DA:27,2
DA:28,2
DA:29,1
DA:32,1
DA:33,1
DA:35,1
DA:38,1
DA:39,0
DA:41,0
DA:42,0
DA:46,0
DA:47,0
DA:49,0
DA:52,0
DA:53,0
DA:56,0
DA:57,0
DA:58,0
DA:61,0
DA:62,0
DA:65,0
DA:67,0
DA:71,1
DA:73,0
DA:76,1
DA:78,0
DA:80,0
LF:40
LH:20
BRDA:12,0,0,1
BRDA:12,0,1,2
BRDA:12,1,0,3
BRDA:12,1,1,2
BRDA:23,2,0,0
BRDA:23,2,1,2
BRDA:28,3,0,1
BRDA:28,3,1,1
BRDA:41,4,0,0
BRDA:41,4,1,0
BRDA:41,5,0,0
BRDA:41,5,1,0
BRDA:52,6,0,0
BRDA:52,6,1,0
BRDA:57,7,0,0
BRDA:57,7,1,0
BRDA:61,8,0,0
BRDA:61,8,1,0
BRF:18
BRH:7
end_of_record
TN:
SF:api\controllers\scoreController.js
FN:5,(anonymous_0)
FN:14,(anonymous_1)
FN:24,(anonymous_2)
FN:34,(anonymous_3)
FN:44,(anonymous_4)
FN:54,(anonymous_5)
FN:64,(anonymous_6)
FN:75,(anonymous_7)
FNF:8
FNH:6
FNDA:1,(anonymous_0)
FNDA:0,(anonymous_1)
FNDA:1,(anonymous_2)
FNDA:1,(anonymous_3)
FNDA:0,(anonymous_4)
FNDA:2,(anonymous_5)
FNDA:1,(anonymous_6)
FNDA:1,(anonymous_7)
DA:1,1
DA:2,1
DA:3,1
DA:5,1
DA:6,1
DA:7,1
DA:8,1
DA:10,0
DA:14,1
DA:15,0
DA:16,0
DA:17,0
DA:18,0
DA:20,0
DA:24,1
DA:25,1
DA:26,1
DA:27,1
DA:28,1
DA:30,0
DA:34,1
DA:35,1
DA:36,1
DA:37,1
DA:38,1
DA:40,0
DA:44,1
DA:45,0
DA:46,0
DA:47,0
DA:48,0
DA:50,0
DA:54,1
DA:55,2
DA:56,2
DA:57,2
DA:58,1
DA:60,1
DA:64,1
DA:65,1
DA:66,1
DA:67,1
DA:68,1
DA:69,1
DA:71,0
DA:75,1
DA:76,1
DA:77,1
DA:78,1
DA:79,1
DA:81,0
LF:51
LH:36
BRDA:55,0,0,2
BRDA:55,0,1,0
BRDA:65,1,0,1
BRDA:65,1,1,0
BRDA:66,2,0,1
BRDA:66,2,1,0
BRF:6
BRH:3
end_of_record
TN:
SF:api\controllers\userController.js
FN:7,(anonymous_0)
FN:19,(anonymous_1)
FN:31,(anonymous_2)
FN:53,(anonymous_3)
FN:68,(anonymous_4)
FN:85,(anonymous_5)
FN:101,(anonymous_6)
FN:117,(anonymous_7)
FN:128,(anonymous_8)
FNF:9
FNH:3
FNDA:1,(anonymous_0)
FNDA:0,(anonymous_1)
FNDA:0,(anonymous_2)
FNDA:0,(anonymous_3)
FNDA:1,(anonymous_4)
FNDA:0,(anonymous_5)
FNDA:0,(anonymous_6)
FNDA:1,(anonymous_7)
FNDA:0,(anonymous_8)
DA:1,1
DA:2,1
DA:3,1
DA:5,1
DA:7,1
DA:9,1
DA:11,1
DA:15,0
DA:19,1
DA:21,0
DA:23,0
DA:27,0
DA:31,1
DA:32,0
DA:34,0
DA:35,0
DA:38,0
DA:40,0
DA:41,0
DA:45,0
DA:46,0
DA:47,0
DA:49,0
DA:53,1
DA:55,0
DA:57,0
DA:59,0
DA:63,0
DA:68,1
DA:69,1
DA:70,1
DA:72,1
DA:73,1
DA:80,1
DA:82,0
DA:85,1
DA:86,0
DA:88,0
DA:89,0
DA:91,0
DA:93,0
DA:94,0
DA:95,0
DA:97,0
DA:101,1
DA:102,0
DA:104,0
DA:105,0
DA:107,0
DA:109,0
DA:110,0
DA:111,0
DA:113,0
DA:117,1
DA:118,1
DA:119,1
DA:120,1
DA:121,1
DA:122,1
DA:124,0
DA:128,1
DA:129,0
DA:131,0
DA:132,0
DA:133,0
DA:135,0
DA:137,0
DA:139,0
LF:68
LH:25
BRDA:34,0,0,0
BRDA:34,0,1,0
BRDA:34,1,0,0
BRDA:34,1,1,0
BRDA:46,2,0,0
BRDA:46,2,1,0
BRDA:55,3,0,0
BRDA:55,3,1,0
BRDA:70,4,0,1
BRDA:70,4,1,0
BRDA:91,5,0,0
BRDA:91,5,1,0
BRDA:107,6,0,0
BRDA:107,6,1,0
BRDA:129,7,0,0
BRDA:129,7,1,0
BRDA:132,8,0,0
BRDA:132,8,1,0
BRDA:133,9,0,0
BRDA:133,9,1,0
BRF:20
BRH:1
end_of_record
TN:
SF:api\errors\AppError.js
FN:3,(anonymous_0)
FNF:1
FNH:1
FNDA:3,(anonymous_0)
DA:6,3
DA:8,3
DA:10,3
DA:12,3
DA:14,3
DA:16,3
DA:20,1
LF:7
LH:7
BRDA:3,0,0,0
BRDA:4,1,0,0
BRDA:4,2,0,0
BRDA:4,3,0,3
BRDA:4,4,0,3
BRDA:4,5,0,2
BRDA:12,6,0,3
BRDA:12,6,1,0
BRDA:14,7,0,3
BRDA:14,7,1,0
BRDA:16,8,0,3
BRDA:16,8,1,0
BRF:12
BRH:6
end_of_record
TN:
SF:api\errors\BadRequestError.js
FN:5,(anonymous_0)
FNF:1
FNH:1
FNDA:1,(anonymous_0)
DA:1,1
DA:7,1
DA:11,1
LF:3
LH:3
BRDA:5,0,0,0
BRDA:5,1,0,0
BRF:2
BRH:0
end_of_record
TN:
SF:api\errors\DbError.js
FN:5,(anonymous_0)
FNF:1
FNH:0
FNDA:0,(anonymous_0)
DA:1,1
DA:7,0
DA:11,1
LF:3
LH:2
BRDA:5,0,0,0
BRDA:5,1,0,0
BRF:2
BRH:0
end_of_record
TN:
SF:api\errors\NotFoundError.js
FN:5,(anonymous_0)
FNF:1
FNH:0
FNDA:0,(anonymous_0)
DA:1,1
DA:7,0
DA:11,1
LF:3
LH:2
BRDA:5,0,0,0
BRDA:5,1,0,0
BRF:2
BRH:0
end_of_record
TN:
SF:api\errors\UnauthorizedError.js
FN:5,(anonymous_0)
FNF:1
FNH:1
FNDA:2,(anonymous_0)
DA:1,1
DA:7,2
DA:11,1
LF:3
LH:3
BRDA:5,0,0,1
BRDA:5,1,0,2
BRF:2
BRH:2
end_of_record
TN:
SF:api\errors\ValidationError.js
FN:5,(anonymous_0)
FNF:1
FNH:0
FNDA:0,(anonymous_0)
DA:1,1
DA:7,0
DA:11,1
LF:3
LH:2
BRDA:5,0,0,0
BRDA:5,1,0,0
BRF:2
BRH:0
end_of_record
TN:
SF:api\errors\index.js
FNF:0
FNH:0
DA:1,1
LF:1
LH:1
BRF:0
BRH:0
end_of_record
TN:
SF:api\middlewares\authMiddleware.js
FN:5,(anonymous_0)
FN:23,(anonymous_1)
FNF:2
FNH:2
FNDA:3,(anonymous_0)
FNDA:2,(anonymous_1)
DA:1,1
DA:3,1
DA:5,1
DA:7,3
DA:9,3
DA:11,2
DA:13,2
DA:17,0
DA:20,2
DA:23,1
DA:25,2
DA:27,1
LF:12
LH:11
BRDA:7,0,0,3
BRDA:7,0,1,0
BRDA:9,1,0,1
BRDA:9,1,1,2
BRDA:25,2,0,1
BRDA:25,2,1,1
BRF:6
BRH:5
end_of_record
TN:
SF:api\middlewares\errorHandler.js
FN:3,notFound
FN:8,showError
FNF:2
FNH:1
FNDA:0,notFound
FNDA:3,showError
DA:1,1
DA:5,0
DA:10,3
DA:11,3
DA:13,3
DA:15,0
DA:21,3
DA:23,3
DA:31,1
LF:9
LH:7
BRDA:13,0,0,0
BRDA:13,0,1,3
BRDA:27,1,0,3
BRDA:27,1,1,0
BRF:4
BRH:2
end_of_record
TN:
SF:api\models\Score.js
FN:3,(anonymous_0)
FNF:1
FNH:1
FNDA:1,(anonymous_0)
DA:1,1
DA:3,1
DA:6,1
DA:41,1
LF:4
LH:4
BRF:0
BRH:0
end_of_record
TN:
SF:api\models\User.js
FN:4,(anonymous_0)
FN:37,(anonymous_1)
FNF:2
FNH:2
FNDA:1,(anonymous_0)
FNDA:4,(anonymous_1)
DA:1,1
DA:2,1
DA:4,1
DA:7,1
DA:38,4
DA:70,1
LF:6
LH:6
BRF:0
BRH:0
end_of_record
TN:
SF:api\models\index.js
FN:1,(anonymous_0)
FNF:1
FNH:1
FNDA:1,(anonymous_0)
DA:1,1
DA:2,1
DA:3,1
DA:5,1
DA:12,1
DA:19,1
LF:6
LH:6
BRF:0
BRH:0
end_of_record
TN:
SF:api\repositories\ScoreRepository.js
FN:6,(anonymous_0)
FN:11,(anonymous_1)
FN:21,(anonymous_2)
FN:39,(anonymous_3)
FN:61,(anonymous_4)
FN:78,(anonymous_5)
FN:92,(anonymous_6)
FN:102,(anonymous_7)
FN:116,(anonymous_8)
FNF:9
FNH:7
FNDA:5,(anonymous_0)
FNDA:1,(anonymous_1)
FNDA:1,(anonymous_2)
FNDA:1,(anonymous_3)
FNDA:0,(anonymous_4)
FNDA:0,(anonymous_5)
FNDA:1,(anonymous_6)
FNDA:1,(anonymous_7)
FNDA:1,(anonymous_8)
DA:1,1
DA:3,1
DA:7,5
DA:8,5
DA:12,1
DA:13,1
DA:15,0
DA:22,1
DA:23,1
DA:33,0
DA:40,1
DA:41,1
DA:52,1
DA:54,0
DA:62,0
DA:63,0
DA:69,0
DA:71,0
DA:79,0
DA:80,0
DA:86,0
DA:93,1
DA:94,1
DA:96,0
DA:103,1
DA:104,1
DA:110,0
DA:117,1
DA:118,1
DA:124,0
DA:131,1
LF:31
LH:18
BRDA:116,0,0,0
BRF:1
BRH:0
end_of_record
TN:
SF:api\repositories\UserRepository.js
FN:8,(anonymous_0)
FN:17,(anonymous_1)
FN:32,(anonymous_2)
FN:47,(anonymous_3)
FN:64,(anonymous_4)
FN:80,(anonymous_5)
FN:145,(anonymous_6)
FN:151,(anonymous_7)
FN:178,(anonymous_8)
FN:205,(anonymous_9)
FN:239,(anonymous_10)
FNF:11
FNH:6
FNDA:5,(anonymous_0)
FNDA:1,(anonymous_1)
FNDA:0,(anonymous_2)
FNDA:2,(anonymous_3)
FNDA:0,(anonymous_4)
FNDA:1,(anonymous_5)
FNDA:1,(anonymous_6)
FNDA:4,(anonymous_7)
FNDA:0,(anonymous_8)
FNDA:0,(anonymous_9)
FNDA:0,(anonymous_10)
DA:1,1
DA:2,1
DA:3,1
DA:4,1
DA:10,5
DA:12,5
DA:14,5
DA:19,1
DA:21,1
DA:25,0
DA:34,0
DA:36,0
DA:40,0
DA:48,2
DA:49,2
DA:56,0
DA:66,0
DA:68,0
DA:72,0
DA:81,1
DA:83,1
DA:84,1
DA:86,1
DA:87,1
DA:89,1
DA:90,0
DA:91,0
DA:94,1
DA:99,1
DA:104,1
DA:105,1
DA:107,0
DA:108,0
DA:109,0
DA:146,1
DA:147,1
DA:149,1
DA:152,4
DA:156,1
DA:157,0
DA:160,1
DA:164,1
DA:165,0
DA:168,1
DA:170,0
DA:179,0
DA:180,0
DA:182,0
DA:183,0
DA:188,0
DA:189,0
DA:192,0
DA:196,0
DA:198,0
DA:206,0
DA:207,0
DA:209,0
DA:210,0
DA:212,0
DA:217,0
DA:222,0
DA:223,0
DA:226,0
DA:230,0
DA:232,0
DA:240,0
DA:241,0
DA:243,0
DA:244,0
DA:249,0
DA:250,0
DA:253,0
DA:255,0
DA:261,1
LF:74
LH:30
BRDA:89,0,0,0
BRDA:89,0,1,1
BRDA:110,1,0,0
BRDA:110,1,1,0
BRDA:152,2,0,4
BRDA:152,2,1,4
BRDA:156,3,0,0
BRDA:156,3,1,1
BRDA:164,4,0,0
BRDA:164,4,1,1
BRDA:179,5,0,0
BRDA:179,5,1,0
BRDA:180,6,0,0
BRDA:180,6,1,0
BRDA:188,7,0,0
BRDA:188,7,1,0
BRDA:206,8,0,0
BRDA:206,8,1,0
BRDA:207,9,0,0
BRDA:207,9,1,0
BRDA:222,10,0,0
BRDA:222,10,1,0
BRDA:240,11,0,0
BRDA:240,11,1,0
BRDA:241,12,0,0
BRDA:241,12,1,0
BRDA:249,13,0,0
BRDA:249,13,1,0
BRF:28
BRH:5
end_of_record
TN:
SF:api\repositories\index.js
FN:4,(anonymous_0)
FNF:1
FNH:1
FNDA:5,(anonymous_0)
DA:1,1
DA:2,1
DA:4,1
DA:6,5
DA:8,5
DA:9,5
LF:6
LH:6
BRF:0
BRH:0
end_of_record
TN:
SF:api\routes\authRoutes.js
FNF:0
FNH:0
DA:1,1
DA:3,1
DA:5,1
DA:7,1
DA:9,1
DA:11,1
DA:13,1
DA:15,1
DA:17,1
LF:9
LH:9
BRF:0
BRH:0
end_of_record
TN:
SF:api\routes\scoreRoutes.js
FN:11,(anonymous_0)
FN:21,(anonymous_1)
FN:37,(anonymous_2)
FNF:3
FNH:3
FNDA:1,(anonymous_0)
FNDA:1,(anonymous_1)
FNDA:2,(anonymous_2)
DA:1,1
DA:3,1
DA:5,1
DA:7,1
DA:11,1
DA:13,1
DA:15,1
DA:17,1
DA:21,1
DA:22,1
DA:24,1
DA:27,1
DA:29,1
DA:31,1
DA:33,1
DA:35,1
DA:37,1
DA:39,2
DA:41,2
DA:44,1
DA:46,1
LF:21
LH:21
BRF:0
BRH:0
end_of_record
TN:
SF:api\routes\userRoutes.js
FN:9,(anonymous_0)
FNF:1
FNH:1
FNDA:2,(anonymous_0)
DA:1,1
DA:3,1
DA:5,1
DA:7,1
DA:9,1
DA:10,2
DA:11,2
DA:13,1
DA:14,1
DA:16,1
DA:18,1
DA:20,1
DA:22,1
DA:24,1
DA:26,1
DA:28,1
DA:30,1
LF:17
LH:17
BRF:0
BRH:0
end_of_record
TN:
SF:api\services\ScoreService.js
FN:4,(anonymous_0)
FN:8,(anonymous_1)
FN:12,(anonymous_2)
FN:17,(anonymous_3)
FN:22,(anonymous_4)
FN:27,(anonymous_5)
FN:34,(anonymous_6)
FN:42,(anonymous_7)
FN:51,(anonymous_8)
FNF:9
FNH:7
FNDA:3,(anonymous_0)
FNDA:1,(anonymous_1)
FNDA:1,(anonymous_2)
FNDA:1,(anonymous_3)
FNDA:0,(anonymous_4)
FNDA:0,(anonymous_5)
FNDA:2,(anonymous_6)
FNDA:1,(anonymous_7)
FNDA:1,(anonymous_8)
DA:1,1
DA:5,3
DA:9,1
DA:13,1
DA:14,1
DA:18,1
DA:19,1
DA:23,0
DA:24,0
DA:28,0
DA:29,0
DA:30,0
DA:31,0
DA:35,2
DA:36,2
DA:37,2
DA:38,2
DA:39,1
DA:43,1
DA:44,1
DA:45,1
DA:46,1
DA:47,1
DA:48,1
DA:52,1
DA:53,1
DA:54,1
DA:55,1
DA:59,1
LF:29
LH:23
BRDA:13,0,0,0
BRDA:13,0,1,1
BRDA:18,1,0,0
BRDA:18,1,1,1
BRDA:23,2,0,0
BRDA:23,2,1,0
BRDA:28,3,0,0
BRDA:28,3,1,0
BRDA:30,4,0,0
BRDA:30,4,1,0
BRDA:35,5,0,0
BRDA:35,5,1,2
BRDA:36,6,0,0
BRDA:36,6,1,2
BRDA:37,7,0,0
BRDA:37,7,1,2
BRDA:38,8,0,1
BRDA:38,8,1,1
BRDA:43,9,0,0
BRDA:43,9,1,1
BRDA:44,10,0,0
BRDA:44,10,1,1
BRDA:44,11,0,1
BRDA:44,11,1,1
BRDA:45,12,0,0
BRDA:45,12,1,1
BRDA:46,13,0,0
BRDA:46,13,1,1
BRDA:47,14,0,0
BRDA:47,14,1,1
BRDA:52,15,0,0
BRDA:52,15,1,1
BRDA:54,16,0,0
BRDA:54,16,1,1
BRF:34
BRH:16
end_of_record
TN:
SF:api\services\UserService.js
FN:7,(anonymous_0)
FN:12,(anonymous_1)
FN:17,(anonymous_2)
FN:22,(anonymous_3)
FN:36,(anonymous_4)
FN:60,(anonymous_5)
FN:97,(anonymous_6)
FN:104,(anonymous_7)
FN:111,(anonymous_8)
FN:116,(anonymous_9)
FNF:10
FNH:5
FNDA:2,(anonymous_0)
FNDA:1,(anonymous_1)
FNDA:0,(anonymous_2)
FNDA:2,(anonymous_3)
FNDA:0,(anonymous_4)
FNDA:1,(anonymous_5)
FNDA:0,(anonymous_6)
FNDA:0,(anonymous_7)
FNDA:1,(anonymous_8)
FNDA:0,(anonymous_9)
DA:1,1
DA:2,1
DA:3,1
DA:9,2
DA:14,1
DA:19,0
DA:24,2
DA:26,2
DA:28,2
DA:33,2
DA:38,0
DA:43,0
DA:48,0
DA:53,0
DA:58,0
DA:61,1
DA:62,0
DA:65,1
DA:66,0
DA:69,1
DA:70,0
DA:75,1
DA:76,0
DA:81,1
DA:82,0
DA:87,1
DA:88,0
DA:93,1
DA:98,0
DA:99,0
DA:101,0
DA:105,0
DA:106,0
DA:108,0
DA:112,1
DA:113,1
DA:117,0
DA:118,0
DA:120,0
DA:122,0
DA:123,0
DA:126,0
DA:132,0
DA:136,1
LF:44
LH:19
BRDA:24,0,0,0
BRDA:24,0,1,2
BRDA:28,1,0,0
BRDA:28,1,1,2
BRDA:38,2,0,0
BRDA:38,2,1,0
BRDA:43,3,0,0
BRDA:43,3,1,0
BRDA:48,4,0,0
BRDA:48,4,1,0
BRDA:53,5,0,0
BRDA:53,5,1,0
BRDA:61,6,0,0
BRDA:61,6,1,1
BRDA:65,7,0,0
BRDA:65,7,1,1
BRDA:65,8,0,1
BRDA:65,8,1,1
BRDA:69,9,0,0
BRDA:69,9,1,1
BRDA:75,10,0,0
BRDA:75,10,1,1
BRDA:81,11,0,0
BRDA:81,11,1,1
BRDA:87,12,0,0
BRDA:87,12,1,1
BRDA:87,13,0,1
BRDA:87,13,1,1
BRDA:98,14,0,0
BRDA:98,14,1,0
BRDA:99,15,0,0
BRDA:99,15,1,0
BRDA:105,16,0,0
BRDA:105,16,1,0
BRDA:106,17,0,0
BRDA:106,17,1,0
BRDA:112,18,0,0
BRDA:112,18,1,1
BRDA:117,19,0,0
BRDA:117,19,1,0
BRDA:118,20,0,0
BRDA:118,20,1,0
BRDA:122,21,0,0
BRDA:122,21,1,0
BRF:44
BRH:13
end_of_record
TN:
SF:api\services\index.js
FN:4,(anonymous_0)
FNF:1
FNH:1
FNDA:2,(anonymous_0)
DA:1,1
DA:2,1
DA:4,1
DA:6,2
DA:8,2
DA:10,2
LF:6
LH:6
BRF:0
BRH:0
end_of_record
TN:
SF:api\utilities\authUtils.js
FN:7,(anonymous_0)
FN:12,(anonymous_1)
FN:17,(anonymous_2)
FN:27,(anonymous_3)
FN:39,(anonymous_4)
FNF:5
FNH:4
FNDA:0,(anonymous_0)
FNDA:1,(anonymous_1)
FNDA:1,(anonymous_2)
FNDA:2,(anonymous_3)
FNDA:4,(anonymous_4)
DA:1,1
DA:3,1
DA:5,1
DA:7,1
DA:9,0
DA:12,1
DA:13,1
DA:17,1
DA:19,1
DA:27,1
DA:29,2
DA:31,2
DA:35,0
DA:39,1
DA:41,4
LF:15
LH:13
BRF:0
BRH:0
end_of_record
TN:
SF:api\utilities\emailUtils.js
FN:3,sendEmail
FNF:1
FNH:0
FNDA:0,sendEmail
DA:1,1
DA:4,0
DA:14,0
DA:21,0
DA:24,1
LF:5
LH:2
BRF:0
BRH:0
end_of_record
