TN:
SF:app.js
FN:24,(anonymous_0)
FNF:1
FNH:0
FNDA:0,(anonymous_0)
DA:1,1
DA:2,1
DA:3,1
DA:5,1
DA:6,1
DA:8,1
DA:9,1
DA:10,1
DA:11,1
DA:13,1
DA:14,1
DA:15,1
DA:16,1
DA:18,1
DA:20,1
DA:21,1
DA:22,1
DA:24,1
DA:26,1
DA:28,1
LF:20
LH:20
BRF:0
BRH:0
end_of_record
TN:
SF:api\controllers\authController.js
FN:9,(anonymous_0)
FN:38,(anonymous_1)
FN:71,(anonymous_2)
FN:76,(anonymous_3)
FNF:4
FNH:1
FNDA:3,(anonymous_0)
FNDA:0,(anonymous_1)
FNDA:0,(anonymous_2)
FNDA:0,(anonymous_3)
DA:1,1
DA:3,1
DA:5,1
DA:7,1
DA:9,1
DA:10,3
DA:12,3
DA:13,1
DA:17,2
DA:18,2
DA:20,0
DA:23,2
DA:24,0
DA:27,2
DA:28,2
DA:29,1
DA:32,1
DA:33,1
DA:35,1
DA:38,1
DA:39,0
DA:41,0
DA:42,0
DA:46,0
DA:47,0
DA:49,0
DA:52,0
DA:53,0
DA:56,0
DA:57,0
DA:58,0
DA:61,0
DA:62,0
DA:65,0
DA:67,0
DA:71,1
DA:73,0
DA:76,1
DA:78,0
DA:80,0
LF:40
LH:20
BRDA:12,0,0,1
BRDA:12,0,1,2
BRDA:12,1,0,3
BRDA:12,1,1,2
BRDA:23,2,0,0
BRDA:23,2,1,2
BRDA:28,3,0,1
BRDA:28,3,1,1
BRDA:41,4,0,0
BRDA:41,4,1,0
BRDA:41,5,0,0
BRDA:41,5,1,0
BRDA:52,6,0,0
BRDA:52,6,1,0
BRDA:57,7,0,0
BRDA:57,7,1,0
BRDA:61,8,0,0
BRDA:61,8,1,0
BRF:18
BRH:7
end_of_record
TN:
SF:api\controllers\scoreController.js
FN:5,(anonymous_0)
FN:14,(anonymous_1)
FN:24,(anonymous_2)
FN:34,(anonymous_3)
FN:44,(anonymous_4)
FN:54,(anonymous_5)
FN:65,(anonymous_6)
FNF:7
FNH:6
FNDA:1,(anonymous_0)
FNDA:0,(anonymous_1)
FNDA:1,(anonymous_2)
FNDA:1,(anonymous_3)
FNDA:2,(anonymous_4)
FNDA:1,(anonymous_5)
FNDA:1,(anonymous_6)
DA:1,1
DA:2,1
DA:3,1
DA:5,1
DA:6,1
DA:7,1
DA:8,1
DA:10,0
DA:14,1
DA:15,0
DA:16,0
DA:17,0
DA:18,0
DA:20,0
DA:24,1
DA:25,1
DA:26,1
DA:27,1
DA:28,1
DA:30,0
DA:34,1
DA:35,1
DA:36,1
DA:37,1
DA:38,1
DA:40,0
DA:44,1
DA:45,2
DA:46,2
DA:47,2
DA:48,1
DA:50,1
DA:54,1
DA:55,1
DA:56,1
DA:57,1
DA:58,1
DA:59,1
DA:61,0
DA:65,1
DA:66,1
DA:67,1
DA:68,1
DA:69,1
DA:71,0
LF:45
LH:35
BRDA:45,0,0,2
BRDA:45,0,1,0
BRDA:55,1,0,1
BRDA:55,1,1,1
BRDA:56,2,0,1
BRDA:56,2,1,0
BRF:6
BRH:4
end_of_record
TN:
SF:api\controllers\userController.js
FN:7,(anonymous_0)
FN:19,(anonymous_1)
FN:31,(anonymous_2)
FN:53,(anonymous_3)
FN:68,(anonymous_4)
FN:85,(anonymous_5)
FN:101,(anonymous_6)
FN:117,(anonymous_7)
FN:128,(anonymous_8)
FNF:9
FNH:3
FNDA:1,(anonymous_0)
FNDA:0,(anonymous_1)
FNDA:0,(anonymous_2)
FNDA:0,(anonymous_3)
FNDA:1,(anonymous_4)
FNDA:0,(anonymous_5)
FNDA:0,(anonymous_6)
FNDA:1,(anonymous_7)
FNDA:0,(anonymous_8)
DA:1,1
DA:2,1
DA:3,1
DA:5,1
DA:7,1
DA:9,1
DA:11,1
DA:15,0
DA:19,1
DA:21,0
DA:23,0
DA:27,0
DA:31,1
DA:32,0
DA:34,0
DA:35,0
DA:38,0
DA:40,0
DA:41,0
DA:45,0
DA:46,0
DA:47,0
DA:49,0
DA:53,1
DA:55,0
DA:57,0
DA:59,0
DA:63,0
DA:68,1
DA:69,1
DA:70,1
DA:72,1
DA:73,1
DA:80,1
DA:82,0
DA:85,1
DA:86,0
DA:88,0
DA:89,0
DA:91,0
DA:93,0
DA:94,0
DA:95,0
DA:97,0
DA:101,1
DA:102,0
DA:104,0
DA:105,0
DA:107,0
DA:109,0
DA:110,0
DA:111,0
DA:113,0
DA:117,1
DA:118,1
DA:119,1
DA:120,1
DA:121,1
DA:122,1
DA:124,0
DA:128,1
DA:129,0
DA:131,0
DA:132,0
DA:133,0
DA:135,0
DA:137,0
DA:139,0
LF:68
LH:25
BRDA:34,0,0,0
BRDA:34,0,1,0
BRDA:34,1,0,0
BRDA:34,1,1,0
BRDA:46,2,0,0
BRDA:46,2,1,0
BRDA:55,3,0,0
BRDA:55,3,1,0
BRDA:70,4,0,1
BRDA:70,4,1,0
BRDA:91,5,0,0
BRDA:91,5,1,0
BRDA:107,6,0,0
BRDA:107,6,1,0
BRDA:129,7,0,0
BRDA:129,7,1,0
BRDA:132,8,0,0
BRDA:132,8,1,0
BRDA:133,9,0,0
BRDA:133,9,1,0
BRF:20
BRH:1
end_of_record
TN:
SF:api\errors\AppError.js
FN:3,(anonymous_0)
FNF:1
FNH:1
FNDA:3,(anonymous_0)
DA:6,3
DA:8,3
DA:10,3
DA:12,3
DA:14,3
DA:16,3
DA:20,1
LF:7
LH:7
BRDA:3,0,0,0
BRDA:4,1,0,0
BRDA:4,2,0,0
BRDA:4,3,0,3
BRDA:4,4,0,3
BRDA:4,5,0,2
BRDA:12,6,0,3
BRDA:12,6,1,0
BRDA:14,7,0,3
BRDA:14,7,1,0
BRDA:16,8,0,3
BRDA:16,8,1,0
BRF:12
BRH:6
end_of_record
TN:
SF:api\errors\BadRequestError.js
FN:5,(anonymous_0)
FNF:1
FNH:1
FNDA:1,(anonymous_0)
DA:1,1
DA:7,1
DA:11,1
LF:3
LH:3
BRDA:5,0,0,0
BRDA:5,1,0,0
BRF:2
BRH:0
end_of_record
TN:
SF:api\errors\DbError.js
FN:5,(anonymous_0)
FNF:1
FNH:0
FNDA:0,(anonymous_0)
DA:1,1
DA:7,0
DA:11,1
LF:3
LH:2
BRDA:5,0,0,0
BRDA:5,1,0,0
BRF:2
BRH:0
end_of_record
TN:
SF:api\errors\NotFoundError.js
FN:5,(anonymous_0)
FNF:1
FNH:0
FNDA:0,(anonymous_0)
DA:1,1
DA:7,0
DA:11,1
LF:3
LH:2
BRDA:5,0,0,0
BRDA:5,1,0,0
BRF:2
BRH:0
end_of_record
TN:
SF:api\errors\UnauthorizedError.js
FN:5,(anonymous_0)
FNF:1
FNH:1
FNDA:2,(anonymous_0)
DA:1,1
DA:7,2
DA:11,1
LF:3
LH:3
BRDA:5,0,0,1
BRDA:5,1,0,2
BRF:2
BRH:2
end_of_record
TN:
SF:api\errors\ValidationError.js
FN:5,(anonymous_0)
FNF:1
FNH:0
FNDA:0,(anonymous_0)
DA:1,1
DA:7,0
DA:11,1
LF:3
LH:2
BRDA:5,0,0,0
BRDA:5,1,0,0
BRF:2
BRH:0
end_of_record
TN:
SF:api\errors\index.js
FNF:0
FNH:0
DA:1,1
LF:1
LH:1
BRF:0
BRH:0
end_of_record
TN:
SF:api\middlewares\authMiddleware.js
FN:5,(anonymous_0)
FN:23,(anonymous_1)
FNF:2
FNH:2
FNDA:3,(anonymous_0)
FNDA:2,(anonymous_1)
DA:1,1
DA:3,1
DA:5,1
DA:7,3
DA:9,3
DA:11,2
DA:13,2
DA:17,0
DA:20,2
DA:23,1
DA:25,2
DA:27,1
LF:12
LH:11
BRDA:7,0,0,3
BRDA:7,0,1,0
BRDA:9,1,0,1
BRDA:9,1,1,2
BRDA:25,2,0,1
BRDA:25,2,1,1
BRF:6
BRH:5
end_of_record
TN:
SF:api\middlewares\errorHandler.js
FN:3,notFound
FN:8,showError
FNF:2
FNH:1
FNDA:0,notFound
FNDA:3,showError
DA:1,1
DA:5,0
DA:10,3
DA:11,3
DA:13,3
DA:15,0
DA:21,3
DA:23,3
DA:31,1
LF:9
LH:7
BRDA:13,0,0,0
BRDA:13,0,1,3
BRDA:27,1,0,3
BRDA:27,1,1,0
BRF:4
BRH:2
end_of_record
TN:
SF:api\models\Score.js
FN:3,(anonymous_0)
FNF:1
FNH:1
FNDA:1,(anonymous_0)
DA:1,1
DA:3,1
DA:6,1
DA:41,1
LF:4
LH:4
BRF:0
BRH:0
end_of_record
TN:
SF:api\models\User.js
FN:4,(anonymous_0)
FN:37,(anonymous_1)
FNF:2
FNH:2
FNDA:1,(anonymous_0)
FNDA:4,(anonymous_1)
DA:1,1
DA:2,1
DA:4,1
DA:7,1
DA:38,4
DA:70,1
LF:6
LH:6
BRF:0
BRH:0
end_of_record
TN:
SF:api\models\index.js
FN:1,(anonymous_0)
FNF:1
FNH:1
FNDA:1,(anonymous_0)
DA:1,1
DA:2,1
DA:3,1
DA:5,1
DA:12,1
DA:19,1
LF:6
LH:6
BRF:0
BRH:0
end_of_record
TN:
SF:api\repositories\ScoreRepository.js
FN:6,(anonymous_0)
FN:11,(anonymous_1)
FN:21,(anonymous_2)
FN:39,(anonymous_3)
FN:61,(anonymous_4)
FN:75,(anonymous_5)
FN:85,(anonymous_6)
FN:99,(anonymous_7)
FNF:8
FNH:7
FNDA:5,(anonymous_0)
FNDA:1,(anonymous_1)
FNDA:1,(anonymous_2)
FNDA:1,(anonymous_3)
FNDA:0,(anonymous_4)
FNDA:1,(anonymous_5)
FNDA:1,(anonymous_6)
FNDA:1,(anonymous_7)
DA:1,1
DA:3,1
DA:7,5
DA:8,5
DA:12,1
DA:13,1
DA:15,0
DA:22,1
DA:23,1
DA:33,0
DA:40,1
DA:41,1
DA:52,1
DA:54,0
DA:62,0
DA:63,0
DA:69,0
DA:76,1
DA:77,1
DA:79,0
DA:86,1
DA:87,1
DA:93,0
DA:100,1
DA:101,1
DA:107,0
DA:114,1
LF:27
LH:18
BRDA:99,0,0,0
BRF:1
BRH:0
end_of_record
TN:
SF:api\repositories\UserRepository.js
FN:8,(anonymous_0)
FN:17,(anonymous_1)
FN:32,(anonymous_2)
FN:47,(anonymous_3)
FN:64,(anonymous_4)
FN:80,(anonymous_5)
FN:145,(anonymous_6)
FN:151,(anonymous_7)
FN:182,(anonymous_8)
FN:209,(anonymous_9)
FN:243,(anonymous_10)
FNF:11
FNH:6
FNDA:5,(anonymous_0)
FNDA:1,(anonymous_1)
FNDA:0,(anonymous_2)
FNDA:2,(anonymous_3)
FNDA:0,(anonymous_4)
FNDA:1,(anonymous_5)
FNDA:1,(anonymous_6)
FNDA:4,(anonymous_7)
FNDA:0,(anonymous_8)
FNDA:0,(anonymous_9)
FNDA:0,(anonymous_10)
DA:1,1
DA:2,1
DA:3,1
DA:4,1
DA:10,5
DA:12,5
DA:14,5
DA:19,1
DA:21,1
DA:25,0
DA:34,0
DA:36,0
DA:40,0
DA:48,2
DA:49,2
DA:56,0
DA:66,0
DA:68,0
DA:72,0
DA:81,1
DA:83,1
DA:84,1
DA:86,1
DA:87,1
DA:89,1
DA:90,0
DA:91,0
DA:94,1
DA:99,1
DA:104,1
DA:105,1
DA:107,0
DA:108,0
DA:109,0
DA:146,1
DA:147,1
DA:149,1
DA:152,4
DA:156,1
DA:157,1
DA:160,1
DA:161,0
DA:164,1
DA:168,1
DA:169,0
DA:172,1
DA:174,0
DA:183,0
DA:184,0
DA:186,0
DA:187,0
DA:192,0
DA:193,0
DA:196,0
DA:200,0
DA:202,0
DA:210,0
DA:211,0
DA:213,0
DA:214,0
DA:216,0
DA:221,0
DA:226,0
DA:227,0
DA:230,0
DA:234,0
DA:236,0
DA:244,0
DA:245,0
DA:247,0
DA:248,0
DA:253,0
DA:254,0
DA:257,0
DA:259,0
DA:265,1
LF:76
LH:32
BRDA:89,0,0,0
BRDA:89,0,1,1
BRDA:110,1,0,0
BRDA:110,1,1,0
BRDA:152,2,0,4
BRDA:152,2,1,4
BRDA:156,3,0,1
BRDA:156,3,1,0
BRDA:160,4,0,0
BRDA:160,4,1,1
BRDA:168,5,0,0
BRDA:168,5,1,1
BRDA:183,6,0,0
BRDA:183,6,1,0
BRDA:184,7,0,0
BRDA:184,7,1,0
BRDA:192,8,0,0
BRDA:192,8,1,0
BRDA:210,9,0,0
BRDA:210,9,1,0
BRDA:211,10,0,0
BRDA:211,10,1,0
BRDA:226,11,0,0
BRDA:226,11,1,0
BRDA:244,12,0,0
BRDA:244,12,1,0
BRDA:245,13,0,0
BRDA:245,13,1,0
BRDA:253,14,0,0
BRDA:253,14,1,0
BRF:30
BRH:6
end_of_record
TN:
SF:api\repositories\index.js
FN:4,(anonymous_0)
FNF:1
FNH:1
FNDA:5,(anonymous_0)
DA:1,1
DA:2,1
DA:4,1
DA:6,5
DA:8,5
DA:9,5
LF:6
LH:6
BRF:0
BRH:0
end_of_record
TN:
SF:api\routes\authRoutes.js
FNF:0
FNH:0
DA:1,1
DA:3,1
DA:5,1
DA:7,1
DA:9,1
DA:11,1
DA:13,1
DA:15,1
DA:17,1
LF:9
LH:9
BRF:0
BRH:0
end_of_record
TN:
SF:api\routes\scoreRoutes.js
FN:11,(anonymous_0)
FN:21,(anonymous_1)
FN:36,(anonymous_2)
FNF:3
FNH:3
FNDA:1,(anonymous_0)
FNDA:1,(anonymous_1)
FNDA:1,(anonymous_2)
DA:1,1
DA:3,1
DA:5,1
DA:7,1
DA:11,1
DA:13,1
DA:15,1
DA:17,1
DA:21,1
DA:22,1
DA:24,1
DA:27,1
DA:30,1
DA:32,1
DA:34,1
DA:36,1
DA:38,1
DA:40,1
DA:43,1
DA:45,1
LF:20
LH:20
BRF:0
BRH:0
end_of_record
TN:
SF:api\routes\userRoutes.js
FN:11,(anonymous_0)
FNF:1
FNH:1
FNDA:2,(anonymous_0)
DA:3,1
DA:5,1
DA:7,1
DA:9,1
DA:11,1
DA:12,2
DA:13,2
DA:15,1
DA:16,1
DA:18,1
DA:20,1
DA:22,1
DA:24,1
DA:26,1
DA:28,1
DA:30,1
DA:32,1
LF:17
LH:17
BRF:0
BRH:0
end_of_record
TN:
SF:api\services\ScoreService.js
FN:4,(anonymous_0)
FN:8,(anonymous_1)
FN:12,(anonymous_2)
FN:17,(anonymous_3)
FN:23,(anonymous_4)
FN:30,(anonymous_5)
FN:38,(anonymous_6)
FN:47,(anonymous_7)
FNF:8
FNH:7
FNDA:3,(anonymous_0)
FNDA:1,(anonymous_1)
FNDA:1,(anonymous_2)
FNDA:1,(anonymous_3)
FNDA:0,(anonymous_4)
FNDA:2,(anonymous_5)
FNDA:1,(anonymous_6)
FNDA:1,(anonymous_7)
DA:1,1
DA:5,3
DA:9,1
DA:13,1
DA:14,1
DA:18,1
DA:19,1
DA:24,0
DA:25,0
DA:26,0
DA:27,0
DA:31,2
DA:32,2
DA:33,2
DA:34,2
DA:35,1
DA:39,1
DA:40,1
DA:41,1
DA:42,1
DA:43,1
DA:44,1
DA:48,1
DA:49,1
DA:50,1
DA:51,1
DA:55,1
LF:27
LH:23
BRDA:13,0,0,0
BRDA:13,0,1,1
BRDA:18,1,0,0
BRDA:18,1,1,1
BRDA:24,2,0,0
BRDA:24,2,1,0
BRDA:26,3,0,0
BRDA:26,3,1,0
BRDA:31,4,0,0
BRDA:31,4,1,2
BRDA:32,5,0,0
BRDA:32,5,1,2
BRDA:33,6,0,0
BRDA:33,6,1,2
BRDA:34,7,0,1
BRDA:34,7,1,1
BRDA:39,8,0,0
BRDA:39,8,1,1
BRDA:40,9,0,0
BRDA:40,9,1,1
BRDA:40,10,0,1
BRDA:40,10,1,1
BRDA:41,11,0,0
BRDA:41,11,1,1
BRDA:42,12,0,0
BRDA:42,12,1,1
BRDA:43,13,0,0
BRDA:43,13,1,1
BRDA:48,14,0,0
BRDA:48,14,1,1
BRDA:50,15,0,0
BRDA:50,15,1,1
BRF:32
BRH:16
end_of_record
TN:
SF:api\services\UserService.js
FN:7,(anonymous_0)
FN:12,(anonymous_1)
FN:17,(anonymous_2)
FN:22,(anonymous_3)
FN:36,(anonymous_4)
FN:60,(anonymous_5)
FN:98,(anonymous_6)
FN:105,(anonymous_7)
FN:112,(anonymous_8)
FN:117,(anonymous_9)
FNF:10
FNH:5
FNDA:2,(anonymous_0)
FNDA:1,(anonymous_1)
FNDA:0,(anonymous_2)
FNDA:2,(anonymous_3)
FNDA:0,(anonymous_4)
FNDA:1,(anonymous_5)
FNDA:0,(anonymous_6)
FNDA:0,(anonymous_7)
FNDA:1,(anonymous_8)
FNDA:0,(anonymous_9)
DA:1,1
DA:2,1
DA:3,1
DA:9,2
DA:14,1
DA:19,0
DA:24,2
DA:26,2
DA:28,2
DA:33,2
DA:38,0
DA:43,0
DA:48,0
DA:53,0
DA:58,0
DA:61,1
DA:62,0
DA:65,1
DA:66,0
DA:69,1
DA:70,0
DA:75,1
DA:76,0
DA:81,1
DA:82,0
DA:87,1
DA:88,0
DA:94,1
DA:99,0
DA:100,0
DA:102,0
DA:106,0
DA:107,0
DA:109,0
DA:113,1
DA:114,1
DA:118,0
DA:119,0
DA:121,0
DA:123,0
DA:124,0
DA:127,0
DA:133,0
DA:137,1
LF:44
LH:19
BRDA:24,0,0,0
BRDA:24,0,1,2
BRDA:28,1,0,0
BRDA:28,1,1,2
BRDA:38,2,0,0
BRDA:38,2,1,0
BRDA:43,3,0,0
BRDA:43,3,1,0
BRDA:48,4,0,0
BRDA:48,4,1,0
BRDA:53,5,0,0
BRDA:53,5,1,0
BRDA:61,6,0,0
BRDA:61,6,1,1
BRDA:65,7,0,0
BRDA:65,7,1,1
BRDA:65,8,0,1
BRDA:65,8,1,1
BRDA:69,9,0,0
BRDA:69,9,1,1
BRDA:75,10,0,0
BRDA:75,10,1,1
BRDA:81,11,0,0
BRDA:81,11,1,1
BRDA:87,12,0,0
BRDA:87,12,1,1
BRDA:87,13,0,1
BRDA:87,13,1,1
BRDA:99,14,0,0
BRDA:99,14,1,0
BRDA:100,15,0,0
BRDA:100,15,1,0
BRDA:106,16,0,0
BRDA:106,16,1,0
BRDA:107,17,0,0
BRDA:107,17,1,0
BRDA:113,18,0,0
BRDA:113,18,1,1
BRDA:118,19,0,0
BRDA:118,19,1,0
BRDA:119,20,0,0
BRDA:119,20,1,0
BRDA:123,21,0,0
BRDA:123,21,1,0
BRF:44
BRH:13
end_of_record
TN:
SF:api\services\index.js
FN:4,(anonymous_0)
FNF:1
FNH:1
FNDA:2,(anonymous_0)
DA:1,1
DA:2,1
DA:4,1
DA:6,2
DA:8,2
DA:10,2
LF:6
LH:6
BRF:0
BRH:0
end_of_record
TN:
SF:api\utilities\authUtils.js
FN:7,(anonymous_0)
FN:12,(anonymous_1)
FN:17,(anonymous_2)
FN:27,(anonymous_3)
FN:39,(anonymous_4)
FNF:5
FNH:4
FNDA:0,(anonymous_0)
FNDA:1,(anonymous_1)
FNDA:1,(anonymous_2)
FNDA:2,(anonymous_3)
FNDA:5,(anonymous_4)
DA:1,1
DA:3,1
DA:5,1
DA:7,1
DA:9,0
DA:12,1
DA:13,1
DA:17,1
DA:19,1
DA:27,1
DA:29,2
DA:31,2
DA:35,0
DA:39,1
DA:41,5
LF:15
LH:13
BRF:0
BRH:0
end_of_record
TN:
SF:api\utilities\emailUtils.js
FN:3,sendEmail
FNF:1
FNH:0
FNDA:0,sendEmail
DA:1,1
DA:4,0
DA:14,0
DA:21,0
DA:24,1
LF:5
LH:2
BRF:0
BRH:0
end_of_record
